Using pre-set license
Built from '2022.3/staging' branch; Version is '2022.3.8f1 (b5eafc012955) revision 11922172'; Using compiler version '192829333'; Build Type 'Release'
OS: 'Windows 10  (10.0.19045) 64bit Core' Language: 'ko' Physical Memory: 15724 MB
BatchMode: 1, IsHumanControllingUs: 0, StartBugReporterOnCrash: 0, Is64bit: 1, IsPro: 1

COMMAND LINE ARGUMENTS:
C:\Program Files\Unity\Hub\Editor\2022.3.8f1\Editor\Unity.exe
-adb2
-batchMode
-noUpm
-name
AssetImportWorker3
-projectPath
E:/Work/Result/Programming/Unity/GitHub/SemiConductor_Simul/SC Simul
-logFile
Logs/AssetImportWorker3.log
-srvPort
55694
Successfully changed project path to: E:/Work/Result/Programming/Unity/GitHub/SemiConductor_Simul/SC Simul
E:/Work/Result/Programming/Unity/GitHub/SemiConductor_Simul/SC Simul
[UnityMemory] Configuration Parameters - Can be set up in boot.config
    "memorysetup-bucket-allocator-granularity=16"
    "memorysetup-bucket-allocator-bucket-count=8"
    "memorysetup-bucket-allocator-block-size=33554432"
    "memorysetup-bucket-allocator-block-count=8"
    "memorysetup-main-allocator-block-size=16777216"
    "memorysetup-thread-allocator-block-size=16777216"
    "memorysetup-gfx-main-allocator-block-size=16777216"
    "memorysetup-gfx-thread-allocator-block-size=16777216"
    "memorysetup-cache-allocator-block-size=4194304"
    "memorysetup-typetree-allocator-block-size=2097152"
    "memorysetup-profiler-bucket-allocator-granularity=16"
    "memorysetup-profiler-bucket-allocator-bucket-count=8"
    "memorysetup-profiler-bucket-allocator-block-size=33554432"
    "memorysetup-profiler-bucket-allocator-block-count=8"
    "memorysetup-profiler-allocator-block-size=16777216"
    "memorysetup-profiler-editor-allocator-block-size=1048576"
    "memorysetup-temp-allocator-size-main=16777216"
    "memorysetup-job-temp-allocator-block-size=2097152"
    "memorysetup-job-temp-allocator-block-size-background=1048576"
    "memorysetup-job-temp-allocator-reduction-small-platforms=262144"
    "memorysetup-allocator-temp-initial-block-size-main=262144"
    "memorysetup-allocator-temp-initial-block-size-worker=262144"
    "memorysetup-temp-allocator-size-background-worker=32768"
    "memorysetup-temp-allocator-size-job-worker=262144"
    "memorysetup-temp-allocator-size-preload-manager=33554432"
    "memorysetup-temp-allocator-size-nav-mesh-worker=65536"
    "memorysetup-temp-allocator-size-audio-worker=65536"
    "memorysetup-temp-allocator-size-cloud-worker=32768"
    "memorysetup-temp-allocator-size-gi-baking-worker=262144"
    "memorysetup-temp-allocator-size-gfx=262144"
Player connection [27568] Host "[IP] 192.168.0.8 [Port] 0 [Flags] 2 [Guid] 2416209670 [EditorId] 2416209670 [Version] 1048832 [Id] WindowsEditor(7,DESKTOP-6P41P01) [Debug] 1 [PackageName] WindowsEditor [ProjectName] Editor" joined multi-casting on [225.0.0.222:54997]...

Player connection [27568] Host "[IP] 192.168.0.8 [Port] 0 [Flags] 2 [Guid] 2416209670 [EditorId] 2416209670 [Version] 1048832 [Id] WindowsEditor(7,DESKTOP-6P41P01) [Debug] 1 [PackageName] WindowsEditor [ProjectName] Editor" joined alternative multi-casting on [225.0.0.222:34997]...

[Physics::Module] Initialized MultithreadedJobDispatcher with 15 workers.
Refreshing native plugins compatible for Editor in 5.18 ms, found 4 plugins.
Preloading 0 native plugins for Editor in 0.00 ms.
Initialize engine version: 2022.3.8f1 (b5eafc012955)
[Subsystems] Discovering subsystems at path C:/Program Files/Unity/Hub/Editor/2022.3.8f1/Editor/Data/Resources/UnitySubsystems
[Subsystems] Discovering subsystems at path E:/Work/Result/Programming/Unity/GitHub/SemiConductor_Simul/SC Simul/Assets
GfxDevice: creating device client; threaded=0; jobified=0
Direct3D:
    Version:  Direct3D 11.0 [level 11.1]
    Renderer: NVIDIA GeForce RTX 3050 Ti Laptop GPU (ID=0x25a0)
    Vendor:   NVIDIA
    VRAM:     3976 MB
    Driver:   31.0.15.2824
Initialize mono
Mono path[0] = 'C:/Program Files/Unity/Hub/Editor/2022.3.8f1/Editor/Data/Managed'
Mono path[1] = 'C:/Program Files/Unity/Hub/Editor/2022.3.8f1/Editor/Data/MonoBleedingEdge/lib/mono/unityjit-win32'
Mono config path = 'C:/Program Files/Unity/Hub/Editor/2022.3.8f1/Editor/Data/MonoBleedingEdge/etc'
Using monoOptions --debugger-agent=transport=dt_socket,embedding=1,server=y,suspend=n,address=127.0.0.1:56664
Begin MonoManager ReloadAssembly
Registering precompiled unity dll's ...
Register platform support module: C:/Program Files/Unity/Hub/Editor/2022.3.8f1/Editor/Data/PlaybackEngines/AndroidPlayer/UnityEditor.Android.Extensions.dll
Register platform support module: C:/Program Files/Unity/Hub/Editor/2022.3.8f1/Editor/Data/PlaybackEngines/WindowsStandaloneSupport/UnityEditor.WindowsStandalone.Extensions.dll
Registered in 0.008333 seconds.
- Loaded All Assemblies, in  0.292 seconds
Native extension for WindowsStandalone target not found
Native extension for Android target not found
Android Extension - Scanning For ADB Devices 384 ms
Mono: successfully reloaded assembly
- Finished resetting the current domain, in  0.646 seconds
Domain Reload Profiling: 936ms
	BeginReloadAssembly (89ms)
		ExecutionOrderSort (0ms)
		DisableScriptedObjects (0ms)
		BackupInstance (0ms)
		ReleaseScriptingObjects (0ms)
		CreateAndSetChildDomain (1ms)
	RebuildCommonClasses (27ms)
	RebuildNativeTypeToScriptingClass (8ms)
	initialDomainReloadingComplete (50ms)
	LoadAllAssembliesAndSetupDomain (115ms)
		LoadAssemblies (88ms)
		RebuildTransferFunctionScriptingTraits (0ms)
		AnalyzeDomain (113ms)
			TypeCache.Refresh (111ms)
				TypeCache.ScanAssembly (100ms)
			ScanForSourceGeneratedMonoScriptInfo (0ms)
			ResolveRequiredComponents (0ms)
	FinalizeReload (646ms)
		ReleaseScriptCaches (0ms)
		RebuildScriptCaches (0ms)
		SetupLoadedEditorAssemblies (600ms)
			LogAssemblyErrors (0ms)
			InitializePlatformSupportModulesInManaged (477ms)
			SetLoadedEditorAssemblies (3ms)
			RefreshPlugins (0ms)
			BeforeProcessingInitializeOnLoad (2ms)
			ProcessInitializeOnLoadAttributes (82ms)
			ProcessInitializeOnLoadMethodAttributes (37ms)
			AfterProcessingInitializeOnLoad (0ms)
			EditorAssembliesLoaded (0ms)
		ExecutionOrderSort2 (0ms)
		AwakeInstancesAfterBackupRestoration (0ms)
========================================================================
Worker process is ready to serve import requests
Begin MonoManager ReloadAssembly
- Loaded All Assemblies, in  0.506 seconds
Refreshing native plugins compatible for Editor in 1.81 ms, found 4 plugins.
Native extension for WindowsStandalone target not found
Native extension for Android target not found
Package Manager log level set to [2]
[Package Manager] Server::EnsureServerProcessIsRunning -- launch failed, reason: Unity was launched with the -noUpm command-line argument
[Package Manager] UpmClient::Send -- Unable to send message (not connected to UPM process).
[Package Manager] Cannot connect to Unity Package Manager local server
Mono: successfully reloaded assembly
- Finished resetting the current domain, in  0.466 seconds
Domain Reload Profiling: 971ms
	BeginReloadAssembly (124ms)
		ExecutionOrderSort (0ms)
		DisableScriptedObjects (4ms)
		BackupInstance (0ms)
		ReleaseScriptingObjects (0ms)
		CreateAndSetChildDomain (22ms)
	RebuildCommonClasses (26ms)
	RebuildNativeTypeToScriptingClass (8ms)
	initialDomainReloadingComplete (35ms)
	LoadAllAssembliesAndSetupDomain (310ms)
		LoadAssemblies (240ms)
		RebuildTransferFunctionScriptingTraits (0ms)
		AnalyzeDomain (142ms)
			TypeCache.Refresh (125ms)
				TypeCache.ScanAssembly (112ms)
			ScanForSourceGeneratedMonoScriptInfo (12ms)
			ResolveRequiredComponents (3ms)
	FinalizeReload (467ms)
		ReleaseScriptCaches (0ms)
		RebuildScriptCaches (0ms)
		SetupLoadedEditorAssemblies (348ms)
			LogAssemblyErrors (0ms)
			InitializePlatformSupportModulesInManaged (21ms)
			SetLoadedEditorAssemblies (4ms)
			RefreshPlugins (0ms)
			BeforeProcessingInitializeOnLoad (56ms)
			ProcessInitializeOnLoadAttributes (246ms)
			ProcessInitializeOnLoadMethodAttributes (15ms)
			AfterProcessingInitializeOnLoad (6ms)
			EditorAssembliesLoaded (0ms)
		ExecutionOrderSort2 (0ms)
		AwakeInstancesAfterBackupRestoration (5ms)
Launched and connected shader compiler UnityShaderCompiler.exe after 0.08 seconds
Refreshing native plugins compatible for Editor in 1.72 ms, found 4 plugins.
Preloading 0 native plugins for Editor in 0.00 ms.
Unloading 3319 Unused Serialized files (Serialized files now loaded: 0)
Unloading 34 unused Assets / (58.5 KB). Loaded Objects now: 3787.
Memory consumption went from 204.0 MB to 204.0 MB.
Total: 3.288600 ms (FindLiveObjects: 0.257400 ms CreateObjectMapping: 0.172100 ms MarkObjects: 2.737800 ms  DeleteObjects: 0.119700 ms)

AssetImportParameters requested are different than current active one (requested -> active):
  custom:container-demuxer-ogg: 62fdf1f143b41e24485cea50d1cbac27 -> 
  custom:video-decoder-ogg-theora: a1e56fd34408186e4bbccfd4996cb3dc -> 
  custom:framework-win-MediaFoundation: 216162199b28c13a410421893ffa2e32 -> 
  custom:CustomObjectIndexerAttribute: 756ad292c208cfabdd7b50bc23989ffe -> 
  custom:container-demuxer-webm: 4f35f7cbe854078d1ac9338744f61a02 -> 
  custom:container-muxer-webm: aa71ff27fc2769a1b78a27578f13a17b -> 
  custom:video-decoder-webm-vp8: 9c59270c3fd7afecdb556c50c9e8de78 -> 
  custom:SearchIndexIgnoredProperties: e643bd26f0fe6173181afceb89e7c659 -> 
  custom:AudioImporter_EditorPlatform: d09bf68614088b80899f8185d706f6e7 -> 
  custom:video-encoder-webm-vp8: eb34c28f22e8b96e1ab97ce403110664 -> 
  custom:audio-decoder-ogg-vorbis: bf7c407c2cedff20999df2af8eb42d56 -> 
  custom:audio-encoder-webm-vorbis: bf7c407c2cedff20999df2af8eb42d56 -> 
========================================================================
Received Prepare
Begin MonoManager ReloadAssembly
- Loaded All Assemblies, in  0.372 seconds
Refreshing native plugins compatible for Editor in 1.96 ms, found 4 plugins.
Native extension for WindowsStandalone target not found
Native extension for Android target not found
[Package Manager] Server::EnsureServerProcessIsRunning -- launch failed, reason: Unity was launched with the -noUpm command-line argument
[Package Manager] UpmClient::Send -- Unable to send message (not connected to UPM process).
[Package Manager] Cannot connect to Unity Package Manager local server
Mono: successfully reloaded assembly
- Finished resetting the current domain, in  0.652 seconds
Domain Reload Profiling: 1022ms
	BeginReloadAssembly (140ms)
		ExecutionOrderSort (0ms)
		DisableScriptedObjects (5ms)
		BackupInstance (0ms)
		ReleaseScriptingObjects (0ms)
		CreateAndSetChildDomain (35ms)
	RebuildCommonClasses (26ms)
	RebuildNativeTypeToScriptingClass (8ms)
	initialDomainReloadingComplete (26ms)
	LoadAllAssembliesAndSetupDomain (171ms)
		LoadAssemblies (232ms)
		RebuildTransferFunctionScriptingTraits (0ms)
		AnalyzeDomain (10ms)
			TypeCache.Refresh (5ms)
				TypeCache.ScanAssembly (0ms)
			ScanForSourceGeneratedMonoScriptInfo (0ms)
			ResolveRequiredComponents (3ms)
	FinalizeReload (652ms)
		ReleaseScriptCaches (0ms)
		RebuildScriptCaches (0ms)
		SetupLoadedEditorAssemblies (321ms)
			LogAssemblyErrors (0ms)
			InitializePlatformSupportModulesInManaged (24ms)
			SetLoadedEditorAssemblies (4ms)
			RefreshPlugins (0ms)
			BeforeProcessingInitializeOnLoad (58ms)
			ProcessInitializeOnLoadAttributes (214ms)
			ProcessInitializeOnLoadMethodAttributes (15ms)
			AfterProcessingInitializeOnLoad (7ms)
			EditorAssembliesLoaded (0ms)
		ExecutionOrderSort2 (0ms)
		AwakeInstancesAfterBackupRestoration (5ms)
Refreshing native plugins compatible for Editor in 1.92 ms, found 4 plugins.
Preloading 0 native plugins for Editor in 0.00 ms.
Unloading 3298 Unused Serialized files (Serialized files now loaded: 0)
Unloading 25 unused Assets / (32.1 KB). Loaded Objects now: 3790.
Memory consumption went from 198.5 MB to 198.4 MB.
Total: 3.871500 ms (FindLiveObjects: 0.304400 ms CreateObjectMapping: 0.250300 ms MarkObjects: 3.259300 ms  DeleteObjects: 0.056400 ms)

Prepare: number of updated asset objects reloaded= 0
AssetImportParameters requested are different than current active one (requested -> active):
  custom:container-demuxer-ogg: 62fdf1f143b41e24485cea50d1cbac27 -> 
  custom:video-decoder-ogg-theora: a1e56fd34408186e4bbccfd4996cb3dc -> 
  custom:framework-win-MediaFoundation: 216162199b28c13a410421893ffa2e32 -> 
  custom:CustomObjectIndexerAttribute: 756ad292c208cfabdd7b50bc23989ffe -> 
  custom:container-demuxer-webm: 4f35f7cbe854078d1ac9338744f61a02 -> 
  custom:container-muxer-webm: aa71ff27fc2769a1b78a27578f13a17b -> 
  custom:video-decoder-webm-vp8: 9c59270c3fd7afecdb556c50c9e8de78 -> 
  custom:SearchIndexIgnoredProperties: e643bd26f0fe6173181afceb89e7c659 -> 
  custom:AudioImporter_EditorPlatform: d09bf68614088b80899f8185d706f6e7 -> 
  custom:video-encoder-webm-vp8: eb34c28f22e8b96e1ab97ce403110664 -> 
  custom:audio-decoder-ogg-vorbis: bf7c407c2cedff20999df2af8eb42d56 -> 
  custom:audio-encoder-webm-vorbis: bf7c407c2cedff20999df2af8eb42d56 -> 
========================================================================
Received Import Request.
  Time since last request: 1701042.958543 seconds.
  path: Assets/Assets/Laboratory/Models/Props/Hardware/Centrifuge02/Materials/Centrifuge02.mat
  artifactKey: Guid(a062c544a0529a141afe6bbd1e7c3b10) Importer(815301076,1909f56bfc062723c751e8b465ee728b)
Start importing Assets/Assets/Laboratory/Models/Props/Hardware/Centrifuge02/Materials/Centrifuge02.mat using Guid(a062c544a0529a141afe6bbd1e7c3b10) Importer(815301076,1909f56bfc062723c751e8b465ee728b)  -> (artifact id: 'f2a1258613d1fc8a9d141752af5e8244') in 0.130596 seconds
Number of updated asset objects reloaded before import = 0
Number of asset objects unloaded after import = 5
========================================================================
Received Import Request.
  Time since last request: 0.000037 seconds.
  path: Assets/Assets/Laboratory/Models/Props/Organic/Egg03/Materials/Egg03.mat
  artifactKey: Guid(27c77e610c044f34f9b248dd45f64461) Importer(815301076,1909f56bfc062723c751e8b465ee728b)
Start importing Assets/Assets/Laboratory/Models/Props/Organic/Egg03/Materials/Egg03.mat using Guid(27c77e610c044f34f9b248dd45f64461) Importer(815301076,1909f56bfc062723c751e8b465ee728b)  -> (artifact id: 'e03dfd3ea9332ad86108244ba032e8dd') in 0.043199 seconds
Number of updated asset objects reloaded before import = 0
Number of asset objects unloaded after import = 5
========================================================================
Received Import Request.
  Time since last request: 0.000036 seconds.
  path: Assets/Assets/Laboratory/Models/Furniture/Desk/Materials/Desk03BloodGreen.mat
  artifactKey: Guid(98df5cd0ad38fc248ae53aaa9d48ca64) Importer(815301076,1909f56bfc062723c751e8b465ee728b)
Start importing Assets/Assets/Laboratory/Models/Furniture/Desk/Materials/Desk03BloodGreen.mat using Guid(98df5cd0ad38fc248ae53aaa9d48ca64) Importer(815301076,1909f56bfc062723c751e8b465ee728b)  -> (artifact id: 'cea3d839508ef1fc572a5647b35c3ce3') in 0.097946 seconds
Number of updated asset objects reloaded before import = 0
Number of asset objects unloaded after import = 4
========================================================================
Received Import Request.
  Time since last request: 0.000021 seconds.
  path: Assets/Assets/Laboratory/Models/Props/Hardware/Centrifuge03/Materials/Centrifuge03.mat
  artifactKey: Guid(c3ee910968056d045bed70e9f8c45741) Importer(815301076,1909f56bfc062723c751e8b465ee728b)
Start importing Assets/Assets/Laboratory/Models/Props/Hardware/Centrifuge03/Materials/Centrifuge03.mat using Guid(c3ee910968056d045bed70e9f8c45741) Importer(815301076,1909f56bfc062723c751e8b465ee728b)  -> (artifact id: '393d3892a1ccdea5e4f0093d964c34e5') in 0.042465 seconds
Number of updated asset objects reloaded before import = 0
Number of asset objects unloaded after import = 5
========================================================================
Received Import Request.
  Time since last request: 0.000017 seconds.
  path: Assets/Assets/Laboratory/Models/Props/Organic/Egg02/Materials/Egg02.mat
  artifactKey: Guid(91bea1f83b198c743ba9574c3298892b) Importer(815301076,1909f56bfc062723c751e8b465ee728b)
Start importing Assets/Assets/Laboratory/Models/Props/Organic/Egg02/Materials/Egg02.mat using Guid(91bea1f83b198c743ba9574c3298892b) Importer(815301076,1909f56bfc062723c751e8b465ee728b)  -> (artifact id: '3137ce28372a01eaa33824c9f8f7b1b0') in 0.038416 seconds
Number of updated asset objects reloaded before import = 0
Number of asset objects unloaded after import = 5
========================================================================
Received Import Request.
  Time since last request: 0.000018 seconds.
  path: Assets/Assets/Laboratory/Textures/Surfaces/Concrete/Materials/Concrete01.mat
  artifactKey: Guid(34b3a3fa3eda5dc47b04477b5b665d22) Importer(815301076,1909f56bfc062723c751e8b465ee728b)
Start importing Assets/Assets/Laboratory/Textures/Surfaces/Concrete/Materials/Concrete01.mat using Guid(34b3a3fa3eda5dc47b04477b5b665d22) Importer(815301076,1909f56bfc062723c751e8b465ee728b)  -> (artifact id: 'ba0776b38e960a69260308d2681f526e') in 0.039150 seconds
Number of updated asset objects reloaded before import = 0
Number of asset objects unloaded after import = 4
========================================================================
Received Import Request.
  Time since last request: 1.387116 seconds.
  path: Assets/Assets/Laboratory/Textures/Surfaces/FloorLino/Materials/FloorLino01Blue.mat
  artifactKey: Guid(50bbabaca623086449859c7cea3fa87c) Importer(815301076,1909f56bfc062723c751e8b465ee728b)
Start importing Assets/Assets/Laboratory/Textures/Surfaces/FloorLino/Materials/FloorLino01Blue.mat using Guid(50bbabaca623086449859c7cea3fa87c) Importer(815301076,1909f56bfc062723c751e8b465ee728b)  -> (artifact id: '030305a71d0fcae037f7fddf4b3fcf06') in 0.041400 seconds
Number of updated asset objects reloaded before import = 0
Number of asset objects unloaded after import = 3
========================================================================
Received Import Request.
  Time since last request: 0.000021 seconds.
  path: Assets/Assets/Laboratory/Textures/Surfaces/Materials/GlassOptics.mat
  artifactKey: Guid(92f28398363556c4ebf6781fab89f13f) Importer(815301076,1909f56bfc062723c751e8b465ee728b)
Start importing Assets/Assets/Laboratory/Textures/Surfaces/Materials/GlassOptics.mat using Guid(92f28398363556c4ebf6781fab89f13f) Importer(815301076,1909f56bfc062723c751e8b465ee728b)  -> (artifact id: 'ee63c0ed7a083f06b60fe644324c2ef5') in 0.023466 seconds
Number of updated asset objects reloaded before import = 0
Number of asset objects unloaded after import = 1
========================================================================
Received Import Request.
  Time since last request: 0.000020 seconds.
  path: Assets/Assets/Laboratory/Textures/Surfaces/FloorTiles/Materials/FloorTiles01.mat
  artifactKey: Guid(780e2b0cbd6d5b5409640626ff44f17b) Importer(815301076,1909f56bfc062723c751e8b465ee728b)
Start importing Assets/Assets/Laboratory/Textures/Surfaces/FloorTiles/Materials/FloorTiles01.mat using Guid(780e2b0cbd6d5b5409640626ff44f17b) Importer(815301076,1909f56bfc062723c751e8b465ee728b)  -> (artifact id: '45af00310b8534ef9f4a446ee6fbb571') in 0.048344 seconds
Number of updated asset objects reloaded before import = 0
Number of asset objects unloaded after import = 4
========================================================================
Received Import Request.
  Time since last request: 0.000028 seconds.
  path: Assets/Assets/Laboratory/Textures/Surfaces/Materials/Glass.mat
  artifactKey: Guid(f12925d36442b984bb3e13876febe400) Importer(815301076,1909f56bfc062723c751e8b465ee728b)
Start importing Assets/Assets/Laboratory/Textures/Surfaces/Materials/Glass.mat using Guid(f12925d36442b984bb3e13876febe400) Importer(815301076,1909f56bfc062723c751e8b465ee728b)  -> (artifact id: 'ac588f6f0be9ad0304a52922baf25bc5') in 0.015160 seconds
Number of updated asset objects reloaded before import = 0
Number of asset objects unloaded after import = 1
========================================================================
Received Import Request.
  Time since last request: 0.000017 seconds.
  path: Assets/Assets/Laboratory/Textures/Surfaces/FloorLino/Materials/FloorLino01Green.mat
  artifactKey: Guid(f1c369c866b3407468fab1f0248415f6) Importer(815301076,1909f56bfc062723c751e8b465ee728b)
Start importing Assets/Assets/Laboratory/Textures/Surfaces/FloorLino/Materials/FloorLino01Green.mat using Guid(f1c369c866b3407468fab1f0248415f6) Importer(815301076,1909f56bfc062723c751e8b465ee728b)  -> (artifact id: 'c28ee003dca457e21a566de0f889b419') in 0.021629 seconds
Number of updated asset objects reloaded before import = 0
Number of asset objects unloaded after import = 3
========================================================================
Received Import Request.
  Time since last request: 0.000017 seconds.
  path: Assets/Assets/Laboratory/Textures/Surfaces/Materials/GlassTintedBlue.mat
  artifactKey: Guid(b5960e17df66eaf438d77081c1de01e8) Importer(815301076,1909f56bfc062723c751e8b465ee728b)
Start importing Assets/Assets/Laboratory/Textures/Surfaces/Materials/GlassTintedBlue.mat using Guid(b5960e17df66eaf438d77081c1de01e8) Importer(815301076,1909f56bfc062723c751e8b465ee728b)  -> (artifact id: '6ee21b202128047045c046fcddaf3215') in 0.023978 seconds
Number of updated asset objects reloaded before import = 0
Number of asset objects unloaded after import = 1
========================================================================
Received Import Request.
  Time since last request: 0.000020 seconds.
  path: Assets/Assets/Laboratory/Textures/Surfaces/FloorTiles/Materials/FloorTiles02b.mat
  artifactKey: Guid(8fc9164aa860ad746845ebc483a717d4) Importer(815301076,1909f56bfc062723c751e8b465ee728b)
Start importing Assets/Assets/Laboratory/Textures/Surfaces/FloorTiles/Materials/FloorTiles02b.mat using Guid(8fc9164aa860ad746845ebc483a717d4) Importer(815301076,1909f56bfc062723c751e8b465ee728b)  -> (artifact id: '5b956d9327e61d30435ba8915efa961b') in 0.058771 seconds
Number of updated asset objects reloaded before import = 0
Number of asset objects unloaded after import = 5
========================================================================
Received Import Request.
  Time since last request: 0.000018 seconds.
  path: Assets/Assets/Laboratory/Textures/Surfaces/FloorLino/Materials/FloorLino01Yellow.mat
  artifactKey: Guid(785c6cd07cd1cb143a0085149402e2bd) Importer(815301076,1909f56bfc062723c751e8b465ee728b)
Start importing Assets/Assets/Laboratory/Textures/Surfaces/FloorLino/Materials/FloorLino01Yellow.mat using Guid(785c6cd07cd1cb143a0085149402e2bd) Importer(815301076,1909f56bfc062723c751e8b465ee728b)  -> (artifact id: '8fd188242957d4783b061524af378ee1') in 0.020494 seconds
Number of updated asset objects reloaded before import = 0
Number of asset objects unloaded after import = 3
========================================================================
Received Import Request.
  Time since last request: 0.000023 seconds.
  path: Assets/Assets/Laboratory/Textures/Surfaces/FloorTiles/Materials/FloorTiles02.mat
  artifactKey: Guid(5e36ca8b3cacc794cad5b3be0fb625be) Importer(815301076,1909f56bfc062723c751e8b465ee728b)
Start importing Assets/Assets/Laboratory/Textures/Surfaces/FloorTiles/Materials/FloorTiles02.mat using Guid(5e36ca8b3cacc794cad5b3be0fb625be) Importer(815301076,1909f56bfc062723c751e8b465ee728b)  -> (artifact id: '3a739edb8e315284cc477531b72f925a') in 0.031132 seconds
Number of updated asset objects reloaded before import = 0
Number of asset objects unloaded after import = 5
========================================================================
Received Import Request.
  Time since last request: 0.000017 seconds.
  path: Assets/Assets/Laboratory/Textures/Surfaces/Materials/GlassTinted.mat
  artifactKey: Guid(778ae54e2794e2745a2728e2fc3e16af) Importer(815301076,1909f56bfc062723c751e8b465ee728b)
Start importing Assets/Assets/Laboratory/Textures/Surfaces/Materials/GlassTinted.mat using Guid(778ae54e2794e2745a2728e2fc3e16af) Importer(815301076,1909f56bfc062723c751e8b465ee728b)  -> (artifact id: '035f00e5808a91b2762a972ffda3c900') in 0.013447 seconds
Number of updated asset objects reloaded before import = 0
Number of asset objects unloaded after import = 1
========================================================================
Received Prepare
Begin MonoManager ReloadAssembly
- Loaded All Assemblies, in  0.448 seconds
Refreshing native plugins compatible for Editor in 1.87 ms, found 4 plugins.
Native extension for WindowsStandalone target not found
Native extension for Android target not found
[Package Manager] Server::EnsureServerProcessIsRunning -- launch failed, reason: Unity was launched with the -noUpm command-line argument
[Package Manager] UpmClient::Send -- Unable to send message (not connected to UPM process).
[Package Manager] Cannot connect to Unity Package Manager local server
Mono: successfully reloaded assembly
- Finished resetting the current domain, in  0.680 seconds
Domain Reload Profiling: 1126ms
	BeginReloadAssembly (180ms)
		ExecutionOrderSort (0ms)
		DisableScriptedObjects (4ms)
		BackupInstance (0ms)
		ReleaseScriptingObjects (0ms)
		CreateAndSetChildDomain (50ms)
	RebuildCommonClasses (38ms)
	RebuildNativeTypeToScriptingClass (9ms)
	initialDomainReloadingComplete (30ms)
	LoadAllAssembliesAndSetupDomain (189ms)
		LoadAssemblies (276ms)
		RebuildTransferFunctionScriptingTraits (0ms)
		AnalyzeDomain (10ms)
			TypeCache.Refresh (5ms)
				TypeCache.ScanAssembly (0ms)
			ScanForSourceGeneratedMonoScriptInfo (0ms)
			ResolveRequiredComponents (3ms)
	FinalizeReload (680ms)
		ReleaseScriptCaches (0ms)
		RebuildScriptCaches (0ms)
		SetupLoadedEditorAssemblies (348ms)
			LogAssemblyErrors (0ms)
			InitializePlatformSupportModulesInManaged (24ms)
			SetLoadedEditorAssemblies (4ms)
			RefreshPlugins (0ms)
			BeforeProcessingInitializeOnLoad (62ms)
			ProcessInitializeOnLoadAttributes (234ms)
			ProcessInitializeOnLoadMethodAttributes (17ms)
			AfterProcessingInitializeOnLoad (7ms)
			EditorAssembliesLoaded (0ms)
		ExecutionOrderSort2 (0ms)
		AwakeInstancesAfterBackupRestoration (6ms)
Refreshing native plugins compatible for Editor in 1.89 ms, found 4 plugins.
Preloading 0 native plugins for Editor in 0.00 ms.
Unloading 3297 Unused Serialized files (Serialized files now loaded: 0)
Unloading 25 unused Assets / (32.0 KB). Loaded Objects now: 3833.
Memory consumption went from 198.6 MB to 198.6 MB.
Total: 3.500100 ms (FindLiveObjects: 0.296900 ms CreateObjectMapping: 0.215300 ms MarkObjects: 2.932300 ms  DeleteObjects: 0.054900 ms)

Prepare: number of updated asset objects reloaded= 0
AssetImportParameters requested are different than current active one (requested -> active):
  custom:container-demuxer-ogg: 62fdf1f143b41e24485cea50d1cbac27 -> 
  custom:video-decoder-ogg-theora: a1e56fd34408186e4bbccfd4996cb3dc -> 
  custom:framework-win-MediaFoundation: 216162199b28c13a410421893ffa2e32 -> 
  custom:CustomObjectIndexerAttribute: 756ad292c208cfabdd7b50bc23989ffe -> 
  custom:container-demuxer-webm: 4f35f7cbe854078d1ac9338744f61a02 -> 
  custom:container-muxer-webm: aa71ff27fc2769a1b78a27578f13a17b -> 
  custom:video-decoder-webm-vp8: 9c59270c3fd7afecdb556c50c9e8de78 -> 
  custom:SearchIndexIgnoredProperties: e643bd26f0fe6173181afceb89e7c659 -> 
  custom:AudioImporter_EditorPlatform: d09bf68614088b80899f8185d706f6e7 -> 
  custom:video-encoder-webm-vp8: eb34c28f22e8b96e1ab97ce403110664 -> 
  custom:audio-decoder-ogg-vorbis: bf7c407c2cedff20999df2af8eb42d56 -> 
  custom:audio-encoder-webm-vorbis: bf7c407c2cedff20999df2af8eb42d56 -> 
========================================================================
Received Prepare
Begin MonoManager ReloadAssembly
- Loaded All Assemblies, in  0.380 seconds
Refreshing native plugins compatible for Editor in 2.03 ms, found 4 plugins.
Native extension for WindowsStandalone target not found
Native extension for Android target not found
[Package Manager] Server::EnsureServerProcessIsRunning -- launch failed, reason: Unity was launched with the -noUpm command-line argument
[Package Manager] UpmClient::Send -- Unable to send message (not connected to UPM process).
[Package Manager] Cannot connect to Unity Package Manager local server
Mono: successfully reloaded assembly
- Finished resetting the current domain, in  0.665 seconds
Domain Reload Profiling: 1044ms
	BeginReloadAssembly (142ms)
		ExecutionOrderSort (0ms)
		DisableScriptedObjects (4ms)
		BackupInstance (0ms)
		ReleaseScriptingObjects (0ms)
		CreateAndSetChildDomain (36ms)
	RebuildCommonClasses (26ms)
	RebuildNativeTypeToScriptingClass (8ms)
	initialDomainReloadingComplete (24ms)
	LoadAllAssembliesAndSetupDomain (178ms)
		LoadAssemblies (238ms)
		RebuildTransferFunctionScriptingTraits (0ms)
		AnalyzeDomain (14ms)
			TypeCache.Refresh (8ms)
				TypeCache.ScanAssembly (0ms)
			ScanForSourceGeneratedMonoScriptInfo (0ms)
			ResolveRequiredComponents (4ms)
	FinalizeReload (665ms)
		ReleaseScriptCaches (0ms)
		RebuildScriptCaches (0ms)
		SetupLoadedEditorAssemblies (338ms)
			LogAssemblyErrors (0ms)
			InitializePlatformSupportModulesInManaged (22ms)
			SetLoadedEditorAssemblies (4ms)
			RefreshPlugins (0ms)
			BeforeProcessingInitializeOnLoad (56ms)
			ProcessInitializeOnLoadAttributes (234ms)
			ProcessInitializeOnLoadMethodAttributes (16ms)
			AfterProcessingInitializeOnLoad (7ms)
			EditorAssembliesLoaded (0ms)
		ExecutionOrderSort2 (0ms)
		AwakeInstancesAfterBackupRestoration (5ms)
Refreshing native plugins compatible for Editor in 1.90 ms, found 4 plugins.
Preloading 0 native plugins for Editor in 0.00 ms.
Unloading 3298 Unused Serialized files (Serialized files now loaded: 0)
Unloading 25 unused Assets / (32.1 KB). Loaded Objects now: 3836.
Memory consumption went from 198.8 MB to 198.8 MB.
Total: 3.189700 ms (FindLiveObjects: 0.282900 ms CreateObjectMapping: 0.082800 ms MarkObjects: 2.766300 ms  DeleteObjects: 0.056700 ms)

Prepare: number of updated asset objects reloaded= 0
AssetImportParameters requested are different than current active one (requested -> active):
  custom:container-demuxer-ogg: 62fdf1f143b41e24485cea50d1cbac27 -> 
  custom:video-decoder-ogg-theora: a1e56fd34408186e4bbccfd4996cb3dc -> 
  custom:framework-win-MediaFoundation: 216162199b28c13a410421893ffa2e32 -> 
  custom:CustomObjectIndexerAttribute: 756ad292c208cfabdd7b50bc23989ffe -> 
  custom:container-demuxer-webm: 4f35f7cbe854078d1ac9338744f61a02 -> 
  custom:container-muxer-webm: aa71ff27fc2769a1b78a27578f13a17b -> 
  custom:video-decoder-webm-vp8: 9c59270c3fd7afecdb556c50c9e8de78 -> 
  custom:SearchIndexIgnoredProperties: e643bd26f0fe6173181afceb89e7c659 -> 
  custom:AudioImporter_EditorPlatform: d09bf68614088b80899f8185d706f6e7 -> 
  custom:video-encoder-webm-vp8: eb34c28f22e8b96e1ab97ce403110664 -> 
  custom:audio-decoder-ogg-vorbis: bf7c407c2cedff20999df2af8eb42d56 -> 
  custom:audio-encoder-webm-vorbis: bf7c407c2cedff20999df2af8eb42d56 -> 
========================================================================
Received Import Request.
  Time since last request: 2539.099677 seconds.
  path: Assets/Assets/Mark_Florquin_Packages/Clothing/Clothing on Hanger/Casual Jacket.prefab
  artifactKey: Guid(f4f81a52bb2e97547bb23a5486012642) Importer(815301076,1909f56bfc062723c751e8b465ee728b)
Start importing Assets/Assets/Mark_Florquin_Packages/Clothing/Clothing on Hanger/Casual Jacket.prefab using Guid(f4f81a52bb2e97547bb23a5486012642) Importer(815301076,1909f56bfc062723c751e8b465ee728b)  -> (artifact id: '2317cee03bfc1bf659b52396d25d85eb') in 0.142843 seconds
Number of updated asset objects reloaded before import = 0
Number of asset objects unloaded after import = 18
========================================================================
Received Import Request.
  Time since last request: 3.383053 seconds.
  path: Assets/Assets/Mark_Florquin_Packages/Clothing/Clothing on Hanger/Hanger.prefab
  artifactKey: Guid(f827522508887e04da33338b562da44e) Importer(815301076,1909f56bfc062723c751e8b465ee728b)
Start importing Assets/Assets/Mark_Florquin_Packages/Clothing/Clothing on Hanger/Hanger.prefab using Guid(f827522508887e04da33338b562da44e) Importer(815301076,1909f56bfc062723c751e8b465ee728b)  -> (artifact id: '77293b0bdbf993de12e95e21bcbe3147') in 0.013189 seconds
Number of updated asset objects reloaded before import = 0
Number of asset objects unloaded after import = 8
========================================================================
Received Import Request.
  Time since last request: 15.471148 seconds.
  path: Assets/Assets/Mark_Florquin_Packages/Clothing/Clothing on Hanger/Zebra Jacket.prefab
  artifactKey: Guid(58b96012377022244bd3cbf818d6d70c) Importer(815301076,1909f56bfc062723c751e8b465ee728b)
Start importing Assets/Assets/Mark_Florquin_Packages/Clothing/Clothing on Hanger/Zebra Jacket.prefab using Guid(58b96012377022244bd3cbf818d6d70c) Importer(815301076,1909f56bfc062723c751e8b465ee728b)  -> (artifact id: '1dd003580b796e05924a6bbb7a1a749b') in 0.045399 seconds
Number of updated asset objects reloaded before import = 0
Number of asset objects unloaded after import = 18
========================================================================
Received Import Request.
  Time since last request: 1.396783 seconds.
  path: Assets/Assets/Mark_Florquin_Packages/Clothing/Clothing on Hanger/Short Leather Jacket Closed.prefab
  artifactKey: Guid(8ec556597c066fb40bc1bcddfe4a25cb) Importer(815301076,1909f56bfc062723c751e8b465ee728b)
Start importing Assets/Assets/Mark_Florquin_Packages/Clothing/Clothing on Hanger/Short Leather Jacket Closed.prefab using Guid(8ec556597c066fb40bc1bcddfe4a25cb) Importer(815301076,1909f56bfc062723c751e8b465ee728b)  -> (artifact id: '6ef38a512333ccf3e60ae58891112f67') in 0.027917 seconds
Number of updated asset objects reloaded before import = 0
Number of asset objects unloaded after import = 18
========================================================================
Received Import Request.
  Time since last request: 0.956765 seconds.
  path: Assets/Assets/Mark_Florquin_Packages/Clothing/Clothing on Hanger/Shirt-1.prefab
  artifactKey: Guid(ec9e682e3942e8441b3efeeb494d6c0c) Importer(815301076,1909f56bfc062723c751e8b465ee728b)
Start importing Assets/Assets/Mark_Florquin_Packages/Clothing/Clothing on Hanger/Shirt-1.prefab using Guid(ec9e682e3942e8441b3efeeb494d6c0c) Importer(815301076,1909f56bfc062723c751e8b465ee728b)  -> (artifact id: '9371b02a479709994db6c06b74270dba') in 0.036904 seconds
Number of updated asset objects reloaded before import = 0
Number of asset objects unloaded after import = 18
========================================================================
Received Import Request.
  Time since last request: 1.505802 seconds.
  path: Assets/Assets/Mark_Florquin_Packages/Clothing/Clothing on Hanger/Shiny Jacket.prefab
  artifactKey: Guid(a7e498aa1b803cb4691c4e35ac42806b) Importer(815301076,1909f56bfc062723c751e8b465ee728b)
Start importing Assets/Assets/Mark_Florquin_Packages/Clothing/Clothing on Hanger/Shiny Jacket.prefab using Guid(a7e498aa1b803cb4691c4e35ac42806b) Importer(815301076,1909f56bfc062723c751e8b465ee728b)  -> (artifact id: 'bc66877ec98363fa7826e27ee5ffa5eb') in 0.045796 seconds
Number of updated asset objects reloaded before import = 0
Number of asset objects unloaded after import = 18
========================================================================
Received Import Request.
  Time since last request: 0.599654 seconds.
  path: Assets/Assets/Mark_Florquin_Packages/Clothing/Clothing on Hanger/Pull-1.prefab
  artifactKey: Guid(fa5db89e7d8baf24c971ea3ad1b2af87) Importer(815301076,1909f56bfc062723c751e8b465ee728b)
Start importing Assets/Assets/Mark_Florquin_Packages/Clothing/Clothing on Hanger/Pull-1.prefab using Guid(fa5db89e7d8baf24c971ea3ad1b2af87) Importer(815301076,1909f56bfc062723c751e8b465ee728b)  -> (artifact id: '3e0f3ef2d13df3284f4170830399f244') in 0.044007 seconds
Number of updated asset objects reloaded before import = 0
Number of asset objects unloaded after import = 18
========================================================================
Received Import Request.
  Time since last request: 6.442068 seconds.
  path: Assets/Assets/Mark_Florquin_Packages/Clothing/Clothing on Hanger/Scene
  artifactKey: Guid(a29509e15e1c2684f9493f56fa7cb4c0) Importer(815301076,1909f56bfc062723c751e8b465ee728b)
Start importing Assets/Assets/Mark_Florquin_Packages/Clothing/Clothing on Hanger/Scene using Guid(a29509e15e1c2684f9493f56fa7cb4c0) Importer(815301076,1909f56bfc062723c751e8b465ee728b)  -> (artifact id: '1a15f528d5ff71a075a1e5eb184cd957') in 0.000587 seconds
Number of updated asset objects reloaded before import = 0
Number of asset objects unloaded after import = 0
========================================================================
Received Import Request.
  Time since last request: 0.580329 seconds.
  path: Assets/Assets/Mark_Florquin_Packages/Clothing/Clothing on Hanger/Models
  artifactKey: Guid(c18d356c52176f944aaf81071c111935) Importer(815301076,1909f56bfc062723c751e8b465ee728b)
Start importing Assets/Assets/Mark_Florquin_Packages/Clothing/Clothing on Hanger/Models using Guid(c18d356c52176f944aaf81071c111935) Importer(815301076,1909f56bfc062723c751e8b465ee728b)  -> (artifact id: '557dcb032b5a5b3e1d0abe2281919f03') in 0.000490 seconds
Number of updated asset objects reloaded before import = 0
Number of asset objects unloaded after import = 0
========================================================================
Received Import Request.
  Time since last request: 1.273043 seconds.
  path: Assets/Assets/Mark_Florquin_Packages/Clothing/Clothing on Hanger/Models/Casual Jacket.obj
  artifactKey: Guid(c80ae966a3b8b844d85de15dc427eb2f) Importer(815301076,1909f56bfc062723c751e8b465ee728b)
Start importing Assets/Assets/Mark_Florquin_Packages/Clothing/Clothing on Hanger/Models/Casual Jacket.obj using Guid(c80ae966a3b8b844d85de15dc427eb2f) Importer(815301076,1909f56bfc062723c751e8b465ee728b)  -> (artifact id: '863d4d2e350da1be900e5eb70496580d') in 0.055814 seconds
Number of updated asset objects reloaded before import = 0
Number of asset objects unloaded after import = 10
========================================================================
Received Import Request.
  Time since last request: 0.981471 seconds.
  path: Assets/Assets/Mark_Florquin_Packages/Clothing/Clothing on Hanger/Models/Glitter Jacket.obj
  artifactKey: Guid(636154cd67266a9409f3abba52a4a2f2) Importer(815301076,1909f56bfc062723c751e8b465ee728b)
Start importing Assets/Assets/Mark_Florquin_Packages/Clothing/Clothing on Hanger/Models/Glitter Jacket.obj using Guid(636154cd67266a9409f3abba52a4a2f2) Importer(815301076,1909f56bfc062723c751e8b465ee728b)  -> (artifact id: '41e9a9e9ebb594ea3d688ee7c2074afa') in 0.024667 seconds
Number of updated asset objects reloaded before import = 0
Number of asset objects unloaded after import = 10
========================================================================
Received Import Request.
  Time since last request: 0.492363 seconds.
  path: Assets/Assets/Mark_Florquin_Packages/Clothing/Clothing on Hanger/Models/Hanger.obj
  artifactKey: Guid(878156de9ae7a9746958db5783f49998) Importer(815301076,1909f56bfc062723c751e8b465ee728b)
Start importing Assets/Assets/Mark_Florquin_Packages/Clothing/Clothing on Hanger/Models/Hanger.obj using Guid(878156de9ae7a9746958db5783f49998) Importer(815301076,1909f56bfc062723c751e8b465ee728b)  -> (artifact id: '7ac5ebd781b98f991a05221b1f340d8c') in 0.022078 seconds
Number of updated asset objects reloaded before import = 0
Number of asset objects unloaded after import = 10
========================================================================
Received Import Request.
  Time since last request: 0.550752 seconds.
  path: Assets/Assets/Mark_Florquin_Packages/Clothing/Clothing on Hanger/Models/Jeans Jacket.obj
  artifactKey: Guid(b48a5b016738d2d4c8e87105f751e9b0) Importer(815301076,1909f56bfc062723c751e8b465ee728b)
Start importing Assets/Assets/Mark_Florquin_Packages/Clothing/Clothing on Hanger/Models/Jeans Jacket.obj using Guid(b48a5b016738d2d4c8e87105f751e9b0) Importer(815301076,1909f56bfc062723c751e8b465ee728b)  -> (artifact id: '5569b41b36742c5f6adece828b648a81') in 0.031728 seconds
Number of updated asset objects reloaded before import = 0
Number of asset objects unloaded after import = 10
========================================================================
Received Import Request.
  Time since last request: 1.463495 seconds.
  path: Assets/Assets/Mark_Florquin_Packages/Clothing/Clothing on Hanger/Models/Leather Coat Closed.obj
  artifactKey: Guid(61b531d142d517c43ac33048aa9f264b) Importer(815301076,1909f56bfc062723c751e8b465ee728b)
Start importing Assets/Assets/Mark_Florquin_Packages/Clothing/Clothing on Hanger/Models/Leather Coat Closed.obj using Guid(61b531d142d517c43ac33048aa9f264b) Importer(815301076,1909f56bfc062723c751e8b465ee728b)  -> (artifact id: 'e8d49f998274d41ee1e6ad8c88cde476') in 0.025362 seconds
Number of updated asset objects reloaded before import = 0
Number of asset objects unloaded after import = 10
========================================================================
Received Import Request.
  Time since last request: 0.476423 seconds.
  path: Assets/Assets/Mark_Florquin_Packages/Clothing/Clothing on Hanger/Models/Leather Jacket Closed.obj
  artifactKey: Guid(68045b2aff35ffd4490cd18865da4fdf) Importer(815301076,1909f56bfc062723c751e8b465ee728b)
Start importing Assets/Assets/Mark_Florquin_Packages/Clothing/Clothing on Hanger/Models/Leather Jacket Closed.obj using Guid(68045b2aff35ffd4490cd18865da4fdf) Importer(815301076,1909f56bfc062723c751e8b465ee728b)  -> (artifact id: 'ade0d5b4a557d38bc5121778b2db4063') in 0.039706 seconds
Number of updated asset objects reloaded before import = 0
Number of asset objects unloaded after import = 10
========================================================================
Received Import Request.
  Time since last request: 0.601989 seconds.
  path: Assets/Assets/Mark_Florquin_Packages/Clothing/Clothing on Hanger/Models/Leather Jacket Closed 2.obj
  artifactKey: Guid(40260e68da64620459ff25699bd8630f) Importer(815301076,1909f56bfc062723c751e8b465ee728b)
Start importing Assets/Assets/Mark_Florquin_Packages/Clothing/Clothing on Hanger/Models/Leather Jacket Closed 2.obj using Guid(40260e68da64620459ff25699bd8630f) Importer(815301076,1909f56bfc062723c751e8b465ee728b)  -> (artifact id: 'f6dd3b8a61f492b1a35f195b6cb27167') in 0.043273 seconds
Number of updated asset objects reloaded before import = 0
Number of asset objects unloaded after import = 10
========================================================================
Received Import Request.
  Time since last request: 0.543229 seconds.
  path: Assets/Assets/Mark_Florquin_Packages/Clothing/Clothing on Hanger/Models/Leather Jacket Open.obj
  artifactKey: Guid(91257cd739ee31d4ca71d3461ec3aa47) Importer(815301076,1909f56bfc062723c751e8b465ee728b)
Start importing Assets/Assets/Mark_Florquin_Packages/Clothing/Clothing on Hanger/Models/Leather Jacket Open.obj using Guid(91257cd739ee31d4ca71d3461ec3aa47) Importer(815301076,1909f56bfc062723c751e8b465ee728b)  -> (artifact id: '31df00cc5b3ac48f0357056cd187cb44') in 0.043826 seconds
Number of updated asset objects reloaded before import = 0
Number of asset objects unloaded after import = 10
========================================================================
Received Import Request.
  Time since last request: 0.429715 seconds.
  path: Assets/Assets/Mark_Florquin_Packages/Clothing/Clothing on Hanger/Models/Leather Jacket Open 2.obj
  artifactKey: Guid(d7219ae0f9d6f874f892318e2cafc18d) Importer(815301076,1909f56bfc062723c751e8b465ee728b)
Start importing Assets/Assets/Mark_Florquin_Packages/Clothing/Clothing on Hanger/Models/Leather Jacket Open 2.obj using Guid(d7219ae0f9d6f874f892318e2cafc18d) Importer(815301076,1909f56bfc062723c751e8b465ee728b)  -> (artifact id: '62e36dc49e14a3b6efd65fa588a9230c') in 0.019807 seconds
Number of updated asset objects reloaded before import = 0
Number of asset objects unloaded after import = 10
========================================================================
Received Import Request.
  Time since last request: 0.368392 seconds.
  path: Assets/Assets/Mark_Florquin_Packages/Clothing/Clothing on Hanger/Models/Long Coat.obj
  artifactKey: Guid(db19b0b2773848c4db584bf5afb64feb) Importer(815301076,1909f56bfc062723c751e8b465ee728b)
Start importing Assets/Assets/Mark_Florquin_Packages/Clothing/Clothing on Hanger/Models/Long Coat.obj using Guid(db19b0b2773848c4db584bf5afb64feb) Importer(815301076,1909f56bfc062723c751e8b465ee728b)  -> (artifact id: 'bf5031f6383dc415248179de2e44e985') in 0.020638 seconds
Number of updated asset objects reloaded before import = 0
Number of asset objects unloaded after import = 10
========================================================================
Received Import Request.
  Time since last request: 0.359883 seconds.
  path: Assets/Assets/Mark_Florquin_Packages/Clothing/Clothing on Hanger/Models/Pull-1.obj
  artifactKey: Guid(b88c7327494e803478a6fa4493452eeb) Importer(815301076,1909f56bfc062723c751e8b465ee728b)
Start importing Assets/Assets/Mark_Florquin_Packages/Clothing/Clothing on Hanger/Models/Pull-1.obj using Guid(b88c7327494e803478a6fa4493452eeb) Importer(815301076,1909f56bfc062723c751e8b465ee728b)  -> (artifact id: '1d2925c8f797955e7518cb701d735572') in 0.019691 seconds
Number of updated asset objects reloaded before import = 0
Number of asset objects unloaded after import = 10
========================================================================
Received Import Request.
  Time since last request: 0.459313 seconds.
  path: Assets/Assets/Mark_Florquin_Packages/Clothing/Clothing on Hanger/Models/Shiny Jacket.obj
  artifactKey: Guid(5a6678af4b4f4af4393910a273398bcb) Importer(815301076,1909f56bfc062723c751e8b465ee728b)
Start importing Assets/Assets/Mark_Florquin_Packages/Clothing/Clothing on Hanger/Models/Shiny Jacket.obj using Guid(5a6678af4b4f4af4393910a273398bcb) Importer(815301076,1909f56bfc062723c751e8b465ee728b)  -> (artifact id: '9acd4dc926916d8149706867a71f9f87') in 0.019848 seconds
Number of updated asset objects reloaded before import = 0
Number of asset objects unloaded after import = 10
========================================================================
Received Import Request.
  Time since last request: 0.461607 seconds.
  path: Assets/Assets/Mark_Florquin_Packages/Clothing/Clothing on Hanger/Models/Shirt-1.obj
  artifactKey: Guid(9b2f3c88e7d25fd40b833b4bec94a714) Importer(815301076,1909f56bfc062723c751e8b465ee728b)
Start importing Assets/Assets/Mark_Florquin_Packages/Clothing/Clothing on Hanger/Models/Shirt-1.obj using Guid(9b2f3c88e7d25fd40b833b4bec94a714) Importer(815301076,1909f56bfc062723c751e8b465ee728b)  -> (artifact id: '600581762b018fb1c5790078ac76ffcb') in 0.025446 seconds
Number of updated asset objects reloaded before import = 0
Number of asset objects unloaded after import = 10
========================================================================
Received Import Request.
  Time since last request: 0.575456 seconds.
  path: Assets/Assets/Mark_Florquin_Packages/Clothing/Clothing on Hanger/Models/Short Leather Jacket Closed.obj
  artifactKey: Guid(a1ed295ba03804548a2d44c8f9f8972a) Importer(815301076,1909f56bfc062723c751e8b465ee728b)
Start importing Assets/Assets/Mark_Florquin_Packages/Clothing/Clothing on Hanger/Models/Short Leather Jacket Closed.obj using Guid(a1ed295ba03804548a2d44c8f9f8972a) Importer(815301076,1909f56bfc062723c751e8b465ee728b)  -> (artifact id: '8b0c719c9b712dc664a9dc21f0c2687b') in 0.019414 seconds
Number of updated asset objects reloaded before import = 0
Number of asset objects unloaded after import = 10
========================================================================
Received Import Request.
  Time since last request: 0.703390 seconds.
  path: Assets/Assets/Mark_Florquin_Packages/Clothing/Clothing on Hanger/Models/Zebra-Jacket.obj
  artifactKey: Guid(57da5493808c0654494b47fb581d4be1) Importer(815301076,1909f56bfc062723c751e8b465ee728b)
Start importing Assets/Assets/Mark_Florquin_Packages/Clothing/Clothing on Hanger/Models/Zebra-Jacket.obj using Guid(57da5493808c0654494b47fb581d4be1) Importer(815301076,1909f56bfc062723c751e8b465ee728b)  -> (artifact id: 'e73ae4f6f91e7e368fcd25ca62bd7371') in 0.041072 seconds
Number of updated asset objects reloaded before import = 0
Number of asset objects unloaded after import = 10
========================================================================
Received Import Request.
  Time since last request: 2.661122 seconds.
  path: Assets/Assets/Mark_Florquin_Packages/Clothing/Clothing on Hanger/Models/Textures
  artifactKey: Guid(d339ab2a4b1ccb242b012fe06f887400) Importer(815301076,1909f56bfc062723c751e8b465ee728b)
Start importing Assets/Assets/Mark_Florquin_Packages/Clothing/Clothing on Hanger/Models/Textures using Guid(d339ab2a4b1ccb242b012fe06f887400) Importer(815301076,1909f56bfc062723c751e8b465ee728b)  -> (artifact id: '4f21802ef6fe5dd39ea2b1166644136d') in 0.000569 seconds
Number of updated asset objects reloaded before import = 0
Number of asset objects unloaded after import = 0
========================================================================
Received Import Request.
  Time since last request: 0.025401 seconds.
  path: Assets/Assets/Mark_Florquin_Packages/Clothing/Clothing on Hanger/Models/Materials
  artifactKey: Guid(9f59abd6bc598c64db811fa7dfb6aa71) Importer(815301076,1909f56bfc062723c751e8b465ee728b)
Start importing Assets/Assets/Mark_Florquin_Packages/Clothing/Clothing on Hanger/Models/Materials using Guid(9f59abd6bc598c64db811fa7dfb6aa71) Importer(815301076,1909f56bfc062723c751e8b465ee728b)  -> (artifact id: 'b27d8b82bf3b251e1db3acc4371e99c6') in 0.000442 seconds
Number of updated asset objects reloaded before import = 0
Number of asset objects unloaded after import = 0
========================================================================
Received Import Request.
  Time since last request: 96.285330 seconds.
  path: Assets/Assets/Mark_Florquin_Packages/Clothing/Clothing on Hanger/Scene/Clothing On Hanger.unity
  artifactKey: Guid(8e6453ca5f9ec064589a2cba4af31c8d) Importer(815301076,1909f56bfc062723c751e8b465ee728b)
Start importing Assets/Assets/Mark_Florquin_Packages/Clothing/Clothing on Hanger/Scene/Clothing On Hanger.unity using Guid(8e6453ca5f9ec064589a2cba4af31c8d) Importer(815301076,1909f56bfc062723c751e8b465ee728b)  -> (artifact id: '762c48ddb68062e9bf12b2d2f9af710e') in 0.000563 seconds
Number of updated asset objects reloaded before import = 0
Number of asset objects unloaded after import = 0
========================================================================
Received Import Request.
  Time since last request: 26.987869 seconds.
  path: Assets/Scenes/MainScene.unity
  artifactKey: Guid(84b4da0e53a80f14195ce350a4bd05a9) Importer(815301076,1909f56bfc062723c751e8b465ee728b)
Start importing Assets/Scenes/MainScene.unity using Guid(84b4da0e53a80f14195ce350a4bd05a9) Importer(815301076,1909f56bfc062723c751e8b465ee728b)  -> (artifact id: '7b4e6d71288da55988f664ca7940023e') in 0.000529 seconds
Number of updated asset objects reloaded before import = 0
Number of asset objects unloaded after import = 0
========================================================================
Received Import Request.
  Time since last request: 1.115877 seconds.
  path: Assets/Scenes/GameScene.unity
  artifactKey: Guid(d239aabb91396894fa2c1194947a305a) Importer(815301076,1909f56bfc062723c751e8b465ee728b)
Start importing Assets/Scenes/GameScene.unity using Guid(d239aabb91396894fa2c1194947a305a) Importer(815301076,1909f56bfc062723c751e8b465ee728b)  -> (artifact id: 'be3fc63e572dc71c5d67ef6dbf69dca3') in 0.000474 seconds
Number of updated asset objects reloaded before import = 0
Number of asset objects unloaded after import = 0
========================================================================
Received Import Request.
  Time since last request: 1171.381675 seconds.
  path: Assets/Assets/Hazmat_man/prefab
  artifactKey: Guid(4d9ee16b0cce3284eb058b302f398da3) Importer(815301076,1909f56bfc062723c751e8b465ee728b)
Start importing Assets/Assets/Hazmat_man/prefab using Guid(4d9ee16b0cce3284eb058b302f398da3) Importer(815301076,1909f56bfc062723c751e8b465ee728b)  -> (artifact id: 'c6f4fe091b582a46268c5a69bde33dcb') in 0.000742 seconds
Number of updated asset objects reloaded before import = 0
Number of asset objects unloaded after import = 0
========================================================================
Received Import Request.
  Time since last request: 23.212671 seconds.
  path: Assets/Assets/Hazmat_man/materials/acces
  artifactKey: Guid(82a07dd1900a84146b4c64c148f1d632) Importer(815301076,1909f56bfc062723c751e8b465ee728b)
Start importing Assets/Assets/Hazmat_man/materials/acces using Guid(82a07dd1900a84146b4c64c148f1d632) Importer(815301076,1909f56bfc062723c751e8b465ee728b)  -> (artifact id: 'bd16570e005ffa79e6b9ac20d9ba23a7') in 0.009923 seconds
Number of updated asset objects reloaded before import = 0
Number of asset objects unloaded after import = 0
========================================================================
Received Import Request.
  Time since last request: 3.581149 seconds.
  path: Assets/Assets/Hazmat_man/shaders
  artifactKey: Guid(8da98bcbd821b5a4fa6af5226f328219) Importer(815301076,1909f56bfc062723c751e8b465ee728b)
Start importing Assets/Assets/Hazmat_man/shaders using Guid(8da98bcbd821b5a4fa6af5226f328219) Importer(815301076,1909f56bfc062723c751e8b465ee728b)  -> (artifact id: 'a0627d174439488da2db313a4b3c67de') in 0.000545 seconds
Number of updated asset objects reloaded before import = 0
Number of asset objects unloaded after import = 0
========================================================================
Received Import Request.
  Time since last request: 0.469279 seconds.
  path: Assets/Assets/Hazmat_man/textures
  artifactKey: Guid(1a6285c5ec3a5fe49bec4ed77abef641) Importer(815301076,1909f56bfc062723c751e8b465ee728b)
Start importing Assets/Assets/Hazmat_man/textures using Guid(1a6285c5ec3a5fe49bec4ed77abef641) Importer(815301076,1909f56bfc062723c751e8b465ee728b)  -> (artifact id: '08ab47544fe5491aa653260b0aaa52f6') in 0.010497 seconds
Number of updated asset objects reloaded before import = 0
Number of asset objects unloaded after import = 0
========================================================================
Received Import Request.
  Time since last request: 1.047763 seconds.
  path: Assets/Assets/Hazmat_man/textures/body
  artifactKey: Guid(7a7d68c6945157e4b9641b15219bbf49) Importer(815301076,1909f56bfc062723c751e8b465ee728b)
Start importing Assets/Assets/Hazmat_man/textures/body using Guid(7a7d68c6945157e4b9641b15219bbf49) Importer(815301076,1909f56bfc062723c751e8b465ee728b)  -> (artifact id: '4787d0ae423ac8abcfe28f094d8b90ce') in 0.000736 seconds
Number of updated asset objects reloaded before import = 0
Number of asset objects unloaded after import = 0
========================================================================
Received Import Request.
  Time since last request: 6.551063 seconds.
  path: Assets/Assets/Hazmat_man/prefab/SK_Hazmat_base.prefab
  artifactKey: Guid(0881df7965b6fef4485db4a351bb6e36) Importer(815301076,1909f56bfc062723c751e8b465ee728b)
Start importing Assets/Assets/Hazmat_man/prefab/SK_Hazmat_base.prefab using Guid(0881df7965b6fef4485db4a351bb6e36) Importer(815301076,1909f56bfc062723c751e8b465ee728b)  -> (artifact id: 'f93f95b40678b3a5980ae78cb20011c6') in 0.503711 seconds
Number of updated asset objects reloaded before import = 0
Number of asset objects unloaded after import = 255
========================================================================
Received Import Request.
  Time since last request: 0.161528 seconds.
  path: Assets/Assets/Hazmat_man/prefab/SK_Hazmat_base (2).prefab
  artifactKey: Guid(91deffe5cfe486443945730c81edaf59) Importer(815301076,1909f56bfc062723c751e8b465ee728b)
Start importing Assets/Assets/Hazmat_man/prefab/SK_Hazmat_base (2).prefab using Guid(91deffe5cfe486443945730c81edaf59) Importer(815301076,1909f56bfc062723c751e8b465ee728b)  -> (artifact id: '289cc4b5799a26a1b40b7d614c9cee77') in 0.283025 seconds
Number of updated asset objects reloaded before import = 0
Number of asset objects unloaded after import = 258
========================================================================
Received Import Request.
  Time since last request: 0.226282 seconds.
  path: Assets/Assets/Hazmat_man/prefab/SK_Hazmat_base (4).prefab
  artifactKey: Guid(7eefff797d9f0384f9e40404a82f0870) Importer(815301076,1909f56bfc062723c751e8b465ee728b)
Start importing Assets/Assets/Hazmat_man/prefab/SK_Hazmat_base (4).prefab using Guid(7eefff797d9f0384f9e40404a82f0870) Importer(815301076,1909f56bfc062723c751e8b465ee728b)  -> (artifact id: '403070fd76ca1ef1b16a96dbb1db0d8a') in 0.271340 seconds
Number of updated asset objects reloaded before import = 0
Number of asset objects unloaded after import = 258
========================================================================
Received Import Request.
  Time since last request: 0.298818 seconds.
  path: Assets/Assets/Hazmat_man/prefab/SK_Hazmat_base (3).prefab
  artifactKey: Guid(96f4452319b04ff4eabfcc971d348ee8) Importer(815301076,1909f56bfc062723c751e8b465ee728b)
Start importing Assets/Assets/Hazmat_man/prefab/SK_Hazmat_base (3).prefab using Guid(96f4452319b04ff4eabfcc971d348ee8) Importer(815301076,1909f56bfc062723c751e8b465ee728b)  -> (artifact id: '769d7b80d8e53d91416424794de377d0') in 0.251131 seconds
Number of updated asset objects reloaded before import = 0
Number of asset objects unloaded after import = 255
========================================================================
Received Import Request.
  Time since last request: 131.476614 seconds.
  path: Assets/Assets/Hazmat_man/map/Hazmat_Man.unity
  artifactKey: Guid(d1c3109bdb54ad54c8a2b2838528e640) Importer(815301076,1909f56bfc062723c751e8b465ee728b)
Start importing Assets/Assets/Hazmat_man/map/Hazmat_Man.unity using Guid(d1c3109bdb54ad54c8a2b2838528e640) Importer(815301076,1909f56bfc062723c751e8b465ee728b)  -> (artifact id: '93ff74931e606ce9c332219c085681eb') in 0.001299 seconds
Number of updated asset objects reloaded before import = 0
Number of asset objects unloaded after import = 0
