Using pre-set license
Built from '2022.3/staging' branch; Version is '2022.3.8f1 (b5eafc012955) revision 11922172'; Using compiler version '192829333'; Build Type 'Release'
OS: 'Windows 11  (10.0.22621) 64bit Core' Language: 'ko' Physical Memory: 8023 MB
BatchMode: 1, IsHumanControllingUs: 0, StartBugReporterOnCrash: 0, Is64bit: 1, IsPro: 1

COMMAND LINE ARGUMENTS:
C:\Program Files\Unity\Hub\Editor\2022.3.8f1\Editor\Unity.exe
-adb2
-batchMode
-noUpm
-name
AssetImportWorker0
-projectPath
C:/Users/admin/Documents/GitHub/SemiConductor_Simul/SC Simul
-logFile
Logs/AssetImportWorker0.log
-srvPort
61096
Successfully changed project path to: C:/Users/admin/Documents/GitHub/SemiConductor_Simul/SC Simul
C:/Users/admin/Documents/GitHub/SemiConductor_Simul/SC Simul
[UnityMemory] Configuration Parameters - Can be set up in boot.config
    "memorysetup-bucket-allocator-granularity=16"
    "memorysetup-bucket-allocator-bucket-count=8"
    "memorysetup-bucket-allocator-block-size=33554432"
    "memorysetup-bucket-allocator-block-count=8"
    "memorysetup-main-allocator-block-size=16777216"
    "memorysetup-thread-allocator-block-size=16777216"
    "memorysetup-gfx-main-allocator-block-size=16777216"
    "memorysetup-gfx-thread-allocator-block-size=16777216"
    "memorysetup-cache-allocator-block-size=4194304"
    "memorysetup-typetree-allocator-block-size=2097152"
    "memorysetup-profiler-bucket-allocator-granularity=16"
    "memorysetup-profiler-bucket-allocator-bucket-count=8"
    "memorysetup-profiler-bucket-allocator-block-size=33554432"
    "memorysetup-profiler-bucket-allocator-block-count=8"
    "memorysetup-profiler-allocator-block-size=16777216"
    "memorysetup-profiler-editor-allocator-block-size=1048576"
    "memorysetup-temp-allocator-size-main=16777216"
    "memorysetup-job-temp-allocator-block-size=2097152"
    "memorysetup-job-temp-allocator-block-size-background=1048576"
    "memorysetup-job-temp-allocator-reduction-small-platforms=262144"
    "memorysetup-allocator-temp-initial-block-size-main=262144"
    "memorysetup-allocator-temp-initial-block-size-worker=262144"
    "memorysetup-temp-allocator-size-background-worker=32768"
    "memorysetup-temp-allocator-size-job-worker=262144"
    "memorysetup-temp-allocator-size-preload-manager=33554432"
    "memorysetup-temp-allocator-size-nav-mesh-worker=65536"
    "memorysetup-temp-allocator-size-audio-worker=65536"
    "memorysetup-temp-allocator-size-cloud-worker=32768"
    "memorysetup-temp-allocator-size-gi-baking-worker=262144"
    "memorysetup-temp-allocator-size-gfx=262144"
Player connection [13756] Host "[IP] 220.66.157.138 [Port] 0 [Flags] 2 [Guid] 3415083792 [EditorId] 3415083792 [Version] 1048832 [Id] WindowsEditor(7,DESKTOP-PHO3N9G) [Debug] 1 [PackageName] WindowsEditor [ProjectName] Editor" joined multi-casting on [225.0.0.222:54997]...

Player connection [13756] Host "[IP] 220.66.157.138 [Port] 0 [Flags] 2 [Guid] 3415083792 [EditorId] 3415083792 [Version] 1048832 [Id] WindowsEditor(7,DESKTOP-PHO3N9G) [Debug] 1 [PackageName] WindowsEditor [ProjectName] Editor" joined alternative multi-casting on [225.0.0.222:34997]...

[Physics::Module] Initialized MultithreadedJobDispatcher with 7 workers.
Refreshing native plugins compatible for Editor in 82.10 ms, found 4 plugins.
Preloading 0 native plugins for Editor in 0.00 ms.
Initialize engine version: 2022.3.8f1 (b5eafc012955)
[Subsystems] Discovering subsystems at path C:/Program Files/Unity/Hub/Editor/2022.3.8f1/Editor/Data/Resources/UnitySubsystems
[Subsystems] Discovering subsystems at path C:/Users/admin/Documents/GitHub/SemiConductor_Simul/SC Simul/Assets
GfxDevice: creating device client; threaded=0; jobified=0
Direct3D:
    Version:  Direct3D 11.0 [level 11.1]
    Renderer: Intel(R) UHD Graphics 630 (ID=0x9bc8)
    Vendor:   Intel
    VRAM:     4011 MB
    Driver:   30.0.101.1994
Initialize mono
Mono path[0] = 'C:/Program Files/Unity/Hub/Editor/2022.3.8f1/Editor/Data/Managed'
Mono path[1] = 'C:/Program Files/Unity/Hub/Editor/2022.3.8f1/Editor/Data/MonoBleedingEdge/lib/mono/unityjit-win32'
Mono config path = 'C:/Program Files/Unity/Hub/Editor/2022.3.8f1/Editor/Data/MonoBleedingEdge/etc'
Using monoOptions --debugger-agent=transport=dt_socket,embedding=1,server=y,suspend=n,address=127.0.0.1:56856
Begin MonoManager ReloadAssembly
Registering precompiled unity dll's ...
Register platform support module: C:/Program Files/Unity/Hub/Editor/2022.3.8f1/Editor/Data/PlaybackEngines/AndroidPlayer/UnityEditor.Android.Extensions.dll
Register platform support module: C:/Program Files/Unity/Hub/Editor/2022.3.8f1/Editor/Data/PlaybackEngines/WindowsStandaloneSupport/UnityEditor.WindowsStandalone.Extensions.dll
Registered in 1.354031 seconds.
- Loaded All Assemblies, in  3.186 seconds
Native extension for WindowsStandalone target not found
Native extension for Android target not found
Android Extension - Scanning For ADB Devices 623 ms
Mono: successfully reloaded assembly
- Finished resetting the current domain, in  1.633 seconds
Domain Reload Profiling: 4812ms
	BeginReloadAssembly (801ms)
		ExecutionOrderSort (0ms)
		DisableScriptedObjects (0ms)
		BackupInstance (0ms)
		ReleaseScriptingObjects (0ms)
		CreateAndSetChildDomain (3ms)
	RebuildCommonClasses (392ms)
	RebuildNativeTypeToScriptingClass (20ms)
	initialDomainReloadingComplete (1701ms)
	LoadAllAssembliesAndSetupDomain (263ms)
		LoadAssemblies (794ms)
		RebuildTransferFunctionScriptingTraits (0ms)
		AnalyzeDomain (255ms)
			TypeCache.Refresh (254ms)
				TypeCache.ScanAssembly (223ms)
			ScanForSourceGeneratedMonoScriptInfo (1ms)
			ResolveRequiredComponents (1ms)
	FinalizeReload (1634ms)
		ReleaseScriptCaches (0ms)
		RebuildScriptCaches (0ms)
		SetupLoadedEditorAssemblies (1524ms)
			LogAssemblyErrors (0ms)
			InitializePlatformSupportModulesInManaged (1068ms)
			SetLoadedEditorAssemblies (7ms)
			RefreshPlugins (0ms)
			BeforeProcessingInitializeOnLoad (3ms)
			ProcessInitializeOnLoadAttributes (357ms)
			ProcessInitializeOnLoadMethodAttributes (88ms)
			AfterProcessingInitializeOnLoad (0ms)
			EditorAssembliesLoaded (0ms)
		ExecutionOrderSort2 (0ms)
		AwakeInstancesAfterBackupRestoration (0ms)
========================================================================
Worker process is ready to serve import requests
Begin MonoManager ReloadAssembly
- Loaded All Assemblies, in  2.345 seconds
Refreshing native plugins compatible for Editor in 6.75 ms, found 4 plugins.
Native extension for WindowsStandalone target not found
Native extension for Android target not found
Package Manager log level set to [2]
[Package Manager] Server::EnsureServerProcessIsRunning -- launch failed, reason: Unity was launched with the -noUpm command-line argument
[Package Manager] UpmClient::Send -- Unable to send message (not connected to UPM process).
[Package Manager] Cannot connect to Unity Package Manager local server
Mono: successfully reloaded assembly
- Finished resetting the current domain, in  1.673 seconds
Domain Reload Profiling: 4004ms
	BeginReloadAssembly (454ms)
		ExecutionOrderSort (0ms)
		DisableScriptedObjects (9ms)
		BackupInstance (0ms)
		ReleaseScriptingObjects (0ms)
		CreateAndSetChildDomain (42ms)
	RebuildCommonClasses (61ms)
	RebuildNativeTypeToScriptingClass (22ms)
	initialDomainReloadingComplete (81ms)
	LoadAllAssembliesAndSetupDomain (1713ms)
		LoadAssemblies (1303ms)
		RebuildTransferFunctionScriptingTraits (0ms)
		AnalyzeDomain (748ms)
			TypeCache.Refresh (706ms)
				TypeCache.ScanAssembly (663ms)
			ScanForSourceGeneratedMonoScriptInfo (31ms)
			ResolveRequiredComponents (8ms)
	FinalizeReload (1674ms)
		ReleaseScriptCaches (0ms)
		RebuildScriptCaches (0ms)
		SetupLoadedEditorAssemblies (1146ms)
			LogAssemblyErrors (0ms)
			InitializePlatformSupportModulesInManaged (59ms)
			SetLoadedEditorAssemblies (9ms)
			RefreshPlugins (0ms)
			BeforeProcessingInitializeOnLoad (132ms)
			ProcessInitializeOnLoadAttributes (891ms)
			ProcessInitializeOnLoadMethodAttributes (45ms)
			AfterProcessingInitializeOnLoad (10ms)
			EditorAssembliesLoaded (0ms)
		ExecutionOrderSort2 (0ms)
		AwakeInstancesAfterBackupRestoration (16ms)
Launched and connected shader compiler UnityShaderCompiler.exe after 0.18 seconds
Refreshing native plugins compatible for Editor in 8.27 ms, found 4 plugins.
Preloading 0 native plugins for Editor in 0.00 ms.
Unloading 3327 Unused Serialized files (Serialized files now loaded: 0)
Unloading 34 unused Assets / (58.4 KB). Loaded Objects now: 3795.
Memory consumption went from 203.8 MB to 203.8 MB.
Total: 9.512200 ms (FindLiveObjects: 0.927200 ms CreateObjectMapping: 0.935500 ms MarkObjects: 7.162000 ms  DeleteObjects: 0.485600 ms)

AssetImportParameters requested are different than current active one (requested -> active):
  custom:container-demuxer-ogg: 62fdf1f143b41e24485cea50d1cbac27 -> 
  custom:video-decoder-ogg-theora: a1e56fd34408186e4bbccfd4996cb3dc -> 
  custom:framework-win-MediaFoundation: 216162199b28c13a410421893ffa2e32 -> 
  custom:container-demuxer-webm: 4f35f7cbe854078d1ac9338744f61a02 -> 
  custom:container-muxer-webm: aa71ff27fc2769a1b78a27578f13a17b -> 
  custom:video-decoder-webm-vp8: 9c59270c3fd7afecdb556c50c9e8de78 -> 
  custom:AudioImporter_EditorPlatform: d09bf68614088b80899f8185d706f6e7 -> 
  custom:video-encoder-webm-vp8: eb34c28f22e8b96e1ab97ce403110664 -> 
  custom:audio-decoder-ogg-vorbis: bf7c407c2cedff20999df2af8eb42d56 -> 
  custom:audio-encoder-webm-vorbis: bf7c407c2cedff20999df2af8eb42d56 -> 
========================================================================
Received Import Request.
  Time since last request: 12700.357862 seconds.
  path: Assets/Assets/Laboratory_Interior/Models/Materials/Lab_Wash_Table.mat
  artifactKey: Guid(9020806bfeaeded44bf0c4a3393ea1b0) Importer(815301076,1909f56bfc062723c751e8b465ee728b)
Start importing Assets/Assets/Laboratory_Interior/Models/Materials/Lab_Wash_Table.mat using Guid(9020806bfeaeded44bf0c4a3393ea1b0) Importer(815301076,1909f56bfc062723c751e8b465ee728b)  -> (artifact id: 'b06ce593176a4a2e38708cb329a2218b') in 0.593853 seconds
Number of updated asset objects reloaded before import = 0
Number of asset objects unloaded after import = 5
========================================================================
Received Import Request.
  Time since last request: 0.000278 seconds.
  path: Assets/Assets/Laboratory_Interior/Models/Laboratory_Props.FBX
  artifactKey: Guid(8bc275c451bc1ad4fb4b8b22fb6c875c) Importer(815301076,1909f56bfc062723c751e8b465ee728b)
Start importing Assets/Assets/Laboratory_Interior/Models/Laboratory_Props.FBX using Guid(8bc275c451bc1ad4fb4b8b22fb6c875c) Importer(815301076,1909f56bfc062723c751e8b465ee728b)  -> (artifact id: '83956fa3e305f8ed8069f1c998f6863a') in 1.727471 seconds
Number of updated asset objects reloaded before import = 0
Number of asset objects unloaded after import = 61
========================================================================
Received Import Request.
  Time since last request: 0.000112 seconds.
  path: Assets/Assets/Laboratory_Interior/Models/Lab_Ground.FBX
  artifactKey: Guid(5fe38933f5a0c3f4bb1dca1605a2dca1) Importer(815301076,1909f56bfc062723c751e8b465ee728b)
Start importing Assets/Assets/Laboratory_Interior/Models/Lab_Ground.FBX using Guid(5fe38933f5a0c3f4bb1dca1605a2dca1) Importer(815301076,1909f56bfc062723c751e8b465ee728b)  -> (artifact id: 'e4ae8ea363033a853516de1cf3234823') in 0.234640 seconds
Number of updated asset objects reloaded before import = 0
Number of asset objects unloaded after import = 12
========================================================================
Received Import Request.
  Time since last request: 40.638882 seconds.
  path: Assets/Assets/Laboratory/Prefabs/Architecture/CeilingGrid/CeilingGridPannelCenter.prefab
  artifactKey: Guid(39c64436538485c4781a30827435dfc1) Importer(815301076,1909f56bfc062723c751e8b465ee728b)
Start importing Assets/Assets/Laboratory/Prefabs/Architecture/CeilingGrid/CeilingGridPannelCenter.prefab using Guid(39c64436538485c4781a30827435dfc1) Importer(815301076,1909f56bfc062723c751e8b465ee728b)  -> (artifact id: '5d00b46f927ea3f56f484a4d0e3e248a') in 0.283188 seconds
Number of updated asset objects reloaded before import = 0
Number of asset objects unloaded after import = 12
========================================================================
Received Import Request.
  Time since last request: 0.000038 seconds.
  path: Assets/Assets/Laboratory/Prefabs/Architecture/CeilingGrid/CeilingGridPannelUpLeft.prefab
  artifactKey: Guid(04569470db3bf6f4eb445a58286a15cd) Importer(815301076,1909f56bfc062723c751e8b465ee728b)
Start importing Assets/Assets/Laboratory/Prefabs/Architecture/CeilingGrid/CeilingGridPannelUpLeft.prefab using Guid(04569470db3bf6f4eb445a58286a15cd) Importer(815301076,1909f56bfc062723c751e8b465ee728b)  -> (artifact id: '559aa1a575fd818fb45f286925c3f801') in 0.042217 seconds
Number of updated asset objects reloaded before import = 0
Number of asset objects unloaded after import = 12
========================================================================
Received Import Request.
  Time since last request: 0.001123 seconds.
  path: Assets/Assets/Laboratory/Prefabs/Architecture/CeilingGrid/CeilingPannelUp02.prefab
  artifactKey: Guid(4d8cc8c169183dd40acf09d5d11f8171) Importer(815301076,1909f56bfc062723c751e8b465ee728b)
Start importing Assets/Assets/Laboratory/Prefabs/Architecture/CeilingGrid/CeilingPannelUp02.prefab using Guid(4d8cc8c169183dd40acf09d5d11f8171) Importer(815301076,1909f56bfc062723c751e8b465ee728b)  -> (artifact id: 'ea3a96ad65a7f88cbcb6b03db7cc0b2b') in 0.077774 seconds
Number of updated asset objects reloaded before import = 0
Number of asset objects unloaded after import = 19
========================================================================
Received Import Request.
  Time since last request: 19.192343 seconds.
  path: Assets/TextMesh Pro/Resources/Fonts & Materials/LiberationSans SDF - Fallback.asset
  artifactKey: Guid(2e498d1c8094910479dc3e1b768306a4) Importer(815301076,1909f56bfc062723c751e8b465ee728b)
Start importing Assets/TextMesh Pro/Resources/Fonts & Materials/LiberationSans SDF - Fallback.asset using Guid(2e498d1c8094910479dc3e1b768306a4) Importer(815301076,1909f56bfc062723c751e8b465ee728b)  -> (artifact id: '025c4b354585c18e90e1659460530dc1') in 0.090804 seconds
Number of updated asset objects reloaded before import = 0
Number of asset objects unloaded after import = 6
========================================================================
Received Import Request.
  Time since last request: 9.878809 seconds.
  path: Assets/Assets/Laboratory/Models/Furniture/Cabinet/Cabinet01b.fbx
  artifactKey: Guid(c8330453a0ee65b4cb014e87ee13f6e6) Importer(815301076,1909f56bfc062723c751e8b465ee728b)
Start importing Assets/Assets/Laboratory/Models/Furniture/Cabinet/Cabinet01b.fbx using Guid(c8330453a0ee65b4cb014e87ee13f6e6) Importer(815301076,1909f56bfc062723c751e8b465ee728b)  -> (artifact id: '1260c280ff5c0dfb1cf9cbc07001ea8d') in 0.228171 seconds
Number of updated asset objects reloaded before import = 0
Number of asset objects unloaded after import = 34
========================================================================
Received Import Request.
  Time since last request: 5.288467 seconds.
  path: Assets/Assets/Laboratory/Models/Furniture/GloveBox/GloveboxGlass_a.png
  artifactKey: Guid(856fd45dddc6974449d8c9f8d0fa06d4) Importer(815301076,1909f56bfc062723c751e8b465ee728b)
Start importing Assets/Assets/Laboratory/Models/Furniture/GloveBox/GloveboxGlass_a.png using Guid(856fd45dddc6974449d8c9f8d0fa06d4) Importer(815301076,1909f56bfc062723c751e8b465ee728b)  -> (artifact id: '2d33446abfe5c60a79e2bedbf1c8cf19') in 0.156510 seconds
Number of updated asset objects reloaded before import = 0
Number of asset objects unloaded after import = 2
========================================================================
Received Import Request.
  Time since last request: 5.275765 seconds.
  path: Assets/Assets/Laboratory/Models/Furniture/GloveBox/Materials/Gloves.mat
  artifactKey: Guid(69829d51d9873064e848213770f79117) Importer(815301076,1909f56bfc062723c751e8b465ee728b)
Start importing Assets/Assets/Laboratory/Models/Furniture/GloveBox/Materials/Gloves.mat using Guid(69829d51d9873064e848213770f79117) Importer(815301076,1909f56bfc062723c751e8b465ee728b)  -> (artifact id: 'f3a5d39f8a53b00ab6dd6508b87e581f') in 0.024012 seconds
Number of updated asset objects reloaded before import = 0
Number of asset objects unloaded after import = 3
========================================================================
Received Import Request.
  Time since last request: 7.213822 seconds.
  path: Assets/Assets/Laboratory/Models/Props/Chemistry/Crystal01_a.png
  artifactKey: Guid(e14267ea2aaa70d4d9957784a472cd9f) Importer(815301076,1909f56bfc062723c751e8b465ee728b)
Start importing Assets/Assets/Laboratory/Models/Props/Chemistry/Crystal01_a.png using Guid(e14267ea2aaa70d4d9957784a472cd9f) Importer(815301076,1909f56bfc062723c751e8b465ee728b)  -> (artifact id: 'b7ebd3400eac90fd29d78ed6bb851c63') in 0.023678 seconds
Number of updated asset objects reloaded before import = 0
Number of asset objects unloaded after import = 2
========================================================================
Received Import Request.
  Time since last request: 0.000027 seconds.
  path: Assets/Assets/Laboratory/Models/Props/Chemistry/MetalPlate01.fbx
  artifactKey: Guid(9e60f76db622a7f479964f64bec7af65) Importer(815301076,1909f56bfc062723c751e8b465ee728b)
Start importing Assets/Assets/Laboratory/Models/Props/Chemistry/MetalPlate01.fbx using Guid(9e60f76db622a7f479964f64bec7af65) Importer(815301076,1909f56bfc062723c751e8b465ee728b)  -> (artifact id: 'cf203ece6f6c38cc416f900c43a37105') in 0.069344 seconds
Number of updated asset objects reloaded before import = 0
Number of asset objects unloaded after import = 7
========================================================================
Received Import Request.
  Time since last request: 4.300583 seconds.
  path: Assets/Assets/Laboratory/Models/Props/Optics/Laser02.fbx
  artifactKey: Guid(3688d09a0c3d2b940bde03eafca90f20) Importer(815301076,1909f56bfc062723c751e8b465ee728b)
Start importing Assets/Assets/Laboratory/Models/Props/Optics/Laser02.fbx using Guid(3688d09a0c3d2b940bde03eafca90f20) Importer(815301076,1909f56bfc062723c751e8b465ee728b)  -> (artifact id: '5e219f18b419f25bc35d411b784bbfb5') in 0.039269 seconds
Number of updated asset objects reloaded before import = 0
Number of asset objects unloaded after import = 14
========================================================================
Received Import Request.
  Time since last request: 0.000021 seconds.
  path: Assets/Assets/Laboratory/Models/Props/Optics/Optic02c.fbx
  artifactKey: Guid(5bd6acd0feaa82e459a9ef9c6f4b8a3f) Importer(815301076,1909f56bfc062723c751e8b465ee728b)
Start importing Assets/Assets/Laboratory/Models/Props/Optics/Optic02c.fbx using Guid(5bd6acd0feaa82e459a9ef9c6f4b8a3f) Importer(815301076,1909f56bfc062723c751e8b465ee728b)  -> (artifact id: '1e3d0f479421b5f6420defbd2904c348') in 0.093641 seconds
Number of updated asset objects reloaded before import = 0
Number of asset objects unloaded after import = 7
========================================================================
Received Import Request.
  Time since last request: 0.000028 seconds.
  path: Assets/Assets/Laboratory/Models/Props/Optics/Unit01.fbx
  artifactKey: Guid(3bfa3bddf0154064789457e33e778d4d) Importer(815301076,1909f56bfc062723c751e8b465ee728b)
Start importing Assets/Assets/Laboratory/Models/Props/Optics/Unit01.fbx using Guid(3bfa3bddf0154064789457e33e778d4d) Importer(815301076,1909f56bfc062723c751e8b465ee728b)  -> (artifact id: '94b5033c5c2285bcf8b4e5b9fe1c8202') in 0.051991 seconds
Number of updated asset objects reloaded before import = 0
Number of asset objects unloaded after import = 7
========================================================================
Received Import Request.
  Time since last request: 0.000091 seconds.
  path: Assets/Assets/Laboratory/Models/Props/Optics/Optic01b.fbx
  artifactKey: Guid(d1bd0b325f429ad488f4f70229349cf3) Importer(815301076,1909f56bfc062723c751e8b465ee728b)
Start importing Assets/Assets/Laboratory/Models/Props/Optics/Optic01b.fbx using Guid(d1bd0b325f429ad488f4f70229349cf3) Importer(815301076,1909f56bfc062723c751e8b465ee728b)  -> (artifact id: '333fd59ca75f846804edc6243be10172') in 0.098408 seconds
Number of updated asset objects reloaded before import = 0
Number of asset objects unloaded after import = 7
========================================================================
Received Import Request.
  Time since last request: 0.000021 seconds.
  path: Assets/Assets/Laboratory/Models/Props/Optics/Optics_e.png
  artifactKey: Guid(6f288ad7ace912d4194a7cda625c80aa) Importer(815301076,1909f56bfc062723c751e8b465ee728b)
Start importing Assets/Assets/Laboratory/Models/Props/Optics/Optics_e.png using Guid(6f288ad7ace912d4194a7cda625c80aa) Importer(815301076,1909f56bfc062723c751e8b465ee728b)  -> (artifact id: '2a8f6f593308b3e761e1944776a0aa60') in 0.107496 seconds
Number of updated asset objects reloaded before import = 0
Number of asset objects unloaded after import = 2
========================================================================
Received Import Request.
  Time since last request: 6.405110 seconds.
  path: Assets/Assets/Laboratory/Models/Props/PlasticCrate/PlasticCrate01_a.png
  artifactKey: Guid(9e796a3d9434c0b4f97d6641c3c47ab9) Importer(815301076,1909f56bfc062723c751e8b465ee728b)
Start importing Assets/Assets/Laboratory/Models/Props/PlasticCrate/PlasticCrate01_a.png using Guid(9e796a3d9434c0b4f97d6641c3c47ab9) Importer(815301076,1909f56bfc062723c751e8b465ee728b)  -> (artifact id: '4ce645bca6ab3380401c4e72bb6b056c') in 0.086518 seconds
Number of updated asset objects reloaded before import = 0
Number of asset objects unloaded after import = 2
========================================================================
Received Import Request.
  Time since last request: 0.000239 seconds.
  path: Assets/Assets/Laboratory/Models/Props/PlasticCrate/PlasticCrate01_m.png
  artifactKey: Guid(c087f74473a7c3c4dbb973d0611d6b10) Importer(815301076,1909f56bfc062723c751e8b465ee728b)
Start importing Assets/Assets/Laboratory/Models/Props/PlasticCrate/PlasticCrate01_m.png using Guid(c087f74473a7c3c4dbb973d0611d6b10) Importer(815301076,1909f56bfc062723c751e8b465ee728b)  -> (artifact id: '1db5fe9e24f23bc4da1c29b360ee22a2') in 0.129471 seconds
Number of updated asset objects reloaded before import = 0
Number of asset objects unloaded after import = 2
========================================================================
Received Import Request.
  Time since last request: 0.000028 seconds.
  path: Assets/Assets/Laboratory/Models/Props/PlasticCrate/PlasticCrate01c.fbx
  artifactKey: Guid(14fae94072e471e489a245ef7d702016) Importer(815301076,1909f56bfc062723c751e8b465ee728b)
Start importing Assets/Assets/Laboratory/Models/Props/PlasticCrate/PlasticCrate01c.fbx using Guid(14fae94072e471e489a245ef7d702016) Importer(815301076,1909f56bfc062723c751e8b465ee728b)  -> (artifact id: '15562cfd37be923822e976d98e67b92b') in 0.028689 seconds
Number of updated asset objects reloaded before import = 0
Number of asset objects unloaded after import = 7
========================================================================
Received Import Request.
  Time since last request: 0.000102 seconds.
  path: Assets/Assets/Laboratory/Models/Props/PlasticCrate/PlasticCrate02b_a.png
  artifactKey: Guid(0713dcbb91893614c970d9e6b3ac0ff3) Importer(815301076,1909f56bfc062723c751e8b465ee728b)
Start importing Assets/Assets/Laboratory/Models/Props/PlasticCrate/PlasticCrate02b_a.png using Guid(0713dcbb91893614c970d9e6b3ac0ff3) Importer(815301076,1909f56bfc062723c751e8b465ee728b)  -> (artifact id: '96e165e3e235d8cf4336e69002a3519e') in 0.053214 seconds
Number of updated asset objects reloaded before import = 0
Number of asset objects unloaded after import = 2
========================================================================
Received Import Request.
  Time since last request: 0.000054 seconds.
  path: Assets/Assets/Laboratory/Models/Props/PlasticCrate/PlasticCrate02c_m.png
  artifactKey: Guid(e7cd1cf4bd7193d4da4500c686ffdd6f) Importer(815301076,1909f56bfc062723c751e8b465ee728b)
Start importing Assets/Assets/Laboratory/Models/Props/PlasticCrate/PlasticCrate02c_m.png using Guid(e7cd1cf4bd7193d4da4500c686ffdd6f) Importer(815301076,1909f56bfc062723c751e8b465ee728b)  -> (artifact id: 'e659b429c02401a142f6836c190d06ff') in 0.041740 seconds
Number of updated asset objects reloaded before import = 0
Number of asset objects unloaded after import = 2
========================================================================
Received Import Request.
  Time since last request: 0.000036 seconds.
  path: Assets/Assets/Laboratory/Models/Props/PlasticCrate/PlasticCrate02_o.png
  artifactKey: Guid(9d61f08d336537e4abfeedf5b7457f9d) Importer(815301076,1909f56bfc062723c751e8b465ee728b)
Start importing Assets/Assets/Laboratory/Models/Props/PlasticCrate/PlasticCrate02_o.png using Guid(9d61f08d336537e4abfeedf5b7457f9d) Importer(815301076,1909f56bfc062723c751e8b465ee728b)  -> (artifact id: '990bc39de75fe4f2ef24c6db5575e443') in 0.043870 seconds
Number of updated asset objects reloaded before import = 0
Number of asset objects unloaded after import = 2
========================================================================
Received Import Request.
  Time since last request: 0.651880 seconds.
  path: Assets/Assets/Laboratory/Models/Props/PlasticCrate/PlasticCrate02c_o.png
  artifactKey: Guid(7f6501cf263c11b4caa8440b169ce9e0) Importer(815301076,1909f56bfc062723c751e8b465ee728b)
Start importing Assets/Assets/Laboratory/Models/Props/PlasticCrate/PlasticCrate02c_o.png using Guid(7f6501cf263c11b4caa8440b169ce9e0) Importer(815301076,1909f56bfc062723c751e8b465ee728b)  -> (artifact id: 'ebb27b8b13e63f9f031ba1a099e25907') in 0.050768 seconds
Number of updated asset objects reloaded before import = 0
Number of asset objects unloaded after import = 2
========================================================================
Received Import Request.
  Time since last request: 4.368589 seconds.
  path: Assets/Assets/Laboratory/Models/Props/PlasticCrate/Materials/PlasticCrate01Black_MaskMap.png
  artifactKey: Guid(71fa2cc24674b644badbd8c839f5cd44) Importer(815301076,1909f56bfc062723c751e8b465ee728b)
Start importing Assets/Assets/Laboratory/Models/Props/PlasticCrate/Materials/PlasticCrate01Black_MaskMap.png using Guid(71fa2cc24674b644badbd8c839f5cd44) Importer(815301076,1909f56bfc062723c751e8b465ee728b)  -> (artifact id: 'b3afd30c8af467c0796ef4560f595b03') in 0.134423 seconds
Number of updated asset objects reloaded before import = 0
Number of asset objects unloaded after import = 2
========================================================================
Received Import Request.
  Time since last request: 0.004042 seconds.
  path: Assets/Assets/Laboratory/Models/Props/PlasticCrate/Materials/PlasticCrate01Green_MaskMap.png
  artifactKey: Guid(0344a3297674a824290f47a661e1607c) Importer(815301076,1909f56bfc062723c751e8b465ee728b)
Start importing Assets/Assets/Laboratory/Models/Props/PlasticCrate/Materials/PlasticCrate01Green_MaskMap.png using Guid(0344a3297674a824290f47a661e1607c) Importer(815301076,1909f56bfc062723c751e8b465ee728b)  -> (artifact id: 'fd706e5d1e19309678d6f2162ab13f06') in 0.262107 seconds
Number of updated asset objects reloaded before import = 0
Number of asset objects unloaded after import = 2
========================================================================
Received Import Request.
  Time since last request: 0.000044 seconds.
  path: Assets/Assets/Laboratory/Models/Props/PlasticCrate/Materials/PlasticCrate01Yellow_MaskMap.png
  artifactKey: Guid(5d12bd5ce5269ac4ba8d1f283668d63b) Importer(815301076,1909f56bfc062723c751e8b465ee728b)
Start importing Assets/Assets/Laboratory/Models/Props/PlasticCrate/Materials/PlasticCrate01Yellow_MaskMap.png using Guid(5d12bd5ce5269ac4ba8d1f283668d63b) Importer(815301076,1909f56bfc062723c751e8b465ee728b)  -> (artifact id: '4721741eb9c12721e994640953898057') in 0.143822 seconds
Number of updated asset objects reloaded before import = 0
Number of asset objects unloaded after import = 2
========================================================================
Received Import Request.
  Time since last request: 0.000037 seconds.
  path: Assets/Assets/Laboratory/Models/Props/PlasticCrate/Materials/PlasticCrate02c_MaskMap.png
  artifactKey: Guid(e0a8762cb76fa42459da587f19a29d48) Importer(815301076,1909f56bfc062723c751e8b465ee728b)
Start importing Assets/Assets/Laboratory/Models/Props/PlasticCrate/Materials/PlasticCrate02c_MaskMap.png using Guid(e0a8762cb76fa42459da587f19a29d48) Importer(815301076,1909f56bfc062723c751e8b465ee728b)  -> (artifact id: '06e8fc260f62037f81c59ab3fd3c8c2a') in 0.063868 seconds
Number of updated asset objects reloaded before import = 0
Number of asset objects unloaded after import = 2
========================================================================
Received Prepare
Refreshing native plugins compatible for Editor in 9.16 ms, found 4 plugins.
Preloading 0 native plugins for Editor in 0.00 ms.
Unloading 0 Unused Serialized files (Serialized files now loaded: 0)
Unloading 0 unused Assets / (0 B). Loaded Objects now: 3844.
Memory consumption went from 148.2 MB to 148.2 MB.
Total: 4.950300 ms (FindLiveObjects: 0.448400 ms CreateObjectMapping: 0.293900 ms MarkObjects: 4.183400 ms  DeleteObjects: 0.023700 ms)

Prepare: number of updated asset objects reloaded= 0
AssetImportParameters requested are different than current active one (requested -> active):
  custom:container-demuxer-ogg: 62fdf1f143b41e24485cea50d1cbac27 -> 
  custom:video-decoder-ogg-theora: a1e56fd34408186e4bbccfd4996cb3dc -> 
  custom:framework-win-MediaFoundation: 216162199b28c13a410421893ffa2e32 -> 
  custom:CustomObjectIndexerAttribute: 756ad292c208cfabdd7b50bc23989ffe -> 
  custom:container-demuxer-webm: 4f35f7cbe854078d1ac9338744f61a02 -> 
  custom:container-muxer-webm: aa71ff27fc2769a1b78a27578f13a17b -> 
  custom:video-decoder-webm-vp8: 9c59270c3fd7afecdb556c50c9e8de78 -> 
  custom:SearchIndexIgnoredProperties: e643bd26f0fe6173181afceb89e7c659 -> 
  custom:AudioImporter_EditorPlatform: d09bf68614088b80899f8185d706f6e7 -> 
  custom:video-encoder-webm-vp8: eb34c28f22e8b96e1ab97ce403110664 -> 
  custom:audio-decoder-ogg-vorbis: bf7c407c2cedff20999df2af8eb42d56 -> 
  custom:audio-encoder-webm-vorbis: bf7c407c2cedff20999df2af8eb42d56 -> 
========================================================================
Received Import Request.
  Time since last request: 16.251700 seconds.
  path: Assets/Assets/Laboratory/Models/Furniture/Vivarium/Suspension01.fbx
  artifactKey: Guid(e07c013039f377a4097f2cde12f623e9) Importer(815301076,1909f56bfc062723c751e8b465ee728b)
Start importing Assets/Assets/Laboratory/Models/Furniture/Vivarium/Suspension01.fbx using Guid(e07c013039f377a4097f2cde12f623e9) Importer(815301076,1909f56bfc062723c751e8b465ee728b)  -> (artifact id: '82919d4b360bb02501425b3a677023e4') in 0.029141 seconds
Number of updated asset objects reloaded before import = 0
Number of asset objects unloaded after import = 7
========================================================================
Received Import Request.
  Time since last request: 0.000033 seconds.
  path: Assets/Assets/Laboratory/Models/Furniture/Vivarium/VivariumBox01Filling02.fbx
  artifactKey: Guid(7c584a92d44362343b9c4bd89ab6c54d) Importer(815301076,1909f56bfc062723c751e8b465ee728b)
Start importing Assets/Assets/Laboratory/Models/Furniture/Vivarium/VivariumBox01Filling02.fbx using Guid(7c584a92d44362343b9c4bd89ab6c54d) Importer(815301076,1909f56bfc062723c751e8b465ee728b)  -> (artifact id: '56af19737d3325edc6d1a56e7e6f79ee') in 0.203125 seconds
Number of updated asset objects reloaded before import = 0
Number of asset objects unloaded after import = 14
========================================================================
Received Import Request.
  Time since last request: 1.709173 seconds.
  path: Assets/Assets/Laboratory/Models/Furniture/SinkBench/SinkBench01b.fbx
  artifactKey: Guid(181accbea1e2849409d568d68a755afb) Importer(815301076,1909f56bfc062723c751e8b465ee728b)
Start importing Assets/Assets/Laboratory/Models/Furniture/SinkBench/SinkBench01b.fbx using Guid(181accbea1e2849409d568d68a755afb) Importer(815301076,1909f56bfc062723c751e8b465ee728b)  -> (artifact id: '159da9e9cb10cf86f47e6e7024ee78ff') in 0.181164 seconds
Number of updated asset objects reloaded before import = 0
Number of asset objects unloaded after import = 24
========================================================================
Received Import Request.
  Time since last request: 0.639987 seconds.
  path: Assets/Assets/Laboratory/Models/Furniture/UnderBench/UnderBench01b.fbx
  artifactKey: Guid(782e1c094ba41a94cb1f7c987027b1cb) Importer(815301076,1909f56bfc062723c751e8b465ee728b)
Start importing Assets/Assets/Laboratory/Models/Furniture/UnderBench/UnderBench01b.fbx using Guid(782e1c094ba41a94cb1f7c987027b1cb) Importer(815301076,1909f56bfc062723c751e8b465ee728b)  -> (artifact id: 'baa99ab8a143eb5c72e5f0362744e1d0') in 0.115953 seconds
Number of updated asset objects reloaded before import = 0
Number of asset objects unloaded after import = 24
========================================================================
Received Import Request.
  Time since last request: 0.000029 seconds.
  path: Assets/Assets/Laboratory/Models/Furniture/UnderBench/UnderBench03.fbx
  artifactKey: Guid(22bd287dd43790847a90bc80dc4fbdcc) Importer(815301076,1909f56bfc062723c751e8b465ee728b)
Start importing Assets/Assets/Laboratory/Models/Furniture/UnderBench/UnderBench03.fbx using Guid(22bd287dd43790847a90bc80dc4fbdcc) Importer(815301076,1909f56bfc062723c751e8b465ee728b)  -> (artifact id: '39362fbffac204a1880096608f43ba7d') in 0.245714 seconds
Number of updated asset objects reloaded before import = 0
Number of asset objects unloaded after import = 29
========================================================================
Received Import Request.
  Time since last request: 1.184052 seconds.
  path: Assets/Assets/Laboratory/Models/Furniture/Shelf/Shelf01b.fbx
  artifactKey: Guid(f56edb5d4191d5748a02cbfd6d70ae70) Importer(815301076,1909f56bfc062723c751e8b465ee728b)
Start importing Assets/Assets/Laboratory/Models/Furniture/Shelf/Shelf01b.fbx using Guid(f56edb5d4191d5748a02cbfd6d70ae70) Importer(815301076,1909f56bfc062723c751e8b465ee728b)  -> (artifact id: '0fe7d78ba2baef77a083f56857b14a19') in 0.041885 seconds
Number of updated asset objects reloaded before import = 0
Number of asset objects unloaded after import = 7
========================================================================
Received Import Request.
  Time since last request: 0.601231 seconds.
  path: Assets/Assets/Laboratory/Models/Furniture/Server/ServerBay02.fbx
  artifactKey: Guid(1252f3009aedc1f4e99f2e56777a90e8) Importer(815301076,1909f56bfc062723c751e8b465ee728b)
Start importing Assets/Assets/Laboratory/Models/Furniture/Server/ServerBay02.fbx using Guid(1252f3009aedc1f4e99f2e56777a90e8) Importer(815301076,1909f56bfc062723c751e8b465ee728b)  -> (artifact id: '41b6749a34b5d4cc07cf67be447de5b0') in 0.024810 seconds
Number of updated asset objects reloaded before import = 0
Number of asset objects unloaded after import = 7
========================================================================
Received Import Request.
  Time since last request: 0.000026 seconds.
  path: Assets/Assets/Laboratory/Models/Furniture/Server/ServerBay05.fbx
  artifactKey: Guid(b9c241dd5895c4741b8ea31b4f590349) Importer(815301076,1909f56bfc062723c751e8b465ee728b)
Start importing Assets/Assets/Laboratory/Models/Furniture/Server/ServerBay05.fbx using Guid(b9c241dd5895c4741b8ea31b4f590349) Importer(815301076,1909f56bfc062723c751e8b465ee728b)  -> (artifact id: '32b219d23e40ed49558ea4e7019bfaf8') in 0.080747 seconds
Number of updated asset objects reloaded before import = 0
Number of asset objects unloaded after import = 7
========================================================================
Received Import Request.
  Time since last request: 0.477021 seconds.
  path: Assets/Assets/Laboratory/Models/Furniture/Overbench/Overbench02.fbx
  artifactKey: Guid(3302e916dbc4d54459ea3d6a0de3243d) Importer(815301076,1909f56bfc062723c751e8b465ee728b)
Start importing Assets/Assets/Laboratory/Models/Furniture/Overbench/Overbench02.fbx using Guid(3302e916dbc4d54459ea3d6a0de3243d) Importer(815301076,1909f56bfc062723c751e8b465ee728b)  -> (artifact id: '1b55e2ae1fb30d047a34e8735badc711') in 0.057404 seconds
Number of updated asset objects reloaded before import = 0
Number of asset objects unloaded after import = 14
========================================================================
Received Import Request.
  Time since last request: 1.089637 seconds.
  path: Assets/Assets/Laboratory/Models/Furniture/Machinery/Machinery02.fbx
  artifactKey: Guid(03cf70c7c9e3681488debcf57d2dabfc) Importer(815301076,1909f56bfc062723c751e8b465ee728b)
Start importing Assets/Assets/Laboratory/Models/Furniture/Machinery/Machinery02.fbx using Guid(03cf70c7c9e3681488debcf57d2dabfc) Importer(815301076,1909f56bfc062723c751e8b465ee728b)  -> (artifact id: '89190b465e5c6cd55cfa5e51bdc2796f') in 0.128771 seconds
Number of updated asset objects reloaded before import = 0
Number of asset objects unloaded after import = 19
========================================================================
Received Import Request.
  Time since last request: 1.865056 seconds.
  path: Assets/Assets/Laboratory/Models/Furniture/Fridge/Fridge02.fbx
  artifactKey: Guid(e3a0a572fff77ac4e9fa45a66af96f31) Importer(815301076,1909f56bfc062723c751e8b465ee728b)
Start importing Assets/Assets/Laboratory/Models/Furniture/Fridge/Fridge02.fbx using Guid(e3a0a572fff77ac4e9fa45a66af96f31) Importer(815301076,1909f56bfc062723c751e8b465ee728b)  -> (artifact id: '11841d5072a03682386d542fea16a19c') in 0.082216 seconds
Number of updated asset objects reloaded before import = 0
Number of asset objects unloaded after import = 19
========================================================================
Received Import Request.
  Time since last request: 0.724269 seconds.
  path: Assets/Assets/Laboratory/Models/Furniture/Desk/Desk01b.fbx
  artifactKey: Guid(20696776251b6a140a9ef530fa52a4fb) Importer(815301076,1909f56bfc062723c751e8b465ee728b)
Start importing Assets/Assets/Laboratory/Models/Furniture/Desk/Desk01b.fbx using Guid(20696776251b6a140a9ef530fa52a4fb) Importer(815301076,1909f56bfc062723c751e8b465ee728b)  -> (artifact id: 'cb8a2c63644cb8d947b49d2e08498bea') in 0.024712 seconds
Number of updated asset objects reloaded before import = 0
Number of asset objects unloaded after import = 7
========================================================================
Received Import Request.
  Time since last request: 0.000035 seconds.
  path: Assets/Assets/Laboratory/Models/Furniture/Desk/Desk02b.fbx
  artifactKey: Guid(93e4e94a5c14bfd489a6b671cd41288b) Importer(815301076,1909f56bfc062723c751e8b465ee728b)
Start importing Assets/Assets/Laboratory/Models/Furniture/Desk/Desk02b.fbx using Guid(93e4e94a5c14bfd489a6b671cd41288b) Importer(815301076,1909f56bfc062723c751e8b465ee728b)  -> (artifact id: '59fb59ab6c54a09f391d8c8e78beaf12') in 0.036133 seconds
Number of updated asset objects reloaded before import = 0
Number of asset objects unloaded after import = 7
========================================================================
Received Import Request.
  Time since last request: 0.000124 seconds.
  path: Assets/Assets/Laboratory/Models/Furniture/Desk/Desk03Decal_m.png
  artifactKey: Guid(f3853c9e7ce2d3a4ea31c48ac9a397b5) Importer(815301076,1909f56bfc062723c751e8b465ee728b)
Start importing Assets/Assets/Laboratory/Models/Furniture/Desk/Desk03Decal_m.png using Guid(f3853c9e7ce2d3a4ea31c48ac9a397b5) Importer(815301076,1909f56bfc062723c751e8b465ee728b)  -> (artifact id: 'ccb32a2f55f682c9e731badcc9cea2ca') in 0.148538 seconds
Number of updated asset objects reloaded before import = 0
Number of asset objects unloaded after import = 2
========================================================================
Received Import Request.
  Time since last request: 2.042126 seconds.
  path: Assets/Assets/Laboratory/Models/Furniture/Cupboard/Cupboard02.fbx
  artifactKey: Guid(77223829ed4b02c498df107d9d780d7b) Importer(815301076,1909f56bfc062723c751e8b465ee728b)
Start importing Assets/Assets/Laboratory/Models/Furniture/Cupboard/Cupboard02.fbx using Guid(77223829ed4b02c498df107d9d780d7b) Importer(815301076,1909f56bfc062723c751e8b465ee728b)  -> (artifact id: '44fc653b7bd4c0eece895a078879621a') in 0.262338 seconds
Number of updated asset objects reloaded before import = 0
Number of asset objects unloaded after import = 29
========================================================================
Received Import Request.
  Time since last request: 1.088208 seconds.
  path: Assets/Assets/Laboratory/Models/Furniture/Bench/Bench01b.fbx
  artifactKey: Guid(f2604333e01d3074ebcecdd5497a25a8) Importer(815301076,1909f56bfc062723c751e8b465ee728b)
Start importing Assets/Assets/Laboratory/Models/Furniture/Bench/Bench01b.fbx using Guid(f2604333e01d3074ebcecdd5497a25a8) Importer(815301076,1909f56bfc062723c751e8b465ee728b)  -> (artifact id: 'b323b54b9d01045e7df241de5e078766') in 0.121572 seconds
Number of updated asset objects reloaded before import = 0
Number of asset objects unloaded after import = 19
========================================================================
Received Import Request.
  Time since last request: 0.000038 seconds.
  path: Assets/Assets/Laboratory/Models/Furniture/Bench/Bench03b.fbx
  artifactKey: Guid(bb3f348e96d100848bb465b712aec6ca) Importer(815301076,1909f56bfc062723c751e8b465ee728b)
Start importing Assets/Assets/Laboratory/Models/Furniture/Bench/Bench03b.fbx using Guid(bb3f348e96d100848bb465b712aec6ca) Importer(815301076,1909f56bfc062723c751e8b465ee728b)  -> (artifact id: 'b3dfe74b2c7cdc30df7bb799ddbb9bf9') in 0.386196 seconds
Number of updated asset objects reloaded before import = 0
Number of asset objects unloaded after import = 59
========================================================================
Received Import Request.
  Time since last request: 22.753605 seconds.
  path: Assets/Assets/Laboratory_Interior/Prefabs/Lab_Table_2.prefab
  artifactKey: Guid(cae784863f0c1e0439f5d3e273afa462) Importer(815301076,1909f56bfc062723c751e8b465ee728b)
Start importing Assets/Assets/Laboratory_Interior/Prefabs/Lab_Table_2.prefab using Guid(cae784863f0c1e0439f5d3e273afa462) Importer(815301076,1909f56bfc062723c751e8b465ee728b)  -> (artifact id: '74735b0179893507297d0e84e7c2a3e7') in 0.063485 seconds
Number of updated asset objects reloaded before import = 0
Number of asset objects unloaded after import = 13
========================================================================
Received Import Request.
  Time since last request: 0.000016 seconds.
  path: Assets/Assets/Laboratory_Interior/Prefabs/Microscope.prefab
  artifactKey: Guid(1e004c64221444c44a549f1d2d7d4933) Importer(815301076,1909f56bfc062723c751e8b465ee728b)
Start importing Assets/Assets/Laboratory_Interior/Prefabs/Microscope.prefab using Guid(1e004c64221444c44a549f1d2d7d4933) Importer(815301076,1909f56bfc062723c751e8b465ee728b)  -> (artifact id: '528eff8c060bacc74c9d1fccd84d4bfc') in 0.606135 seconds
Number of updated asset objects reloaded before import = 0
Number of asset objects unloaded after import = 13
========================================================================
Received Import Request.
  Time since last request: 30.017455 seconds.
  path: Assets/Assets/Laboratory/Models/Furniture/WallBench/WallBench02.fbx
  artifactKey: Guid(6d812ebffb2b1f94c9e461a683459668) Importer(815301076,1909f56bfc062723c751e8b465ee728b)
Start importing Assets/Assets/Laboratory/Models/Furniture/WallBench/WallBench02.fbx using Guid(6d812ebffb2b1f94c9e461a683459668) Importer(815301076,1909f56bfc062723c751e8b465ee728b)  -> (artifact id: 'd9445ae145ddeea7c4273e4a9b43520b') in 0.029004 seconds
Number of updated asset objects reloaded before import = 0
Number of asset objects unloaded after import = 7
========================================================================
Received Import Request.
  Time since last request: 0.000014 seconds.
  path: Assets/Assets/Laboratory/Models/Furniture/WallBench/WallBenchPart01b.fbx
  artifactKey: Guid(e2a567106729df148ad1fcbb369f7bac) Importer(815301076,1909f56bfc062723c751e8b465ee728b)
Start importing Assets/Assets/Laboratory/Models/Furniture/WallBench/WallBenchPart01b.fbx using Guid(e2a567106729df148ad1fcbb369f7bac) Importer(815301076,1909f56bfc062723c751e8b465ee728b)  -> (artifact id: '9029aa1b8ca4754233f9b9ffa21e739b') in 0.058926 seconds
Number of updated asset objects reloaded before import = 0
Number of asset objects unloaded after import = 7
========================================================================
Received Import Request.
  Time since last request: 0.000015 seconds.
  path: Assets/Assets/Laboratory/Models/Furniture/WallBench/WallBenchPart01d.fbx
  artifactKey: Guid(f7a55ca997f9bcb44b06bf8ea79ef582) Importer(815301076,1909f56bfc062723c751e8b465ee728b)
Start importing Assets/Assets/Laboratory/Models/Furniture/WallBench/WallBenchPart01d.fbx using Guid(f7a55ca997f9bcb44b06bf8ea79ef582) Importer(815301076,1909f56bfc062723c751e8b465ee728b)  -> (artifact id: '4e9844a7d52abfa8eb4bccb9b2635ef3') in 0.048106 seconds
Number of updated asset objects reloaded before import = 0
Number of asset objects unloaded after import = 7
========================================================================
Received Import Request.
  Time since last request: 2.151910 seconds.
  path: Assets/Assets/Laboratory/Models/Props/Chemistry/Materials/Crystal01b.mat
  artifactKey: Guid(d63ca9efa13a4df4c9797edd804d1a8b) Importer(815301076,1909f56bfc062723c751e8b465ee728b)
Start importing Assets/Assets/Laboratory/Models/Props/Chemistry/Materials/Crystal01b.mat using Guid(d63ca9efa13a4df4c9797edd804d1a8b) Importer(815301076,1909f56bfc062723c751e8b465ee728b)  -> (artifact id: '4f7bfbf9196fb4e2ae57c7689dc3d349') in 0.034355 seconds
Number of updated asset objects reloaded before import = 0
Number of asset objects unloaded after import = 2
========================================================================
Received Import Request.
  Time since last request: 2.669692 seconds.
  path: Assets/Assets/Laboratory/Models/Props/Hardware/Bioreactor01/Bioreactor01_a.png
  artifactKey: Guid(9d2830d2edd2e09498a8474d19819aec) Importer(815301076,1909f56bfc062723c751e8b465ee728b)
Start importing Assets/Assets/Laboratory/Models/Props/Hardware/Bioreactor01/Bioreactor01_a.png using Guid(9d2830d2edd2e09498a8474d19819aec) Importer(815301076,1909f56bfc062723c751e8b465ee728b)  -> (artifact id: 'aba26337a691a8276bf16027739c913c') in 0.051256 seconds
Number of updated asset objects reloaded before import = 0
Number of asset objects unloaded after import = 2
========================================================================
Received Import Request.
  Time since last request: 0.000048 seconds.
  path: Assets/Assets/Laboratory/Models/Props/Hardware/Bioreactor01/Bioreactor01_o.png
  artifactKey: Guid(ec190fe968bbbe443a0102c76ae88637) Importer(815301076,1909f56bfc062723c751e8b465ee728b)
Start importing Assets/Assets/Laboratory/Models/Props/Hardware/Bioreactor01/Bioreactor01_o.png using Guid(ec190fe968bbbe443a0102c76ae88637) Importer(815301076,1909f56bfc062723c751e8b465ee728b)  -> (artifact id: '0ff3795abdfa18718042d6bce9eee30b') in 0.069817 seconds
Number of updated asset objects reloaded before import = 0
Number of asset objects unloaded after import = 2
========================================================================
Received Import Request.
  Time since last request: 1.864825 seconds.
  path: Assets/Assets/Laboratory/Models/Props/Hardware/Bioreactor01/Materials/Bioreactor01_MaskMap.png
  artifactKey: Guid(a1a89c9c8c75aac43ac75aac32b9fb84) Importer(815301076,1909f56bfc062723c751e8b465ee728b)
Start importing Assets/Assets/Laboratory/Models/Props/Hardware/Bioreactor01/Materials/Bioreactor01_MaskMap.png using Guid(a1a89c9c8c75aac43ac75aac32b9fb84) Importer(815301076,1909f56bfc062723c751e8b465ee728b)  -> (artifact id: 'bd671df02c4f98c6af251d7e833dd5c3') in 0.052349 seconds
Number of updated asset objects reloaded before import = 0
Number of asset objects unloaded after import = 2
========================================================================
Received Import Request.
  Time since last request: 3.593872 seconds.
  path: Assets/Assets/Laboratory/Models/Props/Misc/Barrel01/Barrel01_m.png
  artifactKey: Guid(371f310d57e27a0418d39206cb3258b4) Importer(815301076,1909f56bfc062723c751e8b465ee728b)
Start importing Assets/Assets/Laboratory/Models/Props/Misc/Barrel01/Barrel01_m.png using Guid(371f310d57e27a0418d39206cb3258b4) Importer(815301076,1909f56bfc062723c751e8b465ee728b)  -> (artifact id: '32dff577192bc1f3ba670b754a7e8d7e') in 0.073638 seconds
Number of updated asset objects reloaded before import = 0
Number of asset objects unloaded after import = 2
========================================================================
Received Import Request.
  Time since last request: 4.332186 seconds.
  path: Assets/Assets/Laboratory/Models/Props/Organic/Alien01/Alien01_a.png
  artifactKey: Guid(83580c60958795943ab465c98f017660) Importer(815301076,1909f56bfc062723c751e8b465ee728b)
Start importing Assets/Assets/Laboratory/Models/Props/Organic/Alien01/Alien01_a.png using Guid(83580c60958795943ab465c98f017660) Importer(815301076,1909f56bfc062723c751e8b465ee728b)  -> (artifact id: '27ea0934bc75d16882287b89aac531f2') in 0.032234 seconds
Number of updated asset objects reloaded before import = 0
Number of asset objects unloaded after import = 2
========================================================================
Received Import Request.
  Time since last request: 0.029336 seconds.
  path: Assets/Assets/Laboratory/Models/Props/Organic/Alien01/Alien01b_a.png
  artifactKey: Guid(1daec5c543b0d0042a172d757c14eca3) Importer(815301076,1909f56bfc062723c751e8b465ee728b)
Start importing Assets/Assets/Laboratory/Models/Props/Organic/Alien01/Alien01b_a.png using Guid(1daec5c543b0d0042a172d757c14eca3) Importer(815301076,1909f56bfc062723c751e8b465ee728b)  -> (artifact id: 'ff3c7917da5dd7dc94f4db4fa37b334f') in 0.041794 seconds
Number of updated asset objects reloaded before import = 0
Number of asset objects unloaded after import = 2
========================================================================
Received Import Request.
  Time since last request: 6.012657 seconds.
  path: Assets/Assets/Laboratory/Models/Props/Supplies/PlasticBottle/PlasticBottle02.fbx
  artifactKey: Guid(6b7b4478857c7d84e980b26a35b53d17) Importer(815301076,1909f56bfc062723c751e8b465ee728b)
Start importing Assets/Assets/Laboratory/Models/Props/Supplies/PlasticBottle/PlasticBottle02.fbx using Guid(6b7b4478857c7d84e980b26a35b53d17) Importer(815301076,1909f56bfc062723c751e8b465ee728b)  -> (artifact id: 'b8ef6e047b50f430b507478717959e68') in 0.029443 seconds
Number of updated asset objects reloaded before import = 0
Number of asset objects unloaded after import = 7
========================================================================
Received Import Request.
  Time since last request: 2.077406 seconds.
  path: Assets/Assets/Laboratory/Models/Props/Supplies/PlasticVial/PlasticVial02.fbx
  artifactKey: Guid(077cc8c6d4742fd4aa40f07f55bb4a52) Importer(815301076,1909f56bfc062723c751e8b465ee728b)
Start importing Assets/Assets/Laboratory/Models/Props/Supplies/PlasticVial/PlasticVial02.fbx using Guid(077cc8c6d4742fd4aa40f07f55bb4a52) Importer(815301076,1909f56bfc062723c751e8b465ee728b)  -> (artifact id: '96f61dfbd509117430d79dc21540dba4') in 0.030477 seconds
Number of updated asset objects reloaded before import = 0
Number of asset objects unloaded after import = 7
========================================================================
Received Import Request.
  Time since last request: 3.693215 seconds.
  path: Assets/Assets/Laboratory/Models/Props/WasteBin/Wastebin01_a.png
  artifactKey: Guid(a94ff98610fbb2f459c8f26502cbffbf) Importer(815301076,1909f56bfc062723c751e8b465ee728b)
Start importing Assets/Assets/Laboratory/Models/Props/WasteBin/Wastebin01_a.png using Guid(a94ff98610fbb2f459c8f26502cbffbf) Importer(815301076,1909f56bfc062723c751e8b465ee728b)  -> (artifact id: '941873f38e416b7173922943d0fab2d6') in 0.229768 seconds
Number of updated asset objects reloaded before import = 0
Number of asset objects unloaded after import = 2
========================================================================
Received Import Request.
  Time since last request: 0.000059 seconds.
  path: Assets/Assets/Laboratory/Models/Props/WasteBin/Wastebin02_a.png
  artifactKey: Guid(4bd9917fc7d068442be03275ad50f4b2) Importer(815301076,1909f56bfc062723c751e8b465ee728b)
Start importing Assets/Assets/Laboratory/Models/Props/WasteBin/Wastebin02_a.png using Guid(4bd9917fc7d068442be03275ad50f4b2) Importer(815301076,1909f56bfc062723c751e8b465ee728b)  -> (artifact id: 'f9c0eeba50624171073fedc5f1b8b34b') in 0.071769 seconds
Number of updated asset objects reloaded before import = 0
Number of asset objects unloaded after import = 2
========================================================================
Received Import Request.
  Time since last request: 0.001389 seconds.
  path: Assets/Assets/Laboratory/Models/Props/WasteBin/Wastebin02.fbx
  artifactKey: Guid(117b65739345a1c4ea8430e5527c40e2) Importer(815301076,1909f56bfc062723c751e8b465ee728b)
Start importing Assets/Assets/Laboratory/Models/Props/WasteBin/Wastebin02.fbx using Guid(117b65739345a1c4ea8430e5527c40e2) Importer(815301076,1909f56bfc062723c751e8b465ee728b)  -> (artifact id: '5fe6f897b451dca26b18a22282b12d6b') in 0.039981 seconds
Number of updated asset objects reloaded before import = 0
Number of asset objects unloaded after import = 7
========================================================================
Received Import Request.
  Time since last request: 2.196168 seconds.
  path: Assets/Assets/Laboratory/Models/Props/WasteBag/WasteBag01_a.png
  artifactKey: Guid(8bdb1e5c7d5040c4b9f046069639940d) Importer(815301076,1909f56bfc062723c751e8b465ee728b)
Start importing Assets/Assets/Laboratory/Models/Props/WasteBag/WasteBag01_a.png using Guid(8bdb1e5c7d5040c4b9f046069639940d) Importer(815301076,1909f56bfc062723c751e8b465ee728b)  -> (artifact id: 'c67e5a4896e8627478047a144e92752e') in 0.047714 seconds
Number of updated asset objects reloaded before import = 0
Number of asset objects unloaded after import = 2
========================================================================
Received Import Request.
  Time since last request: 11.156254 seconds.
  path: Assets/Assets/Laboratory/Models/Props/Hardware/Centrifuge01/Centrifuge01_a.png
  artifactKey: Guid(ee9ee56824c529148ab96d34f6775219) Importer(815301076,1909f56bfc062723c751e8b465ee728b)
Start importing Assets/Assets/Laboratory/Models/Props/Hardware/Centrifuge01/Centrifuge01_a.png using Guid(ee9ee56824c529148ab96d34f6775219) Importer(815301076,1909f56bfc062723c751e8b465ee728b)  -> (artifact id: 'a606294734c6fd005f04fccb385c32e6') in 0.043751 seconds
Number of updated asset objects reloaded before import = 0
Number of asset objects unloaded after import = 2
========================================================================
Received Import Request.
  Time since last request: 0.000030 seconds.
  path: Assets/Assets/Laboratory/Models/Props/Hardware/Centrifuge01/Centrifuge01_o.png
  artifactKey: Guid(5a0a2791fdb238a4daa829560b0d3361) Importer(815301076,1909f56bfc062723c751e8b465ee728b)
Start importing Assets/Assets/Laboratory/Models/Props/Hardware/Centrifuge01/Centrifuge01_o.png using Guid(5a0a2791fdb238a4daa829560b0d3361) Importer(815301076,1909f56bfc062723c751e8b465ee728b)  -> (artifact id: '26701de5330cce5c3a4074d8c5697ce5') in 0.044741 seconds
Number of updated asset objects reloaded before import = 0
Number of asset objects unloaded after import = 2
========================================================================
Received Import Request.
  Time since last request: 1.592037 seconds.
  path: Assets/Assets/Laboratory/Models/Props/Hardware/Centrifuge02/Centrifuge02_a.png
  artifactKey: Guid(d2166928e934f294f828f6f6d6895303) Importer(815301076,1909f56bfc062723c751e8b465ee728b)
Start importing Assets/Assets/Laboratory/Models/Props/Hardware/Centrifuge02/Centrifuge02_a.png using Guid(d2166928e934f294f828f6f6d6895303) Importer(815301076,1909f56bfc062723c751e8b465ee728b)  -> (artifact id: '0b7e2845760527c58102dabf5354502f') in 0.049884 seconds
Number of updated asset objects reloaded before import = 0
Number of asset objects unloaded after import = 2
========================================================================
Received Import Request.
  Time since last request: 0.936641 seconds.
  path: Assets/Assets/Laboratory/Models/Props/Hardware/Centrifuge03/Centrifuge03_a.png
  artifactKey: Guid(1caab029088294a468cab7a37b8b050e) Importer(815301076,1909f56bfc062723c751e8b465ee728b)
Start importing Assets/Assets/Laboratory/Models/Props/Hardware/Centrifuge03/Centrifuge03_a.png using Guid(1caab029088294a468cab7a37b8b050e) Importer(815301076,1909f56bfc062723c751e8b465ee728b)  -> (artifact id: '694af9ccb9c6bbaa0fab6510f0747419') in 0.090607 seconds
Number of updated asset objects reloaded before import = 0
Number of asset objects unloaded after import = 2
========================================================================
Received Import Request.
  Time since last request: 1.050467 seconds.
  path: Assets/Assets/Laboratory/Models/Props/Hardware/Incubator01/Incubator01_a.png
  artifactKey: Guid(de74967b64dad064e87f080d6507d36f) Importer(815301076,1909f56bfc062723c751e8b465ee728b)
Start importing Assets/Assets/Laboratory/Models/Props/Hardware/Incubator01/Incubator01_a.png using Guid(de74967b64dad064e87f080d6507d36f) Importer(815301076,1909f56bfc062723c751e8b465ee728b)  -> (artifact id: '409dbd56a9d3b8e0c4ac20e442d59cb5') in 0.056102 seconds
Number of updated asset objects reloaded before import = 0
Number of asset objects unloaded after import = 2
========================================================================
Received Import Request.
  Time since last request: 0.707937 seconds.
  path: Assets/Assets/Laboratory/Models/Props/Hardware/Incubator02/Incubator02_a.PNG
  artifactKey: Guid(d6767a749b6b1a8418eeefa69491e220) Importer(815301076,1909f56bfc062723c751e8b465ee728b)
Start importing Assets/Assets/Laboratory/Models/Props/Hardware/Incubator02/Incubator02_a.PNG using Guid(d6767a749b6b1a8418eeefa69491e220) Importer(815301076,1909f56bfc062723c751e8b465ee728b)  -> (artifact id: '59612580cd0ebe7b95cfbd7ceeb24260') in 0.044043 seconds
Number of updated asset objects reloaded before import = 0
Number of asset objects unloaded after import = 2
========================================================================
Received Import Request.
  Time since last request: 0.000032 seconds.
  path: Assets/Assets/Laboratory/Models/Props/Hardware/Incubator02/Incubator02_n.PNG
  artifactKey: Guid(06bf23e70af7d0646996e579923b95c1) Importer(815301076,1909f56bfc062723c751e8b465ee728b)
Start importing Assets/Assets/Laboratory/Models/Props/Hardware/Incubator02/Incubator02_n.PNG using Guid(06bf23e70af7d0646996e579923b95c1) Importer(815301076,1909f56bfc062723c751e8b465ee728b)  -> (artifact id: 'e6fe63679696de9ae5b65ff5da69c2d6') in 0.125547 seconds
Number of updated asset objects reloaded before import = 0
Number of asset objects unloaded after import = 2
========================================================================
Received Import Request.
  Time since last request: 0.481428 seconds.
  path: Assets/Assets/Laboratory/Models/Props/Hardware/Keyboard01/Keyboard01_.png
  artifactKey: Guid(53aa415549d4d9c4e816e4e3deed6c1a) Importer(815301076,1909f56bfc062723c751e8b465ee728b)
Start importing Assets/Assets/Laboratory/Models/Props/Hardware/Keyboard01/Keyboard01_.png using Guid(53aa415549d4d9c4e816e4e3deed6c1a) Importer(815301076,1909f56bfc062723c751e8b465ee728b)  -> (artifact id: '9594c28c5334c8724f59a3e8a2b0b0d9') in 0.040286 seconds
Number of updated asset objects reloaded before import = 0
Number of asset objects unloaded after import = 2
========================================================================
Received Import Request.
  Time since last request: 0.472733 seconds.
  path: Assets/Assets/Laboratory/Models/Props/Hardware/Laptop01/Laptop01_a.png
  artifactKey: Guid(8039968d666022a4aae636b9e94e2827) Importer(815301076,1909f56bfc062723c751e8b465ee728b)
Start importing Assets/Assets/Laboratory/Models/Props/Hardware/Laptop01/Laptop01_a.png using Guid(8039968d666022a4aae636b9e94e2827) Importer(815301076,1909f56bfc062723c751e8b465ee728b)  -> (artifact id: '6f937d9ccc309e5a82fc24387d7ec709') in 0.037208 seconds
Number of updated asset objects reloaded before import = 0
Number of asset objects unloaded after import = 2
========================================================================
Received Import Request.
  Time since last request: 0.000029 seconds.
  path: Assets/Assets/Laboratory/Models/Props/Hardware/Laptop01/Laptop01_n.png
  artifactKey: Guid(4a8af5d144ee2c143a41154f3921e9a2) Importer(815301076,1909f56bfc062723c751e8b465ee728b)
Start importing Assets/Assets/Laboratory/Models/Props/Hardware/Laptop01/Laptop01_n.png using Guid(4a8af5d144ee2c143a41154f3921e9a2) Importer(815301076,1909f56bfc062723c751e8b465ee728b)  -> (artifact id: '79d780cbfd596a3ec41a986e68c8d266') in 0.055521 seconds
Number of updated asset objects reloaded before import = 0
Number of asset objects unloaded after import = 2
========================================================================
Received Import Request.
  Time since last request: 0.000095 seconds.
  path: Assets/Assets/Laboratory/Models/Props/Hardware/Laptop01/Laptop01d_e.png
  artifactKey: Guid(cf6c63c59af0f824d8975f5ee8556170) Importer(815301076,1909f56bfc062723c751e8b465ee728b)
Start importing Assets/Assets/Laboratory/Models/Props/Hardware/Laptop01/Laptop01d_e.png using Guid(cf6c63c59af0f824d8975f5ee8556170) Importer(815301076,1909f56bfc062723c751e8b465ee728b)  -> (artifact id: '375a6eaf4a8bb3716ca5e253ae89ba8d') in 0.058018 seconds
Number of updated asset objects reloaded before import = 0
Number of asset objects unloaded after import = 2
========================================================================
Received Import Request.
  Time since last request: 1.546195 seconds.
  path: Assets/Assets/Laboratory/Models/Props/Hardware/Microscope01/Microscope01_a.PNG
  artifactKey: Guid(1e96c0aacbb1ede40b533c49c557697c) Importer(815301076,1909f56bfc062723c751e8b465ee728b)
Start importing Assets/Assets/Laboratory/Models/Props/Hardware/Microscope01/Microscope01_a.PNG using Guid(1e96c0aacbb1ede40b533c49c557697c) Importer(815301076,1909f56bfc062723c751e8b465ee728b)  -> (artifact id: '80150fbf675af2cffe1efba27360b169') in 0.071890 seconds
Number of updated asset objects reloaded before import = 0
Number of asset objects unloaded after import = 2
========================================================================
Received Import Request.
  Time since last request: 0.000024 seconds.
  path: Assets/Assets/Laboratory/Models/Props/Hardware/Microscope01/Microscope01_o.PNG
  artifactKey: Guid(9c2445377dec79f40a45e2dab35e9265) Importer(815301076,1909f56bfc062723c751e8b465ee728b)
Start importing Assets/Assets/Laboratory/Models/Props/Hardware/Microscope01/Microscope01_o.PNG using Guid(9c2445377dec79f40a45e2dab35e9265) Importer(815301076,1909f56bfc062723c751e8b465ee728b)  -> (artifact id: 'ec3ef1f4ffc8109eb80a1362e12168c7') in 0.059365 seconds
Number of updated asset objects reloaded before import = 0
Number of asset objects unloaded after import = 2
========================================================================
Received Import Request.
  Time since last request: 0.945914 seconds.
  path: Assets/Assets/Laboratory/Models/Props/Hardware/Monitor01/Monitor01_a.png
  artifactKey: Guid(f0ab325c7b63d7e4ab3577247c45a0f4) Importer(815301076,1909f56bfc062723c751e8b465ee728b)
Start importing Assets/Assets/Laboratory/Models/Props/Hardware/Monitor01/Monitor01_a.png using Guid(f0ab325c7b63d7e4ab3577247c45a0f4) Importer(815301076,1909f56bfc062723c751e8b465ee728b)  -> (artifact id: '958842659828d426df418cbbe028bd79') in 0.203368 seconds
Number of updated asset objects reloaded before import = 0
Number of asset objects unloaded after import = 2
========================================================================
Received Import Request.
  Time since last request: 0.724925 seconds.
  path: Assets/Assets/Laboratory/Models/Props/Hardware/Mouse01/Mouse01_a.PNG
  artifactKey: Guid(b30346a4863e68842b074750cfc63871) Importer(815301076,1909f56bfc062723c751e8b465ee728b)
Start importing Assets/Assets/Laboratory/Models/Props/Hardware/Mouse01/Mouse01_a.PNG using Guid(b30346a4863e68842b074750cfc63871) Importer(815301076,1909f56bfc062723c751e8b465ee728b)  -> (artifact id: 'fe1ac567f51cd30c1ce93444709f2d8c') in 0.058745 seconds
Number of updated asset objects reloaded before import = 0
Number of asset objects unloaded after import = 2
========================================================================
Received Import Request.
  Time since last request: 0.940516 seconds.
  path: Assets/Assets/Laboratory/Models/Props/Hardware/Spectrophotometer01/Spectrophotometer01_a.PNG
  artifactKey: Guid(95f207f3518c51442b7a2dc92540dfcb) Importer(815301076,1909f56bfc062723c751e8b465ee728b)
Start importing Assets/Assets/Laboratory/Models/Props/Hardware/Spectrophotometer01/Spectrophotometer01_a.PNG using Guid(95f207f3518c51442b7a2dc92540dfcb) Importer(815301076,1909f56bfc062723c751e8b465ee728b)  -> (artifact id: '226571637b6908a6514d63ce52ec1120') in 0.036152 seconds
Number of updated asset objects reloaded before import = 0
Number of asset objects unloaded after import = 2
========================================================================
Received Import Request.
  Time since last request: 0.001131 seconds.
  path: Assets/Assets/Laboratory/Models/Props/Hardware/Spectrophotometer01/Spectrophotometer01_o.PNG
  artifactKey: Guid(6732033884858964bb54f2388fb2b23d) Importer(815301076,1909f56bfc062723c751e8b465ee728b)
Start importing Assets/Assets/Laboratory/Models/Props/Hardware/Spectrophotometer01/Spectrophotometer01_o.PNG using Guid(6732033884858964bb54f2388fb2b23d) Importer(815301076,1909f56bfc062723c751e8b465ee728b)  -> (artifact id: '51d54dc5dc29bf3f30de8a5de657db3f') in 0.056162 seconds
Number of updated asset objects reloaded before import = 0
Number of asset objects unloaded after import = 2
========================================================================
Received Import Request.
  Time since last request: 0.569106 seconds.
  path: Assets/Assets/Laboratory/Models/Props/Hardware/UltraSonicCleaner01/UltrasonicCleaner01_a.PNG
  artifactKey: Guid(0db984e2190483d4cb0c8b758eea4d96) Importer(815301076,1909f56bfc062723c751e8b465ee728b)
Start importing Assets/Assets/Laboratory/Models/Props/Hardware/UltraSonicCleaner01/UltrasonicCleaner01_a.PNG using Guid(0db984e2190483d4cb0c8b758eea4d96) Importer(815301076,1909f56bfc062723c751e8b465ee728b)  -> (artifact id: 'd8c9437058d39fd3d35b45456057d32d') in 0.065543 seconds
Number of updated asset objects reloaded before import = 0
Number of asset objects unloaded after import = 2
========================================================================
Received Import Request.
  Time since last request: 0.000020 seconds.
  path: Assets/Assets/Laboratory/Models/Props/Hardware/UltraSonicCleaner01/UltrasonicCleaner01_o.PNG
  artifactKey: Guid(67cacbd7eae6e5f4294114f68037e438) Importer(815301076,1909f56bfc062723c751e8b465ee728b)
Start importing Assets/Assets/Laboratory/Models/Props/Hardware/UltraSonicCleaner01/UltrasonicCleaner01_o.PNG using Guid(67cacbd7eae6e5f4294114f68037e438) Importer(815301076,1909f56bfc062723c751e8b465ee728b)  -> (artifact id: '814322a99739d6866c002f04053515be') in 0.072336 seconds
Number of updated asset objects reloaded before import = 0
Number of asset objects unloaded after import = 2
========================================================================
Received Import Request.
  Time since last request: 43.345177 seconds.
  path: Assets/Assets/Laboratory/Models/Props/Hardware/UltraSonicCleaner01/Materials/UltrasonicCleaner01_MaskMap.png
  artifactKey: Guid(14b6f5209b645a142afc28a0929bd2e3) Importer(815301076,1909f56bfc062723c751e8b465ee728b)
Start importing Assets/Assets/Laboratory/Models/Props/Hardware/UltraSonicCleaner01/Materials/UltrasonicCleaner01_MaskMap.png using Guid(14b6f5209b645a142afc28a0929bd2e3) Importer(815301076,1909f56bfc062723c751e8b465ee728b)  -> (artifact id: '68859348809990498dbf8121b714cf06') in 0.037187 seconds
Number of updated asset objects reloaded before import = 0
Number of asset objects unloaded after import = 2
========================================================================
Received Import Request.
  Time since last request: 283.690220 seconds.
  path: Assets/ChemLabEquipment/Materials/BalanceMat.mat
  artifactKey: Guid(f1c4d6f44e8aa0d418067dea2ff46135) Importer(815301076,1909f56bfc062723c751e8b465ee728b)
Start importing Assets/ChemLabEquipment/Materials/BalanceMat.mat using Guid(f1c4d6f44e8aa0d418067dea2ff46135) Importer(815301076,1909f56bfc062723c751e8b465ee728b)  -> (artifact id: '4a4864b739d9f39792e35669cce082d5') in 0.702467 seconds
Number of updated asset objects reloaded before import = 0
Number of asset objects unloaded after import = 5
========================================================================
Received Import Request.
  Time since last request: 0.000023 seconds.
  path: Assets/ChemLabEquipment/Materials/BurnerFlameMedium.mat
  artifactKey: Guid(4ea952a29f850a843932bff52e3bafdc) Importer(815301076,1909f56bfc062723c751e8b465ee728b)
Start importing Assets/ChemLabEquipment/Materials/BurnerFlameMedium.mat using Guid(4ea952a29f850a843932bff52e3bafdc) Importer(815301076,1909f56bfc062723c751e8b465ee728b)  -> (artifact id: '2d17d7df252313bdbd69bdc9e5fb9031') in 2.694344 seconds
Number of updated asset objects reloaded before import = 0
Number of asset objects unloaded after import = 2
========================================================================
Received Import Request.
  Time since last request: 0.000750 seconds.
  path: Assets/ChemLabEquipment/Materials/GraduatedCylinderMat.mat
  artifactKey: Guid(79bb30ebaeeb10941abc543cc96e55cb) Importer(815301076,1909f56bfc062723c751e8b465ee728b)
Start importing Assets/ChemLabEquipment/Materials/GraduatedCylinderMat.mat using Guid(79bb30ebaeeb10941abc543cc96e55cb) Importer(815301076,1909f56bfc062723c751e8b465ee728b)  -> (artifact id: '3e8b9f9e6ff790e468e4a931c06c5e1f') in 0.854801 seconds
Number of updated asset objects reloaded before import = 0
Number of asset objects unloaded after import = 2
========================================================================
Received Import Request.
  Time since last request: 0.000040 seconds.
  path: Assets/ChemLabEquipment/Materials/RedLiquidMat.mat
  artifactKey: Guid(b57be04691aff5c4cb91a14cc4c8f109) Importer(815301076,1909f56bfc062723c751e8b465ee728b)
Start importing Assets/ChemLabEquipment/Materials/RedLiquidMat.mat using Guid(b57be04691aff5c4cb91a14cc4c8f109) Importer(815301076,1909f56bfc062723c751e8b465ee728b)  -> (artifact id: 'e0b854ea7d5cc0a7879898ccbff52e6c') in 0.548615 seconds
Number of updated asset objects reloaded before import = 0
Number of asset objects unloaded after import = 2
========================================================================
Received Import Request.
  Time since last request: 0.000042 seconds.
  path: Assets/ChemLabEquipment/Models/RetortStand.fbx
  artifactKey: Guid(df33b03693d9fb041af88d326e5ba1c5) Importer(815301076,1909f56bfc062723c751e8b465ee728b)
Start importing Assets/ChemLabEquipment/Models/RetortStand.fbx using Guid(df33b03693d9fb041af88d326e5ba1c5) Importer(815301076,1909f56bfc062723c751e8b465ee728b)  -> (artifact id: 'dc50712cabbab55bbc690c255344688d') in 0.080031 seconds
Number of updated asset objects reloaded before import = 0
Number of asset objects unloaded after import = 7
========================================================================
Received Import Request.
  Time since last request: 0.000022 seconds.
  path: Assets/ChemLabEquipment/Materials/Beaker500mLMat.mat
  artifactKey: Guid(0c33a772b6c310348a3909ea6029d4d0) Importer(815301076,1909f56bfc062723c751e8b465ee728b)
Start importing Assets/ChemLabEquipment/Materials/Beaker500mLMat.mat using Guid(0c33a772b6c310348a3909ea6029d4d0) Importer(815301076,1909f56bfc062723c751e8b465ee728b)  -> (artifact id: '68c34095e53ae8cebe9eb2f54dc14dfc') in 0.054411 seconds
Number of updated asset objects reloaded before import = 0
Number of asset objects unloaded after import = 3
========================================================================
Received Import Request.
  Time since last request: 0.000021 seconds.
  path: Assets/ChemLabEquipment/Materials/BurnerFlameSafe.mat
  artifactKey: Guid(227100003651db3408d3b2104541c325) Importer(815301076,1909f56bfc062723c751e8b465ee728b)
Start importing Assets/ChemLabEquipment/Materials/BurnerFlameSafe.mat using Guid(227100003651db3408d3b2104541c325) Importer(815301076,1909f56bfc062723c751e8b465ee728b)  -> (artifact id: '41bdc97e06966955e0f46f0adbeb24a1') in 0.120038 seconds
Number of updated asset objects reloaded before import = 0
Number of asset objects unloaded after import = 2
========================================================================
Received Import Request.
  Time since last request: 0.000324 seconds.
  path: Assets/ChemLabEquipment/Materials/OrangeRubberMat 1.mat
  artifactKey: Guid(6f6cc58a589e0164184595fbfd0170e5) Importer(815301076,1909f56bfc062723c751e8b465ee728b)
Start importing Assets/ChemLabEquipment/Materials/OrangeRubberMat 1.mat using Guid(6f6cc58a589e0164184595fbfd0170e5) Importer(815301076,1909f56bfc062723c751e8b465ee728b)  -> (artifact id: '94eb6e8eeb8266a080139d7dfd98110b') in 0.525669 seconds
Number of updated asset objects reloaded before import = 0
Number of asset objects unloaded after import = 2
========================================================================
Received Import Request.
  Time since last request: 0.000154 seconds.
  path: Assets/ChemLabEquipment/Models/Forceps.fbx
  artifactKey: Guid(3ce08805c29961e47a9a2bd676b41096) Importer(815301076,1909f56bfc062723c751e8b465ee728b)
Start importing Assets/ChemLabEquipment/Models/Forceps.fbx using Guid(3ce08805c29961e47a9a2bd676b41096) Importer(815301076,1909f56bfc062723c751e8b465ee728b)  -> (artifact id: '98b64726d6225a6d6578cdab4ca4051f') in 0.051879 seconds
Number of updated asset objects reloaded before import = 0
Number of asset objects unloaded after import = 7
========================================================================
Received Import Request.
  Time since last request: 0.000096 seconds.
  path: Assets/ChemLabEquipment/Models/GlassRod.fbx
  artifactKey: Guid(fad4e95466dc6ae4f870a315a4812aab) Importer(815301076,1909f56bfc062723c751e8b465ee728b)
Start importing Assets/ChemLabEquipment/Models/GlassRod.fbx using Guid(fad4e95466dc6ae4f870a315a4812aab) Importer(815301076,1909f56bfc062723c751e8b465ee728b)  -> (artifact id: '0cc47cbd9629d3ee57054d3d8b23a7d7') in 0.064370 seconds
Number of updated asset objects reloaded before import = 0
Number of asset objects unloaded after import = 7
========================================================================
Received Import Request.
  Time since last request: 0.000028 seconds.
  path: Assets/ChemLabEquipment/Models/GraduatedCylinder_50mL.fbx
  artifactKey: Guid(fb4adc0678978934d803da31376ea860) Importer(815301076,1909f56bfc062723c751e8b465ee728b)
Start importing Assets/ChemLabEquipment/Models/GraduatedCylinder_50mL.fbx using Guid(fb4adc0678978934d803da31376ea860) Importer(815301076,1909f56bfc062723c751e8b465ee728b)  -> (artifact id: 'edc9ec63067e0947fd37b02fc5085feb') in 0.135499 seconds
Number of updated asset objects reloaded before import = 0
Number of asset objects unloaded after import = 12
========================================================================
Received Import Request.
  Time since last request: 0.000045 seconds.
  path: Assets/ChemLabEquipment/Materials/TransparentPlasticMat.mat
  artifactKey: Guid(fd5b23065600f8345b1e0df13902e425) Importer(815301076,1909f56bfc062723c751e8b465ee728b)
Start importing Assets/ChemLabEquipment/Materials/TransparentPlasticMat.mat using Guid(fd5b23065600f8345b1e0df13902e425) Importer(815301076,1909f56bfc062723c751e8b465ee728b)  -> (artifact id: '891ea7fe9df32cd7eb6b4ad6bfa53735') in 0.053353 seconds
Number of updated asset objects reloaded before import = 0
Number of asset objects unloaded after import = 1
========================================================================
Received Import Request.
  Time since last request: 0.000068 seconds.
  path: Assets/ChemLabEquipment/Models/IronRing.fbx
  artifactKey: Guid(5daf294ab561ce3459ecd3ed87ab8273) Importer(815301076,1909f56bfc062723c751e8b465ee728b)
Start importing Assets/ChemLabEquipment/Models/IronRing.fbx using Guid(5daf294ab561ce3459ecd3ed87ab8273) Importer(815301076,1909f56bfc062723c751e8b465ee728b)  -> (artifact id: '8ddb80710f86f2a383ff72de1adf2c72') in 0.113893 seconds
Number of updated asset objects reloaded before import = 0
Number of asset objects unloaded after import = 12
========================================================================
Received Import Request.
  Time since last request: 0.000024 seconds.
  path: Assets/ChemLabEquipment/Models/Spatula.fbx
  artifactKey: Guid(45192ae98374b744cae07e91f915c43d) Importer(815301076,1909f56bfc062723c751e8b465ee728b)
Start importing Assets/ChemLabEquipment/Models/Spatula.fbx using Guid(45192ae98374b744cae07e91f915c43d) Importer(815301076,1909f56bfc062723c751e8b465ee728b)  -> (artifact id: '33ac3ea6b83fe535a104db41f8142e4a') in 0.068905 seconds
Number of updated asset objects reloaded before import = 0
Number of asset objects unloaded after import = 7
========================================================================
Received Import Request.
  Time since last request: 0.000027 seconds.
  path: Assets/ChemLabEquipment/Models/ErlenmeyerFlask_400mL.fbx
  artifactKey: Guid(d75c8158c3ca94e498c0786eae4f76ef) Importer(815301076,1909f56bfc062723c751e8b465ee728b)
Start importing Assets/ChemLabEquipment/Models/ErlenmeyerFlask_400mL.fbx using Guid(d75c8158c3ca94e498c0786eae4f76ef) Importer(815301076,1909f56bfc062723c751e8b465ee728b)  -> (artifact id: 'a4ebe6a027e457049dd27f048aa1c96f') in 0.106069 seconds
Number of updated asset objects reloaded before import = 0
Number of asset objects unloaded after import = 12
========================================================================
Received Import Request.
  Time since last request: 0.000022 seconds.
  path: Assets/ChemLabEquipment/Models/Beaker_500mL.fbx
  artifactKey: Guid(7016a217ebeacff4bab40c103dccdb77) Importer(815301076,1909f56bfc062723c751e8b465ee728b)
Start importing Assets/ChemLabEquipment/Models/Beaker_500mL.fbx using Guid(7016a217ebeacff4bab40c103dccdb77) Importer(815301076,1909f56bfc062723c751e8b465ee728b)  -> (artifact id: '78a703f8e4a873c425efc1e323cd2f5d') in 0.081844 seconds
Number of updated asset objects reloaded before import = 0
Number of asset objects unloaded after import = 12
========================================================================
Received Import Request.
  Time since last request: 0.000052 seconds.
  path: Assets/ChemLabEquipment/Models/Dropper.fbx
  artifactKey: Guid(da5935330f018ea429482727fff38242) Importer(815301076,1909f56bfc062723c751e8b465ee728b)
Start importing Assets/ChemLabEquipment/Models/Dropper.fbx using Guid(da5935330f018ea429482727fff38242) Importer(815301076,1909f56bfc062723c751e8b465ee728b)  -> (artifact id: '368611083cd31dd8485b09e58869c53b') in 0.073817 seconds
Number of updated asset objects reloaded before import = 0
Number of asset objects unloaded after import = 7
========================================================================
Received Import Request.
  Time since last request: 0.000143 seconds.
  path: Assets/ChemLabEquipment/Models/Scoopula.fbx
  artifactKey: Guid(72054ad07f129b14582394763a630126) Importer(815301076,1909f56bfc062723c751e8b465ee728b)
Start importing Assets/ChemLabEquipment/Models/Scoopula.fbx using Guid(72054ad07f129b14582394763a630126) Importer(815301076,1909f56bfc062723c751e8b465ee728b)  -> (artifact id: '102042cdeb89e48047166773183e481b') in 0.069470 seconds
Number of updated asset objects reloaded before import = 0
Number of asset objects unloaded after import = 7
========================================================================
Received Import Request.
  Time since last request: 0.002822 seconds.
  path: Assets/ChemLabEquipment/Models
  artifactKey: Guid(a0dd59a4a46b84f44a4dff964c0c373f) Importer(815301076,1909f56bfc062723c751e8b465ee728b)
Start importing Assets/ChemLabEquipment/Models using Guid(a0dd59a4a46b84f44a4dff964c0c373f) Importer(815301076,1909f56bfc062723c751e8b465ee728b)  -> (artifact id: 'b98ea20a2bf8d69221c2087bb3e0bef6') in 0.001264 seconds
Number of updated asset objects reloaded before import = 0
Number of asset objects unloaded after import = 0
========================================================================
Received Import Request.
  Time since last request: 0.000046 seconds.
  path: Assets/ChemLabEquipment/Materials/BunsenBurner.mat
  artifactKey: Guid(91188674ebaf8f94a97c3d7d277660fe) Importer(815301076,1909f56bfc062723c751e8b465ee728b)
Start importing Assets/ChemLabEquipment/Materials/BunsenBurner.mat using Guid(91188674ebaf8f94a97c3d7d277660fe) Importer(815301076,1909f56bfc062723c751e8b465ee728b)  -> (artifact id: 'c1f4c7fb0305e1ea281521d6316d3696') in 0.471258 seconds
Number of updated asset objects reloaded before import = 0
Number of asset objects unloaded after import = 4
========================================================================
Received Import Request.
  Time since last request: 0.000047 seconds.
  path: Assets/ChemLabEquipment/Materials/PlasticMat.mat
  artifactKey: Guid(1b14bb703a181454c8b6c3eae3d05db2) Importer(815301076,1909f56bfc062723c751e8b465ee728b)
Start importing Assets/ChemLabEquipment/Materials/PlasticMat.mat using Guid(1b14bb703a181454c8b6c3eae3d05db2) Importer(815301076,1909f56bfc062723c751e8b465ee728b)  -> (artifact id: '27e2c4e1609e2604d4833f8e42bd6435') in 0.050709 seconds
Number of updated asset objects reloaded before import = 0
Number of asset objects unloaded after import = 3
========================================================================
Received Import Request.
  Time since last request: 0.000060 seconds.
  path: Assets/ChemLabEquipment/Materials/BurnerFlame.mat
  artifactKey: Guid(a540bb3c9d9bd9c418d48927b8b274c1) Importer(815301076,1909f56bfc062723c751e8b465ee728b)
Start importing Assets/ChemLabEquipment/Materials/BurnerFlame.mat using Guid(a540bb3c9d9bd9c418d48927b8b274c1) Importer(815301076,1909f56bfc062723c751e8b465ee728b)  -> (artifact id: '7b43b2893c5e1e938c73b50844dbf074') in 0.026242 seconds
Number of updated asset objects reloaded before import = 0
Number of asset objects unloaded after import = 2
========================================================================
Received Import Request.
  Time since last request: 0.000035 seconds.
  path: Assets/ChemLabEquipment/Materials/GlassMat.mat
  artifactKey: Guid(868c49b78b2986d42a241494309aa253) Importer(815301076,1909f56bfc062723c751e8b465ee728b)
Start importing Assets/ChemLabEquipment/Materials/GlassMat.mat using Guid(868c49b78b2986d42a241494309aa253) Importer(815301076,1909f56bfc062723c751e8b465ee728b)  -> (artifact id: '9f036b35edea22264c10841e80d14028') in 0.472893 seconds
Number of updated asset objects reloaded before import = 0
Number of asset objects unloaded after import = 3
========================================================================
Received Import Request.
  Time since last request: 0.568062 seconds.
  path: Assets/ChemLabEquipment/Models/Tripod.fbx
  artifactKey: Guid(bc5a684d12c765d41a325753ca790e71) Importer(815301076,1909f56bfc062723c751e8b465ee728b)
Start importing Assets/ChemLabEquipment/Models/Tripod.fbx using Guid(bc5a684d12c765d41a325753ca790e71) Importer(815301076,1909f56bfc062723c751e8b465ee728b)  -> (artifact id: 'd40c2e6f635c45cebd46fa87a9a141db') in 0.027098 seconds
Number of updated asset objects reloaded before import = 0
Number of asset objects unloaded after import = 7
========================================================================
Received Import Request.
  Time since last request: 0.000026 seconds.
  path: Assets/ChemLabEquipment/Models/VialWithLabel.fbx
  artifactKey: Guid(47b00bd5e3918d64dae91ded2b9e794e) Importer(815301076,1909f56bfc062723c751e8b465ee728b)
Start importing Assets/ChemLabEquipment/Models/VialWithLabel.fbx using Guid(47b00bd5e3918d64dae91ded2b9e794e) Importer(815301076,1909f56bfc062723c751e8b465ee728b)  -> (artifact id: '3a5578c68b1c6a3011ebdac4211335d2') in 0.089375 seconds
Number of updated asset objects reloaded before import = 0
Number of asset objects unloaded after import = 12
========================================================================
Received Import Request.
  Time since last request: 0.000029 seconds.
  path: Assets/ChemLabEquipment/Models/WireGauze.fbx
  artifactKey: Guid(40319fe86c7c7ea4c8c310c52f093516) Importer(815301076,1909f56bfc062723c751e8b465ee728b)
Start importing Assets/ChemLabEquipment/Models/WireGauze.fbx using Guid(40319fe86c7c7ea4c8c310c52f093516) Importer(815301076,1909f56bfc062723c751e8b465ee728b)  -> (artifact id: '893d186e59c3325894a9c83f09891d91') in 0.047447 seconds
Number of updated asset objects reloaded before import = 0
Number of asset objects unloaded after import = 7
========================================================================
Received Import Request.
  Time since last request: 135.424426 seconds.
  path: Assets/ChemLabEquipment/Prefabs/Dropper.prefab
  artifactKey: Guid(5d7fdc68bc284914fbfdcad3a5abff1b) Importer(815301076,1909f56bfc062723c751e8b465ee728b)
Start importing Assets/ChemLabEquipment/Prefabs/Dropper.prefab using Guid(5d7fdc68bc284914fbfdcad3a5abff1b) Importer(815301076,1909f56bfc062723c751e8b465ee728b)  -> (artifact id: '6c70a88c7221c1fe8ec123b725359176') in 0.076916 seconds
Number of updated asset objects reloaded before import = 0
Number of asset objects unloaded after import = 12
========================================================================
Received Import Request.
  Time since last request: 0.000019 seconds.
  path: Assets/ChemLabEquipment/Prefabs/GraduatedCylinder_50mL.prefab
  artifactKey: Guid(896845c9595437e4fa9a1ed4379092b9) Importer(815301076,1909f56bfc062723c751e8b465ee728b)
Start importing Assets/ChemLabEquipment/Prefabs/GraduatedCylinder_50mL.prefab using Guid(896845c9595437e4fa9a1ed4379092b9) Importer(815301076,1909f56bfc062723c751e8b465ee728b)  -> (artifact id: 'daeba3ab97a14fbe72c6f5e914bd1545') in 0.046299 seconds
Number of updated asset objects reloaded before import = 0
Number of asset objects unloaded after import = 12
========================================================================
Received Import Request.
  Time since last request: 0.000023 seconds.
  path: Assets/ChemLabEquipment/Prefabs/Motar.prefab
  artifactKey: Guid(06dad6cf60784934b96716a67d1f0b4f) Importer(815301076,1909f56bfc062723c751e8b465ee728b)
Start importing Assets/ChemLabEquipment/Prefabs/Motar.prefab using Guid(06dad6cf60784934b96716a67d1f0b4f) Importer(815301076,1909f56bfc062723c751e8b465ee728b)  -> (artifact id: 'f9ecc0216a83dd3ccfd94d2e3528a5cf') in 0.069443 seconds
Number of updated asset objects reloaded before import = 0
Number of asset objects unloaded after import = 8
========================================================================
Received Import Request.
  Time since last request: 0.000037 seconds.
  path: Assets/ChemLabEquipment/Prefabs/GraduatedCylinder_50mL_WithLiquid.prefab
  artifactKey: Guid(06521a6259a894d48b2f20690d1dccce) Importer(815301076,1909f56bfc062723c751e8b465ee728b)
Start importing Assets/ChemLabEquipment/Prefabs/GraduatedCylinder_50mL_WithLiquid.prefab using Guid(06521a6259a894d48b2f20690d1dccce) Importer(815301076,1909f56bfc062723c751e8b465ee728b)  -> (artifact id: '948ca8b8f3a682392dc79a48701d9864') in 0.507639 seconds
Number of updated asset objects reloaded before import = 0
Number of asset objects unloaded after import = 19
========================================================================
Received Import Request.
  Time since last request: 0.000083 seconds.
  path: Assets/ChemLabEquipment/Prefabs/VialBrown.prefab
  artifactKey: Guid(57046e69df9aefe4c9ec597fd9daf8cd) Importer(815301076,1909f56bfc062723c751e8b465ee728b)
Start importing Assets/ChemLabEquipment/Prefabs/VialBrown.prefab using Guid(57046e69df9aefe4c9ec597fd9daf8cd) Importer(815301076,1909f56bfc062723c751e8b465ee728b)  -> (artifact id: '93a5a477374d19962792dec39c9dec3f') in 0.085502 seconds
Number of updated asset objects reloaded before import = 0
Number of asset objects unloaded after import = 16
========================================================================
Received Import Request.
  Time since last request: 0.000099 seconds.
  path: Assets/ChemLabEquipment/Prefabs/GlassRod.prefab
  artifactKey: Guid(9d13dfc587ba56145bfd8a0443c247ae) Importer(815301076,1909f56bfc062723c751e8b465ee728b)
Start importing Assets/ChemLabEquipment/Prefabs/GlassRod.prefab using Guid(9d13dfc587ba56145bfd8a0443c247ae) Importer(815301076,1909f56bfc062723c751e8b465ee728b)  -> (artifact id: '2a6444cdcf946c1e6c7b7a4007632140') in 0.030258 seconds
Number of updated asset objects reloaded before import = 0
Number of asset objects unloaded after import = 10
========================================================================
Received Import Request.
  Time since last request: 0.000024 seconds.
  path: Assets/ChemLabEquipment/Prefabs/IronRing.prefab
  artifactKey: Guid(cf757189f76a6d24cba1322dd40243b7) Importer(815301076,1909f56bfc062723c751e8b465ee728b)
Start importing Assets/ChemLabEquipment/Prefabs/IronRing.prefab using Guid(cf757189f76a6d24cba1322dd40243b7) Importer(815301076,1909f56bfc062723c751e8b465ee728b)  -> (artifact id: '5bd5085dd9d759d9871425cbb4302002') in 0.655505 seconds
Number of updated asset objects reloaded before import = 0
Number of asset objects unloaded after import = 16
========================================================================
Received Import Request.
  Time since last request: 0.333062 seconds.
  path: Assets/ChemLabEquipment/Prefabs/WashBottle.prefab
  artifactKey: Guid(e37701bef09a0e940b6679c5d3d7a8d7) Importer(815301076,1909f56bfc062723c751e8b465ee728b)
Start importing Assets/ChemLabEquipment/Prefabs/WashBottle.prefab using Guid(e37701bef09a0e940b6679c5d3d7a8d7) Importer(815301076,1909f56bfc062723c751e8b465ee728b)  -> (artifact id: '5ab29f404092157b058963aeabbe67e5') in 0.253354 seconds
Number of updated asset objects reloaded before import = 0
Number of asset objects unloaded after import = 23
Editor requested this worker to shutdown with reason: Scaling down because of idle timeout
TcpMessagingSession - receive error: operation aborted. errorcode: 995, details:        I/O  .
AssetImportWorker is now disconnected from the server
Process exiting
Exiting without the bug reporter. Application will terminate with return code 0