Using pre-set license
Built from '2022.3/staging' branch; Version is '2022.3.8f1 (b5eafc012955) revision 11922172'; Using compiler version '192829333'; Build Type 'Release'
OS: 'Windows 10  (10.0.19045) 64bit Core' Language: 'ko' Physical Memory: 15724 MB
BatchMode: 1, IsHumanControllingUs: 0, StartBugReporterOnCrash: 0, Is64bit: 1, IsPro: 1

COMMAND LINE ARGUMENTS:
C:\Program Files\Unity\Hub\Editor\2022.3.8f1\Editor\Unity.exe
-adb2
-batchMode
-noUpm
-name
AssetImportWorker1
-projectPath
E:/Work/Result/Programming/Unity/GitHub/SemiConductor_Simul/SC Simul
-logFile
Logs/AssetImportWorker1.log
-srvPort
55694
Successfully changed project path to: E:/Work/Result/Programming/Unity/GitHub/SemiConductor_Simul/SC Simul
E:/Work/Result/Programming/Unity/GitHub/SemiConductor_Simul/SC Simul
[UnityMemory] Configuration Parameters - Can be set up in boot.config
    "memorysetup-bucket-allocator-granularity=16"
    "memorysetup-bucket-allocator-bucket-count=8"
    "memorysetup-bucket-allocator-block-size=33554432"
    "memorysetup-bucket-allocator-block-count=8"
    "memorysetup-main-allocator-block-size=16777216"
    "memorysetup-thread-allocator-block-size=16777216"
    "memorysetup-gfx-main-allocator-block-size=16777216"
    "memorysetup-gfx-thread-allocator-block-size=16777216"
    "memorysetup-cache-allocator-block-size=4194304"
    "memorysetup-typetree-allocator-block-size=2097152"
    "memorysetup-profiler-bucket-allocator-granularity=16"
    "memorysetup-profiler-bucket-allocator-bucket-count=8"
    "memorysetup-profiler-bucket-allocator-block-size=33554432"
    "memorysetup-profiler-bucket-allocator-block-count=8"
    "memorysetup-profiler-allocator-block-size=16777216"
    "memorysetup-profiler-editor-allocator-block-size=1048576"
    "memorysetup-temp-allocator-size-main=16777216"
    "memorysetup-job-temp-allocator-block-size=2097152"
    "memorysetup-job-temp-allocator-block-size-background=1048576"
    "memorysetup-job-temp-allocator-reduction-small-platforms=262144"
    "memorysetup-allocator-temp-initial-block-size-main=262144"
    "memorysetup-allocator-temp-initial-block-size-worker=262144"
    "memorysetup-temp-allocator-size-background-worker=32768"
    "memorysetup-temp-allocator-size-job-worker=262144"
    "memorysetup-temp-allocator-size-preload-manager=33554432"
    "memorysetup-temp-allocator-size-nav-mesh-worker=65536"
    "memorysetup-temp-allocator-size-audio-worker=65536"
    "memorysetup-temp-allocator-size-cloud-worker=32768"
    "memorysetup-temp-allocator-size-gi-baking-worker=262144"
    "memorysetup-temp-allocator-size-gfx=262144"
Player connection [30280] Host "[IP] 192.168.0.8 [Port] 0 [Flags] 2 [Guid] 683567980 [EditorId] 683567980 [Version] 1048832 [Id] WindowsEditor(7,DESKTOP-6P41P01) [Debug] 1 [PackageName] WindowsEditor [ProjectName] Editor" joined multi-casting on [225.0.0.222:54997]...

Player connection [30280] Host "[IP] 192.168.0.8 [Port] 0 [Flags] 2 [Guid] 683567980 [EditorId] 683567980 [Version] 1048832 [Id] WindowsEditor(7,DESKTOP-6P41P01) [Debug] 1 [PackageName] WindowsEditor [ProjectName] Editor" joined alternative multi-casting on [225.0.0.222:34997]...

[Physics::Module] Initialized MultithreadedJobDispatcher with 15 workers.
Refreshing native plugins compatible for Editor in 5.86 ms, found 4 plugins.
Preloading 0 native plugins for Editor in 0.00 ms.
Initialize engine version: 2022.3.8f1 (b5eafc012955)
[Subsystems] Discovering subsystems at path C:/Program Files/Unity/Hub/Editor/2022.3.8f1/Editor/Data/Resources/UnitySubsystems
[Subsystems] Discovering subsystems at path E:/Work/Result/Programming/Unity/GitHub/SemiConductor_Simul/SC Simul/Assets
GfxDevice: creating device client; threaded=0; jobified=0
Direct3D:
    Version:  Direct3D 11.0 [level 11.1]
    Renderer: NVIDIA GeForce RTX 3050 Ti Laptop GPU (ID=0x25a0)
    Vendor:   NVIDIA
    VRAM:     3976 MB
    Driver:   31.0.15.2824
Initialize mono
Mono path[0] = 'C:/Program Files/Unity/Hub/Editor/2022.3.8f1/Editor/Data/Managed'
Mono path[1] = 'C:/Program Files/Unity/Hub/Editor/2022.3.8f1/Editor/Data/MonoBleedingEdge/lib/mono/unityjit-win32'
Mono config path = 'C:/Program Files/Unity/Hub/Editor/2022.3.8f1/Editor/Data/MonoBleedingEdge/etc'
Using monoOptions --debugger-agent=transport=dt_socket,embedding=1,server=y,suspend=n,address=127.0.0.1:56420
Begin MonoManager ReloadAssembly
Registering precompiled unity dll's ...
Register platform support module: C:/Program Files/Unity/Hub/Editor/2022.3.8f1/Editor/Data/PlaybackEngines/AndroidPlayer/UnityEditor.Android.Extensions.dll
Register platform support module: C:/Program Files/Unity/Hub/Editor/2022.3.8f1/Editor/Data/PlaybackEngines/WindowsStandaloneSupport/UnityEditor.WindowsStandalone.Extensions.dll
Registered in 0.009912 seconds.
- Loaded All Assemblies, in  0.356 seconds
Native extension for WindowsStandalone target not found
Native extension for Android target not found
Android Extension - Scanning For ADB Devices 435 ms
Mono: successfully reloaded assembly
- Finished resetting the current domain, in  0.717 seconds
Domain Reload Profiling: 1071ms
	BeginReloadAssembly (109ms)
		ExecutionOrderSort (0ms)
		DisableScriptedObjects (0ms)
		BackupInstance (0ms)
		ReleaseScriptingObjects (0ms)
		CreateAndSetChildDomain (1ms)
	RebuildCommonClasses (34ms)
	RebuildNativeTypeToScriptingClass (10ms)
	initialDomainReloadingComplete (61ms)
	LoadAllAssembliesAndSetupDomain (139ms)
		LoadAssemblies (107ms)
		RebuildTransferFunctionScriptingTraits (0ms)
		AnalyzeDomain (137ms)
			TypeCache.Refresh (135ms)
				TypeCache.ScanAssembly (120ms)
			ScanForSourceGeneratedMonoScriptInfo (1ms)
			ResolveRequiredComponents (1ms)
	FinalizeReload (717ms)
		ReleaseScriptCaches (0ms)
		RebuildScriptCaches (0ms)
		SetupLoadedEditorAssemblies (662ms)
			LogAssemblyErrors (0ms)
			InitializePlatformSupportModulesInManaged (533ms)
			SetLoadedEditorAssemblies (3ms)
			RefreshPlugins (0ms)
			BeforeProcessingInitializeOnLoad (2ms)
			ProcessInitializeOnLoadAttributes (83ms)
			ProcessInitializeOnLoadMethodAttributes (41ms)
			AfterProcessingInitializeOnLoad (0ms)
			EditorAssembliesLoaded (0ms)
		ExecutionOrderSort2 (0ms)
		AwakeInstancesAfterBackupRestoration (0ms)
========================================================================
Worker process is ready to serve import requests
Begin MonoManager ReloadAssembly
- Loaded All Assemblies, in  0.572 seconds
Refreshing native plugins compatible for Editor in 2.01 ms, found 4 plugins.
Native extension for WindowsStandalone target not found
Native extension for Android target not found
Package Manager log level set to [2]
[Package Manager] Server::EnsureServerProcessIsRunning -- launch failed, reason: Unity was launched with the -noUpm command-line argument
[Package Manager] UpmClient::Send -- Unable to send message (not connected to UPM process).
[Package Manager] Cannot connect to Unity Package Manager local server
Mono: successfully reloaded assembly
- Finished resetting the current domain, in  0.521 seconds
Domain Reload Profiling: 1092ms
	BeginReloadAssembly (140ms)
		ExecutionOrderSort (0ms)
		DisableScriptedObjects (5ms)
		BackupInstance (0ms)
		ReleaseScriptingObjects (0ms)
		CreateAndSetChildDomain (24ms)
	RebuildCommonClasses (28ms)
	RebuildNativeTypeToScriptingClass (9ms)
	initialDomainReloadingComplete (37ms)
	LoadAllAssembliesAndSetupDomain (358ms)
		LoadAssemblies (279ms)
		RebuildTransferFunctionScriptingTraits (0ms)
		AnalyzeDomain (156ms)
			TypeCache.Refresh (138ms)
				TypeCache.ScanAssembly (123ms)
			ScanForSourceGeneratedMonoScriptInfo (13ms)
			ResolveRequiredComponents (3ms)
	FinalizeReload (522ms)
		ReleaseScriptCaches (0ms)
		RebuildScriptCaches (0ms)
		SetupLoadedEditorAssemblies (385ms)
			LogAssemblyErrors (0ms)
			InitializePlatformSupportModulesInManaged (24ms)
			SetLoadedEditorAssemblies (4ms)
			RefreshPlugins (0ms)
			BeforeProcessingInitializeOnLoad (63ms)
			ProcessInitializeOnLoadAttributes (268ms)
			ProcessInitializeOnLoadMethodAttributes (17ms)
			AfterProcessingInitializeOnLoad (8ms)
			EditorAssembliesLoaded (0ms)
		ExecutionOrderSort2 (0ms)
		AwakeInstancesAfterBackupRestoration (6ms)
Launched and connected shader compiler UnityShaderCompiler.exe after 0.08 seconds
Refreshing native plugins compatible for Editor in 2.31 ms, found 4 plugins.
Preloading 0 native plugins for Editor in 0.00 ms.
Unloading 3319 Unused Serialized files (Serialized files now loaded: 0)
Unloading 34 unused Assets / (58.5 KB). Loaded Objects now: 3787.
Memory consumption went from 204.0 MB to 204.0 MB.
Total: 3.363600 ms (FindLiveObjects: 0.317100 ms CreateObjectMapping: 0.086600 ms MarkObjects: 2.836400 ms  DeleteObjects: 0.122500 ms)

AssetImportParameters requested are different than current active one (requested -> active):
  custom:container-demuxer-ogg: 62fdf1f143b41e24485cea50d1cbac27 -> 
  custom:video-decoder-ogg-theora: a1e56fd34408186e4bbccfd4996cb3dc -> 
  custom:framework-win-MediaFoundation: 216162199b28c13a410421893ffa2e32 -> 
  custom:CustomObjectIndexerAttribute: 756ad292c208cfabdd7b50bc23989ffe -> 
  custom:container-demuxer-webm: 4f35f7cbe854078d1ac9338744f61a02 -> 
  custom:container-muxer-webm: aa71ff27fc2769a1b78a27578f13a17b -> 
  custom:video-decoder-webm-vp8: 9c59270c3fd7afecdb556c50c9e8de78 -> 
  custom:SearchIndexIgnoredProperties: e643bd26f0fe6173181afceb89e7c659 -> 
  custom:AudioImporter_EditorPlatform: d09bf68614088b80899f8185d706f6e7 -> 
  custom:video-encoder-webm-vp8: eb34c28f22e8b96e1ab97ce403110664 -> 
  custom:audio-decoder-ogg-vorbis: bf7c407c2cedff20999df2af8eb42d56 -> 
  custom:audio-encoder-webm-vorbis: bf7c407c2cedff20999df2af8eb42d56 -> 
========================================================================
Received Import Request.
  Time since last request: 1698832.833150 seconds.
  path: Assets/Assets/DIY/AirShower.blend
  artifactKey: Guid(bdf27d2716d4c1a45ab44c92938caed3) Importer(815301076,1909f56bfc062723c751e8b465ee728b)
Start importing Assets/Assets/DIY/AirShower.blend using Guid(bdf27d2716d4c1a45ab44c92938caed3) Importer(815301076,1909f56bfc062723c751e8b465ee728b)  -> (artifact id: '8baec375d7aa0f7d1411be28f4bf0a37') in 0.108441 seconds
Number of updated asset objects reloaded before import = 0
Number of asset objects unloaded after import = 8
========================================================================
Received Import Request.
  Time since last request: 1422.430751 seconds.
  path: Assets/Assets/Laboratory/Textures/Surfaces/Materials/MetalBrushed.mat
  artifactKey: Guid(1fccce7c8dafc4342b9ffcb385ffb4af) Importer(815301076,1909f56bfc062723c751e8b465ee728b)
Start importing Assets/Assets/Laboratory/Textures/Surfaces/Materials/MetalBrushed.mat using Guid(1fccce7c8dafc4342b9ffcb385ffb4af) Importer(815301076,1909f56bfc062723c751e8b465ee728b)  -> (artifact id: 'cc79c30b7d555f3e07c95b4f79134d87') in 0.030756 seconds
Number of updated asset objects reloaded before import = 0
Number of asset objects unloaded after import = 2
========================================================================
Received Import Request.
  Time since last request: 0.002905 seconds.
  path: Assets/Assets/Laboratory/Models/Props/Hardware/Microscope01/Materials/Microscope01.mat
  artifactKey: Guid(01c05869219d7564490f34d693ad3620) Importer(815301076,1909f56bfc062723c751e8b465ee728b)
Start importing Assets/Assets/Laboratory/Models/Props/Hardware/Microscope01/Materials/Microscope01.mat using Guid(01c05869219d7564490f34d693ad3620) Importer(815301076,1909f56bfc062723c751e8b465ee728b)  -> (artifact id: '4a0f5174c8d64fb21d5a9328bd005bdb') in 0.051413 seconds
Number of updated asset objects reloaded before import = 0
Number of asset objects unloaded after import = 5
========================================================================
Received Import Request.
  Time since last request: 0.000021 seconds.
  path: Assets/Assets/Laboratory/Textures/Surfaces/Metals/Materials/MetalRed.mat
  artifactKey: Guid(5d6c747795fa73e459d9481c14fc0e64) Importer(815301076,1909f56bfc062723c751e8b465ee728b)
Start importing Assets/Assets/Laboratory/Textures/Surfaces/Metals/Materials/MetalRed.mat using Guid(5d6c747795fa73e459d9481c14fc0e64) Importer(815301076,1909f56bfc062723c751e8b465ee728b)  -> (artifact id: '915f3c2f733902ce0dae1c26cca3d41a') in 0.030746 seconds
Number of updated asset objects reloaded before import = 0
Number of asset objects unloaded after import = 2
========================================================================
Received Import Request.
  Time since last request: 0.097458 seconds.
  path: Assets/Assets/Laboratory/Models/Props/Hardware/Mouse01/Materials/Mouse01.mat
  artifactKey: Guid(8270ed73e4f4ed140b94de845bb9d8b5) Importer(815301076,1909f56bfc062723c751e8b465ee728b)
Start importing Assets/Assets/Laboratory/Models/Props/Hardware/Mouse01/Materials/Mouse01.mat using Guid(8270ed73e4f4ed140b94de845bb9d8b5) Importer(815301076,1909f56bfc062723c751e8b465ee728b)  -> (artifact id: '6f2e02abc97eeab0c49d73ed4e2b7bde') in 0.029794 seconds
Number of updated asset objects reloaded before import = 0
Number of asset objects unloaded after import = 3
========================================================================
Received Import Request.
  Time since last request: 0.019314 seconds.
  path: Assets/Assets/Laboratory/Models/Props/Supplies/PlasticBottle/Materials/PlasticBottleGlass.mat
  artifactKey: Guid(77895b9f4bbc27e45803a3aca56c6ad2) Importer(815301076,1909f56bfc062723c751e8b465ee728b)
Start importing Assets/Assets/Laboratory/Models/Props/Supplies/PlasticBottle/Materials/PlasticBottleGlass.mat using Guid(77895b9f4bbc27e45803a3aca56c6ad2) Importer(815301076,1909f56bfc062723c751e8b465ee728b)  -> (artifact id: 'dcb213c4992de2756442515c9d5e9e94') in 0.025762 seconds
Number of updated asset objects reloaded before import = 0
Number of asset objects unloaded after import = 2
========================================================================
Received Import Request.
  Time since last request: 0.000026 seconds.
  path: Assets/Assets/Laboratory/Models/Props/Supplies/PlasticBottle/Materials/PlasticBottleGreen.mat
  artifactKey: Guid(4c56dd2fe07f53e4a897c4a7bed72468) Importer(815301076,1909f56bfc062723c751e8b465ee728b)
Start importing Assets/Assets/Laboratory/Models/Props/Supplies/PlasticBottle/Materials/PlasticBottleGreen.mat using Guid(4c56dd2fe07f53e4a897c4a7bed72468) Importer(815301076,1909f56bfc062723c751e8b465ee728b)  -> (artifact id: '1546be0110751fde5d4f9442ae3c3573') in 0.016444 seconds
Number of updated asset objects reloaded before import = 0
Number of asset objects unloaded after import = 3
========================================================================
Received Import Request.
  Time since last request: 0.000020 seconds.
  path: Assets/Assets/Laboratory/Models/Props/PlasticCrate/Materials/PlasticCrate01Blue.mat
  artifactKey: Guid(25f59e6975749354ca083c3e55cf56d5) Importer(815301076,1909f56bfc062723c751e8b465ee728b)
Start importing Assets/Assets/Laboratory/Models/Props/PlasticCrate/Materials/PlasticCrate01Blue.mat using Guid(25f59e6975749354ca083c3e55cf56d5) Importer(815301076,1909f56bfc062723c751e8b465ee728b)  -> (artifact id: '41ca463f7fe6b5ea0e1b61bc03f4953c') in 0.074914 seconds
Number of updated asset objects reloaded before import = 0
Number of asset objects unloaded after import = 5
========================================================================
Received Import Request.
  Time since last request: 0.000020 seconds.
  path: Assets/Assets/Laboratory/Models/Props/PlasticCrate/Materials/PlasticCrate01Black.mat
  artifactKey: Guid(bc35021ad30e8c94ca5638e17da9902d) Importer(815301076,1909f56bfc062723c751e8b465ee728b)
Start importing Assets/Assets/Laboratory/Models/Props/PlasticCrate/Materials/PlasticCrate01Black.mat using Guid(bc35021ad30e8c94ca5638e17da9902d) Importer(815301076,1909f56bfc062723c751e8b465ee728b)  -> (artifact id: '228ab1459dd10f66cb1eaba444f6a040') in 0.031739 seconds
Number of updated asset objects reloaded before import = 0
Number of asset objects unloaded after import = 5
========================================================================
Received Import Request.
  Time since last request: 0.000031 seconds.
  path: Assets/Assets/Laboratory/Textures/Surfaces/Noises/Materials/Noise03.mat
  artifactKey: Guid(90e7c35c12e0108458bd6dc1b9378006) Importer(815301076,1909f56bfc062723c751e8b465ee728b)
Start importing Assets/Assets/Laboratory/Textures/Surfaces/Noises/Materials/Noise03.mat using Guid(90e7c35c12e0108458bd6dc1b9378006) Importer(815301076,1909f56bfc062723c751e8b465ee728b)  -> (artifact id: '0e4781503fc851708ee6eabdb0d08bf4') in 0.025845 seconds
Number of updated asset objects reloaded before import = 0
Number of asset objects unloaded after import = 2
========================================================================
Received Import Request.
  Time since last request: 0.000024 seconds.
  path: Assets/Assets/Laboratory/Models/Props/PlasticCrate/Materials/PlasticCrate01Green.mat
  artifactKey: Guid(d520873680e1ed14393260be6003d593) Importer(815301076,1909f56bfc062723c751e8b465ee728b)
Start importing Assets/Assets/Laboratory/Models/Props/PlasticCrate/Materials/PlasticCrate01Green.mat using Guid(d520873680e1ed14393260be6003d593) Importer(815301076,1909f56bfc062723c751e8b465ee728b)  -> (artifact id: '6dc37cd5f0c12cf15dacd6939bb41075') in 0.023263 seconds
Number of updated asset objects reloaded before import = 0
Number of asset objects unloaded after import = 5
Editor requested this worker to shutdown with reason: Scaling down because of idle timeout
TcpMessagingSession - receive error: operation aborted. errorcode: 995, details: 스레드 종료 또는 응용 프로그램 요청 때문에 I/O 작업이 취소되었습니다.
AssetImportWorker is now disconnected from the server
Process exiting
Exiting without the bug reporter. Application will terminate with return code 0