Using pre-set license
Built from '2022.3/staging' branch; Version is '2022.3.8f1 (b5eafc012955) revision 11922172'; Using compiler version '192829333'; Build Type 'Release'
OS: 'Windows 10  (10.0.19045) 64bit Core' Language: 'ko' Physical Memory: 15724 MB
BatchMode: 1, IsHumanControllingUs: 0, StartBugReporterOnCrash: 0, Is64bit: 1, IsPro: 1

COMMAND LINE ARGUMENTS:
C:\Program Files\Unity\Hub\Editor\2022.3.8f1\Editor\Unity.exe
-adb2
-batchMode
-noUpm
-name
AssetImportWorker10
-projectPath
E:/Work/Result/Programming/Unity/University/SC Simul
-logFile
Logs/AssetImportWorker10.log
-srvPort
62977
Successfully changed project path to: E:/Work/Result/Programming/Unity/University/SC Simul
E:/Work/Result/Programming/Unity/University/SC Simul
[UnityMemory] Configuration Parameters - Can be set up in boot.config
    "memorysetup-bucket-allocator-granularity=16"
    "memorysetup-bucket-allocator-bucket-count=8"
    "memorysetup-bucket-allocator-block-size=33554432"
    "memorysetup-bucket-allocator-block-count=8"
    "memorysetup-main-allocator-block-size=16777216"
    "memorysetup-thread-allocator-block-size=16777216"
    "memorysetup-gfx-main-allocator-block-size=16777216"
    "memorysetup-gfx-thread-allocator-block-size=16777216"
    "memorysetup-cache-allocator-block-size=4194304"
    "memorysetup-typetree-allocator-block-size=2097152"
    "memorysetup-profiler-bucket-allocator-granularity=16"
    "memorysetup-profiler-bucket-allocator-bucket-count=8"
    "memorysetup-profiler-bucket-allocator-block-size=33554432"
    "memorysetup-profiler-bucket-allocator-block-count=8"
    "memorysetup-profiler-allocator-block-size=16777216"
    "memorysetup-profiler-editor-allocator-block-size=1048576"
    "memorysetup-temp-allocator-size-main=16777216"
    "memorysetup-job-temp-allocator-block-size=2097152"
    "memorysetup-job-temp-allocator-block-size-background=1048576"
    "memorysetup-job-temp-allocator-reduction-small-platforms=262144"
    "memorysetup-allocator-temp-initial-block-size-main=262144"
    "memorysetup-allocator-temp-initial-block-size-worker=262144"
    "memorysetup-temp-allocator-size-background-worker=32768"
    "memorysetup-temp-allocator-size-job-worker=262144"
    "memorysetup-temp-allocator-size-preload-manager=33554432"
    "memorysetup-temp-allocator-size-nav-mesh-worker=65536"
    "memorysetup-temp-allocator-size-audio-worker=65536"
    "memorysetup-temp-allocator-size-cloud-worker=32768"
    "memorysetup-temp-allocator-size-gi-baking-worker=262144"
    "memorysetup-temp-allocator-size-gfx=262144"
Player connection [28632] Host "[IP] 192.168.0.8 [Port] 0 [Flags] 2 [Guid] 3864464662 [EditorId] 3864464662 [Version] 1048832 [Id] WindowsEditor(7,DESKTOP-6P41P01) [Debug] 1 [PackageName] WindowsEditor [ProjectName] Editor" joined multi-casting on [225.0.0.222:54997]...

Player connection [28632] Host "[IP] 192.168.0.8 [Port] 0 [Flags] 2 [Guid] 3864464662 [EditorId] 3864464662 [Version] 1048832 [Id] WindowsEditor(7,DESKTOP-6P41P01) [Debug] 1 [PackageName] WindowsEditor [ProjectName] Editor" joined alternative multi-casting on [225.0.0.222:34997]...

[Physics::Module] Initialized MultithreadedJobDispatcher with 15 workers.
Refreshing native plugins compatible for Editor in 4.80 ms, found 4 plugins.
Preloading 0 native plugins for Editor in 0.00 ms.
Initialize engine version: 2022.3.8f1 (b5eafc012955)
[Subsystems] Discovering subsystems at path C:/Program Files/Unity/Hub/Editor/2022.3.8f1/Editor/Data/Resources/UnitySubsystems
[Subsystems] Discovering subsystems at path E:/Work/Result/Programming/Unity/University/SC Simul/Assets
GfxDevice: creating device client; threaded=0; jobified=0
Direct3D:
    Version:  Direct3D 11.0 [level 11.1]
    Renderer: NVIDIA GeForce RTX 3050 Ti Laptop GPU (ID=0x25a0)
    Vendor:   NVIDIA
    VRAM:     3976 MB
    Driver:   31.0.15.2824
Initialize mono
Mono path[0] = 'C:/Program Files/Unity/Hub/Editor/2022.3.8f1/Editor/Data/Managed'
Mono path[1] = 'C:/Program Files/Unity/Hub/Editor/2022.3.8f1/Editor/Data/MonoBleedingEdge/lib/mono/unityjit-win32'
Mono config path = 'C:/Program Files/Unity/Hub/Editor/2022.3.8f1/Editor/Data/MonoBleedingEdge/etc'
Using monoOptions --debugger-agent=transport=dt_socket,embedding=1,server=y,suspend=n,address=127.0.0.1:56184
Begin MonoManager ReloadAssembly
Registering precompiled unity dll's ...
Register platform support module: C:/Program Files/Unity/Hub/Editor/2022.3.8f1/Editor/Data/PlaybackEngines/AndroidPlayer/UnityEditor.Android.Extensions.dll
Register platform support module: C:/Program Files/Unity/Hub/Editor/2022.3.8f1/Editor/Data/PlaybackEngines/WindowsStandaloneSupport/UnityEditor.WindowsStandalone.Extensions.dll
Registered in 0.009607 seconds.
- Loaded All Assemblies, in  0.377 seconds
Native extension for WindowsStandalone target not found
Native extension for Android target not found
Android Extension - Scanning For ADB Devices 475 ms
Mono: successfully reloaded assembly
- Finished resetting the current domain, in  0.731 seconds
Domain Reload Profiling: 1107ms
	BeginReloadAssembly (125ms)
		ExecutionOrderSort (0ms)
		DisableScriptedObjects (0ms)
		BackupInstance (0ms)
		ReleaseScriptingObjects (0ms)
		CreateAndSetChildDomain (1ms)
	RebuildCommonClasses (36ms)
	RebuildNativeTypeToScriptingClass (8ms)
	initialDomainReloadingComplete (59ms)
	LoadAllAssembliesAndSetupDomain (148ms)
		LoadAssemblies (126ms)
		RebuildTransferFunctionScriptingTraits (0ms)
		AnalyzeDomain (143ms)
			TypeCache.Refresh (141ms)
				TypeCache.ScanAssembly (128ms)
			ScanForSourceGeneratedMonoScriptInfo (0ms)
			ResolveRequiredComponents (0ms)
	FinalizeReload (732ms)
		ReleaseScriptCaches (0ms)
		RebuildScriptCaches (0ms)
		SetupLoadedEditorAssemblies (686ms)
			LogAssemblyErrors (0ms)
			InitializePlatformSupportModulesInManaged (565ms)
			SetLoadedEditorAssemblies (5ms)
			RefreshPlugins (0ms)
			BeforeProcessingInitializeOnLoad (2ms)
			ProcessInitializeOnLoadAttributes (76ms)
			ProcessInitializeOnLoadMethodAttributes (39ms)
			AfterProcessingInitializeOnLoad (0ms)
			EditorAssembliesLoaded (0ms)
		ExecutionOrderSort2 (0ms)
		AwakeInstancesAfterBackupRestoration (0ms)
========================================================================
Worker process is ready to serve import requests
Begin MonoManager ReloadAssembly
- Loaded All Assemblies, in  0.527 seconds
Refreshing native plugins compatible for Editor in 1.85 ms, found 4 plugins.
Native extension for WindowsStandalone target not found
Native extension for Android target not found
Package Manager log level set to [2]
[Package Manager] Server::EnsureServerProcessIsRunning -- launch failed, reason: Unity was launched with the -noUpm command-line argument
[Package Manager] UpmClient::Send -- Unable to send message (not connected to UPM process).
[Package Manager] Cannot connect to Unity Package Manager local server
Mono: successfully reloaded assembly
- Finished resetting the current domain, in  0.463 seconds
Domain Reload Profiling: 988ms
	BeginReloadAssembly (130ms)
		ExecutionOrderSort (0ms)
		DisableScriptedObjects (4ms)
		BackupInstance (0ms)
		ReleaseScriptingObjects (0ms)
		CreateAndSetChildDomain (23ms)
	RebuildCommonClasses (27ms)
	RebuildNativeTypeToScriptingClass (8ms)
	initialDomainReloadingComplete (35ms)
	LoadAllAssembliesAndSetupDomain (325ms)
		LoadAssemblies (253ms)
		RebuildTransferFunctionScriptingTraits (0ms)
		AnalyzeDomain (149ms)
			TypeCache.Refresh (133ms)
				TypeCache.ScanAssembly (119ms)
			ScanForSourceGeneratedMonoScriptInfo (12ms)
			ResolveRequiredComponents (3ms)
	FinalizeReload (463ms)
		ReleaseScriptCaches (0ms)
		RebuildScriptCaches (0ms)
		SetupLoadedEditorAssemblies (342ms)
			LogAssemblyErrors (0ms)
			InitializePlatformSupportModulesInManaged (26ms)
			SetLoadedEditorAssemblies (3ms)
			RefreshPlugins (0ms)
			BeforeProcessingInitializeOnLoad (52ms)
			ProcessInitializeOnLoadAttributes (239ms)
			ProcessInitializeOnLoadMethodAttributes (15ms)
			AfterProcessingInitializeOnLoad (7ms)
			EditorAssembliesLoaded (0ms)
		ExecutionOrderSort2 (0ms)
		AwakeInstancesAfterBackupRestoration (5ms)
Launched and connected shader compiler UnityShaderCompiler.exe after 0.09 seconds
Refreshing native plugins compatible for Editor in 2.88 ms, found 4 plugins.
Preloading 0 native plugins for Editor in 0.00 ms.
Unloading 3316 Unused Serialized files (Serialized files now loaded: 0)
Unloading 34 unused Assets / (58.1 KB). Loaded Objects now: 3783.
Memory consumption went from 203.6 MB to 203.5 MB.
Total: 3.354000 ms (FindLiveObjects: 0.298500 ms CreateObjectMapping: 0.204300 ms MarkObjects: 2.711900 ms  DeleteObjects: 0.137800 ms)

AssetImportParameters requested are different than current active one (requested -> active):
  custom:scripting/monoscript/fileName/UI_Scene.cs: 192a39891db905b5331daeb3caa54d18 -> 
  custom:container-demuxer-ogg: 62fdf1f143b41e24485cea50d1cbac27 -> 
  custom:scripting/monoscript/fileName/CharacterMove.cs: 01546d67ad080ddc12aac81febd5113c -> 81953fe693c26f5e99e5d2829c43623b
  custom:scripting/monoscript/fileName/GameManager.cs: f6182d712e34e20e3202214886862cdb -> 9933fbcc6190e2a9171c2ec8808a053e
  custom:scripting/monoscript/fileName/UI_Base.cs: 48903eb0ee029fce972f96e43120207d -> 
  custom:video-decoder-ogg-theora: a1e56fd34408186e4bbccfd4996cb3dc -> 
  custom:scripting/monoscript/fileName/UI_EventHandler.cs: 4df05d83797dca302f0c2ea6432f7537 -> 
  custom:framework-win-MediaFoundation: 216162199b28c13a410421893ffa2e32 -> 
  custom:scripting/monoscript/fileName/NewBehaviourScript.cs: b21687ddb03d73bd9f0c1daecb9714de -> 
  custom:scripting/monoscript/fileName/Util.cs: adff59fd69f848046598e29cad241ee3 -> 
  custom:scripting/monoscript/fileName/UI_Manager.cs: d3c3e75c52662f5ad91aaa8d05f473f9 -> 98fe954eecef79af161772dc64f463a1
  custom:scripting/monoscript/fileName/MouseMove.cs: 80246e1812521ff1fbf2a3d16133a1aa -> d33d2e9af4864d6a5c2a7a910b689a0b
  custom:CustomObjectIndexerAttribute: 756ad292c208cfabdd7b50bc23989ffe -> 
  custom:scripting/monoscript/fileName/UI_Button.cs: f9674623e778044bd01ebc54542c0fa1 -> 
  custom:container-demuxer-webm: 4f35f7cbe854078d1ac9338744f61a02 -> 
  custom:scripting/monoscript/fileName/UI Manager.cs: 2595dc2cbd41cc2d023a3ebb28d87e9e -> 
  custom:scripting/monoscript/fileName/UI_Popup.cs: 135a9e4578cbf6d842da457c7bedc110 -> 
  custom:container-muxer-webm: aa71ff27fc2769a1b78a27578f13a17b -> 
  custom:scripting/monoscript/fileName/Button_Manager.cs: 4cbc939131c81e009b4995de0fab6206 -> 
  custom:video-decoder-webm-vp8: 9c59270c3fd7afecdb556c50c9e8de78 -> 
  custom:SearchIndexIgnoredProperties: e643bd26f0fe6173181afceb89e7c659 -> 
  custom:AudioImporter_EditorPlatform: d09bf68614088b80899f8185d706f6e7 -> 
  custom:scripting/monoscript/fileName/UiManager.cs: c723898d2a3e0230bc5212035d2d0816 -> 
  custom:video-encoder-webm-vp8: eb34c28f22e8b96e1ab97ce403110664 -> 
  custom:audio-decoder-ogg-vorbis: bf7c407c2cedff20999df2af8eb42d56 -> 
  custom:scripting/monoscript/fileName/UI_PopUp.cs: bab9eea2f109b8689f4e157fbfb57c01 -> 
  custom:scripting/monoscript/fileName/SceneManager.cs: d58d51c04dae40ec635353c4a73b2e02 -> 
  custom:scripting/monoscript/fileName/FreeCamera.cs: c317f7f918e6ca0389dcab0d9542cd97 -> 524c69e565cde6e351b5bcfeecf09af5
  custom:audio-encoder-webm-vorbis: bf7c407c2cedff20999df2af8eb42d56 -> 
========================================================================
Received Prepare
Begin MonoManager ReloadAssembly
- Loaded All Assemblies, in  0.349 seconds
Refreshing native plugins compatible for Editor in 1.96 ms, found 4 plugins.
Native extension for WindowsStandalone target not found
Native extension for Android target not found
[Package Manager] Server::EnsureServerProcessIsRunning -- launch failed, reason: Unity was launched with the -noUpm command-line argument
[Package Manager] UpmClient::Send -- Unable to send message (not connected to UPM process).
[Package Manager] Cannot connect to Unity Package Manager local server
Mono: successfully reloaded assembly
- Finished resetting the current domain, in  0.636 seconds
Domain Reload Profiling: 983ms
	BeginReloadAssembly (132ms)
		ExecutionOrderSort (0ms)
		DisableScriptedObjects (4ms)
		BackupInstance (0ms)
		ReleaseScriptingObjects (0ms)
		CreateAndSetChildDomain (32ms)
	RebuildCommonClasses (25ms)
	RebuildNativeTypeToScriptingClass (8ms)
	initialDomainReloadingComplete (23ms)
	LoadAllAssembliesAndSetupDomain (158ms)
		LoadAssemblies (216ms)
		RebuildTransferFunctionScriptingTraits (0ms)
		AnalyzeDomain (10ms)
			TypeCache.Refresh (5ms)
				TypeCache.ScanAssembly (0ms)
			ScanForSourceGeneratedMonoScriptInfo (0ms)
			ResolveRequiredComponents (3ms)
	FinalizeReload (636ms)
		ReleaseScriptCaches (0ms)
		RebuildScriptCaches (0ms)
		SetupLoadedEditorAssemblies (311ms)
			LogAssemblyErrors (0ms)
			InitializePlatformSupportModulesInManaged (21ms)
			SetLoadedEditorAssemblies (3ms)
			RefreshPlugins (0ms)
			BeforeProcessingInitializeOnLoad (54ms)
			ProcessInitializeOnLoadAttributes (210ms)
			ProcessInitializeOnLoadMethodAttributes (16ms)
			AfterProcessingInitializeOnLoad (7ms)
			EditorAssembliesLoaded (0ms)
		ExecutionOrderSort2 (0ms)
		AwakeInstancesAfterBackupRestoration (5ms)
Refreshing native plugins compatible for Editor in 2.30 ms, found 4 plugins.
Preloading 0 native plugins for Editor in 0.00 ms.
Unloading 3295 Unused Serialized files (Serialized files now loaded: 0)
Unloading 25 unused Assets / (32.0 KB). Loaded Objects now: 3786.
Memory consumption went from 198.0 MB to 198.0 MB.
Total: 3.338200 ms (FindLiveObjects: 0.300700 ms CreateObjectMapping: 0.160800 ms MarkObjects: 2.820700 ms  DeleteObjects: 0.055000 ms)

Prepare: number of updated asset objects reloaded= 0
AssetImportParameters requested are different than current active one (requested -> active):
  custom:scripting/monoscript/fileName/UI_Scene.cs: 192a39891db905b5331daeb3caa54d18 -> 
  custom:container-demuxer-ogg: 62fdf1f143b41e24485cea50d1cbac27 -> 
  custom:scripting/monoscript/fileName/CharacterMove.cs: 01546d67ad080ddc12aac81febd5113c -> 81953fe693c26f5e99e5d2829c43623b
  custom:scripting/monoscript/fileName/GameManager.cs: f6182d712e34e20e3202214886862cdb -> 9933fbcc6190e2a9171c2ec8808a053e
  custom:scripting/monoscript/fileName/UI_Base.cs: 48903eb0ee029fce972f96e43120207d -> 
  custom:video-decoder-ogg-theora: a1e56fd34408186e4bbccfd4996cb3dc -> 
  custom:scripting/monoscript/fileName/UI_EventHandler.cs: 4df05d83797dca302f0c2ea6432f7537 -> 
  custom:framework-win-MediaFoundation: 216162199b28c13a410421893ffa2e32 -> 
  custom:scripting/monoscript/fileName/NewBehaviourScript.cs: b21687ddb03d73bd9f0c1daecb9714de -> 
  custom:scripting/monoscript/fileName/Util.cs: adff59fd69f848046598e29cad241ee3 -> 
  custom:scripting/monoscript/fileName/UI_Manager.cs: d3c3e75c52662f5ad91aaa8d05f473f9 -> 98fe954eecef79af161772dc64f463a1
  custom:scripting/monoscript/fileName/MouseMove.cs: 80246e1812521ff1fbf2a3d16133a1aa -> d33d2e9af4864d6a5c2a7a910b689a0b
  custom:CustomObjectIndexerAttribute: 756ad292c208cfabdd7b50bc23989ffe -> 
  custom:scripting/monoscript/fileName/UI_Button.cs: f9674623e778044bd01ebc54542c0fa1 -> 
  custom:container-demuxer-webm: 4f35f7cbe854078d1ac9338744f61a02 -> 
  custom:scripting/monoscript/fileName/UI Manager.cs: 2595dc2cbd41cc2d023a3ebb28d87e9e -> 
  custom:scripting/monoscript/fileName/UI_Popup.cs: 135a9e4578cbf6d842da457c7bedc110 -> 
  custom:container-muxer-webm: aa71ff27fc2769a1b78a27578f13a17b -> 
  custom:scripting/monoscript/fileName/Button_Manager.cs: 4cbc939131c81e009b4995de0fab6206 -> 
  custom:video-decoder-webm-vp8: 9c59270c3fd7afecdb556c50c9e8de78 -> 
  custom:SearchIndexIgnoredProperties: e643bd26f0fe6173181afceb89e7c659 -> 
  custom:AudioImporter_EditorPlatform: d09bf68614088b80899f8185d706f6e7 -> 
  custom:scripting/monoscript/fileName/UiManager.cs: c723898d2a3e0230bc5212035d2d0816 -> 
  custom:video-encoder-webm-vp8: eb34c28f22e8b96e1ab97ce403110664 -> 
  custom:audio-decoder-ogg-vorbis: bf7c407c2cedff20999df2af8eb42d56 -> 
  custom:scripting/monoscript/fileName/UI_PopUp.cs: bab9eea2f109b8689f4e157fbfb57c01 -> 
  custom:scripting/monoscript/fileName/SceneManager.cs: d58d51c04dae40ec635353c4a73b2e02 -> 
  custom:scripting/monoscript/fileName/FreeCamera.cs: c317f7f918e6ca0389dcab0d9542cd97 -> 524c69e565cde6e351b5bcfeecf09af5
  custom:audio-encoder-webm-vorbis: bf7c407c2cedff20999df2af8eb42d56 -> 
========================================================================
Received Import Request.
  Time since last request: 1108492.707851 seconds.
  path: Assets/Assets/Laboratory/Prefabs/Architecture/Wall02/Wall02c.prefab
  artifactKey: Guid(d29a09225a47f4b4fbf05340802f8770) Importer(815301076,1909f56bfc062723c751e8b465ee728b)
Start importing Assets/Assets/Laboratory/Prefabs/Architecture/Wall02/Wall02c.prefab using Guid(d29a09225a47f4b4fbf05340802f8770) Importer(815301076,1909f56bfc062723c751e8b465ee728b)  -> (artifact id: 'ddfc61a7fba7ba1170473d7f125f1212') in 0.131004 seconds
Number of updated asset objects reloaded before import = 0
Number of asset objects unloaded after import = 12
========================================================================
Received Import Request.
  Time since last request: 0.000027 seconds.
  path: Assets/Assets/Laboratory/Prefabs/Architecture/Wall02/Wall02cDoor.prefab
  artifactKey: Guid(bbcec02c19f0c5348b758ddab247997d) Importer(815301076,1909f56bfc062723c751e8b465ee728b)
Start importing Assets/Assets/Laboratory/Prefabs/Architecture/Wall02/Wall02cDoor.prefab using Guid(bbcec02c19f0c5348b758ddab247997d) Importer(815301076,1909f56bfc062723c751e8b465ee728b)  -> (artifact id: '09ed365d99c25d42c6d813b2814ec941') in 0.029032 seconds
Number of updated asset objects reloaded before import = 0
Number of asset objects unloaded after import = 13
========================================================================
Received Import Request.
  Time since last request: 0.000031 seconds.
  path: Assets/Assets/Laboratory/Prefabs/Architecture/Wall02/Wall02CornerIntTop.prefab
  artifactKey: Guid(a4d2470e07ccd6c469dc6860b57e0cb9) Importer(815301076,1909f56bfc062723c751e8b465ee728b)
Start importing Assets/Assets/Laboratory/Prefabs/Architecture/Wall02/Wall02CornerIntTop.prefab using Guid(a4d2470e07ccd6c469dc6860b57e0cb9) Importer(815301076,1909f56bfc062723c751e8b465ee728b)  -> (artifact id: 'b3150598d2d417f9a5cae25ecb7bdd87') in 0.016796 seconds
Number of updated asset objects reloaded before import = 0
Number of asset objects unloaded after import = 12
========================================================================
Received Import Request.
  Time since last request: 0.000043 seconds.
  path: Assets/Assets/Laboratory/Prefabs/Architecture/Wall02/Wall02cTop.prefab
  artifactKey: Guid(c4402a99b5f4ee142864357b19c731ff) Importer(815301076,1909f56bfc062723c751e8b465ee728b)
Start importing Assets/Assets/Laboratory/Prefabs/Architecture/Wall02/Wall02cTop.prefab using Guid(c4402a99b5f4ee142864357b19c731ff) Importer(815301076,1909f56bfc062723c751e8b465ee728b)  -> (artifact id: '61245f579aedfaa75ea2e04ffa25550b') in 0.017120 seconds
Number of updated asset objects reloaded before import = 0
Number of asset objects unloaded after import = 12
========================================================================
Received Import Request.
  Time since last request: 1.010342 seconds.
  path: Assets/Assets/Laboratory/Prefabs/Architecture/Wall02/Wall02bTop.prefab
  artifactKey: Guid(297f111f09ee9cd48b7ce6064d755bc6) Importer(815301076,1909f56bfc062723c751e8b465ee728b)
Start importing Assets/Assets/Laboratory/Prefabs/Architecture/Wall02/Wall02bTop.prefab using Guid(297f111f09ee9cd48b7ce6064d755bc6) Importer(815301076,1909f56bfc062723c751e8b465ee728b)  -> (artifact id: '92de44e8370f9488bc3d1f466705eead') in 0.017830 seconds
Number of updated asset objects reloaded before import = 0
Number of asset objects unloaded after import = 12
========================================================================
Received Import Request.
  Time since last request: 0.279780 seconds.
  path: Assets/Assets/Laboratory/Prefabs/Architecture/Wall02/Wall02b.prefab
  artifactKey: Guid(685520882a1ae09438c34e2e98ceeb34) Importer(815301076,1909f56bfc062723c751e8b465ee728b)
Start importing Assets/Assets/Laboratory/Prefabs/Architecture/Wall02/Wall02b.prefab using Guid(685520882a1ae09438c34e2e98ceeb34) Importer(815301076,1909f56bfc062723c751e8b465ee728b)  -> (artifact id: '8f3c451fa5eb53424f48059dddda8e1d') in 0.016784 seconds
Number of updated asset objects reloaded before import = 0
Number of asset objects unloaded after import = 12
========================================================================
Received Import Request.
  Time since last request: 0.520508 seconds.
  path: Assets/Assets/Laboratory/Prefabs/Architecture/Wall02/Wall02Door.prefab
  artifactKey: Guid(c58a44145ab52a34f8d8df3519c5cdca) Importer(815301076,1909f56bfc062723c751e8b465ee728b)
Start importing Assets/Assets/Laboratory/Prefabs/Architecture/Wall02/Wall02Door.prefab using Guid(c58a44145ab52a34f8d8df3519c5cdca) Importer(815301076,1909f56bfc062723c751e8b465ee728b)  -> (artifact id: '53a8aeadfc737977d6ba5fa70093d2ec') in 0.018997 seconds
Number of updated asset objects reloaded before import = 0
Number of asset objects unloaded after import = 13
========================================================================
Received Import Request.
  Time since last request: 0.257082 seconds.
  path: Assets/Assets/Laboratory/Prefabs/Architecture/Wall02/Wall02Window.prefab
  artifactKey: Guid(41387528aec7c0d44a4fc42f1bf237b8) Importer(815301076,1909f56bfc062723c751e8b465ee728b)
Start importing Assets/Assets/Laboratory/Prefabs/Architecture/Wall02/Wall02Window.prefab using Guid(41387528aec7c0d44a4fc42f1bf237b8) Importer(815301076,1909f56bfc062723c751e8b465ee728b)  -> (artifact id: '3dd59b597625920e4a02588ee3e9aef3') in 0.016987 seconds
Number of updated asset objects reloaded before import = 0
Number of asset objects unloaded after import = 15
========================================================================
Received Import Request.
  Time since last request: 0.019730 seconds.
  path: Assets/Assets/Laboratory/Prefabs/Architecture/Wall02/Wall02Window02CornerInt.prefab
  artifactKey: Guid(7291739d639571a4697ff0946a443bae) Importer(815301076,1909f56bfc062723c751e8b465ee728b)
Start importing Assets/Assets/Laboratory/Prefabs/Architecture/Wall02/Wall02Window02CornerInt.prefab using Guid(7291739d639571a4697ff0946a443bae) Importer(815301076,1909f56bfc062723c751e8b465ee728b)  -> (artifact id: '965129c129147c5d6e893296b9d295ca') in 0.023216 seconds
Number of updated asset objects reloaded before import = 0
Number of asset objects unloaded after import = 15
========================================================================
Received Import Request.
  Time since last request: 0.338756 seconds.
  path: Assets/Assets/Laboratory/Prefabs/Architecture/Wall02/Wall02WindowCornerInt.prefab
  artifactKey: Guid(0805fcc151208bd44af0d1de0980d941) Importer(815301076,1909f56bfc062723c751e8b465ee728b)
Start importing Assets/Assets/Laboratory/Prefabs/Architecture/Wall02/Wall02WindowCornerInt.prefab using Guid(0805fcc151208bd44af0d1de0980d941) Importer(815301076,1909f56bfc062723c751e8b465ee728b)  -> (artifact id: '5e76bb19a0d16323cc646fa22885540f') in 0.017691 seconds
Number of updated asset objects reloaded before import = 0
Number of asset objects unloaded after import = 15
========================================================================
Received Import Request.
  Time since last request: 16.887764 seconds.
  path: Assets/Assets/Laboratory/Prefabs/Furniture/Desk/Desk02.prefab
  artifactKey: Guid(eaa571f78fc669f459f621ff5831d3fd) Importer(815301076,1909f56bfc062723c751e8b465ee728b)
Start importing Assets/Assets/Laboratory/Prefabs/Furniture/Desk/Desk02.prefab using Guid(eaa571f78fc669f459f621ff5831d3fd) Importer(815301076,1909f56bfc062723c751e8b465ee728b)  -> (artifact id: '56b4bab9b7c207dd9ce106d552ab8733') in 0.040794 seconds
Number of updated asset objects reloaded before import = 0
Number of asset objects unloaded after import = 13
========================================================================
Received Import Request.
  Time since last request: 0.000022 seconds.
  path: Assets/Assets/Laboratory/Prefabs/Furniture/Desk/Desk02b.prefab
  artifactKey: Guid(3e3050e3e4384d7459144e3fbfb44914) Importer(815301076,1909f56bfc062723c751e8b465ee728b)
Start importing Assets/Assets/Laboratory/Prefabs/Furniture/Desk/Desk02b.prefab using Guid(3e3050e3e4384d7459144e3fbfb44914) Importer(815301076,1909f56bfc062723c751e8b465ee728b)  -> (artifact id: '9bff87b9ffccdc839a5ee4aabdf0889e') in 0.045123 seconds
Number of updated asset objects reloaded before import = 0
Number of asset objects unloaded after import = 13
========================================================================
Received Import Request.
  Time since last request: 0.000023 seconds.
  path: Assets/Assets/Laboratory/Prefabs/Furniture/Desk/Desk02c.prefab
  artifactKey: Guid(c386cd3b6373ec94e83e1d671cd3de95) Importer(815301076,1909f56bfc062723c751e8b465ee728b)
Start importing Assets/Assets/Laboratory/Prefabs/Furniture/Desk/Desk02c.prefab using Guid(c386cd3b6373ec94e83e1d671cd3de95) Importer(815301076,1909f56bfc062723c751e8b465ee728b)  -> (artifact id: '2a618e46586a634ccdf07f9bcada4906') in 0.044594 seconds
Number of updated asset objects reloaded before import = 0
Number of asset objects unloaded after import = 13
========================================================================
Received Import Request.
  Time since last request: 0.000029 seconds.
  path: Assets/Assets/Laboratory/Prefabs/Furniture/Desk/Desk03.prefab
  artifactKey: Guid(a22865fae36830b4ba8d3c82474ab2b1) Importer(815301076,1909f56bfc062723c751e8b465ee728b)
Start importing Assets/Assets/Laboratory/Prefabs/Furniture/Desk/Desk03.prefab using Guid(a22865fae36830b4ba8d3c82474ab2b1) Importer(815301076,1909f56bfc062723c751e8b465ee728b)  -> (artifact id: '8cc459589ee5eb1a285712acf8003ec4') in 0.172728 seconds
Number of updated asset objects reloaded before import = 0
Number of asset objects unloaded after import = 31
========================================================================
Received Import Request.
  Time since last request: 7.058589 seconds.
  path: Assets/Assets/Laboratory/Prefabs/Furniture/Fridge/Fridge02_Full Variant.prefab
  artifactKey: Guid(6cd7e83503a383e4eb46d925e2f70fa0) Importer(815301076,1909f56bfc062723c751e8b465ee728b)
Start importing Assets/Assets/Laboratory/Prefabs/Furniture/Fridge/Fridge02_Full Variant.prefab using Guid(6cd7e83503a383e4eb46d925e2f70fa0) Importer(815301076,1909f56bfc062723c751e8b465ee728b)  -> (artifact id: '84721b5c264fbac8f3210adf8e755d6c') in 4.533790 seconds
Number of updated asset objects reloaded before import = 0
Number of asset objects unloaded after import = 76
Editor requested this worker to shutdown with reason: Scaling down because of idle timeout
TcpMessagingSession - receive error: operation aborted. errorcode: 995, details: 스레드 종료 또는 응용 프로그램 요청 때문에 I/O 작업이 취소되었습니다.
AssetImportWorker is now disconnected from the server
Process exiting
Exiting without the bug reporter. Application will terminate with return code 0