Using pre-set license
Built from '2022.3/staging' branch; Version is '2022.3.8f1 (b5eafc012955) revision 11922172'; Using compiler version '192829333'; Build Type 'Release'
OS: 'Windows 11  (10.0.22621) 64bit Core' Language: 'ko' Physical Memory: 8023 MB
BatchMode: 1, IsHumanControllingUs: 0, StartBugReporterOnCrash: 0, Is64bit: 1, IsPro: 1

COMMAND LINE ARGUMENTS:
C:\Program Files\Unity\Hub\Editor\2022.3.8f1\Editor\Unity.exe
-adb2
-batchMode
-noUpm
-name
AssetImportWorker12
-projectPath
C:/Users/admin/Documents/GitHub/SemiConductor_Simul/SC Simul
-logFile
Logs/AssetImportWorker12.log
-srvPort
61096
Successfully changed project path to: C:/Users/admin/Documents/GitHub/SemiConductor_Simul/SC Simul
C:/Users/admin/Documents/GitHub/SemiConductor_Simul/SC Simul
[UnityMemory] Configuration Parameters - Can be set up in boot.config
    "memorysetup-bucket-allocator-granularity=16"
    "memorysetup-bucket-allocator-bucket-count=8"
    "memorysetup-bucket-allocator-block-size=33554432"
    "memorysetup-bucket-allocator-block-count=8"
    "memorysetup-main-allocator-block-size=16777216"
    "memorysetup-thread-allocator-block-size=16777216"
    "memorysetup-gfx-main-allocator-block-size=16777216"
    "memorysetup-gfx-thread-allocator-block-size=16777216"
    "memorysetup-cache-allocator-block-size=4194304"
    "memorysetup-typetree-allocator-block-size=2097152"
    "memorysetup-profiler-bucket-allocator-granularity=16"
    "memorysetup-profiler-bucket-allocator-bucket-count=8"
    "memorysetup-profiler-bucket-allocator-block-size=33554432"
    "memorysetup-profiler-bucket-allocator-block-count=8"
    "memorysetup-profiler-allocator-block-size=16777216"
    "memorysetup-profiler-editor-allocator-block-size=1048576"
    "memorysetup-temp-allocator-size-main=16777216"
    "memorysetup-job-temp-allocator-block-size=2097152"
    "memorysetup-job-temp-allocator-block-size-background=1048576"
    "memorysetup-job-temp-allocator-reduction-small-platforms=262144"
    "memorysetup-allocator-temp-initial-block-size-main=262144"
    "memorysetup-allocator-temp-initial-block-size-worker=262144"
    "memorysetup-temp-allocator-size-background-worker=32768"
    "memorysetup-temp-allocator-size-job-worker=262144"
    "memorysetup-temp-allocator-size-preload-manager=33554432"
    "memorysetup-temp-allocator-size-nav-mesh-worker=65536"
    "memorysetup-temp-allocator-size-audio-worker=65536"
    "memorysetup-temp-allocator-size-cloud-worker=32768"
    "memorysetup-temp-allocator-size-gi-baking-worker=262144"
    "memorysetup-temp-allocator-size-gfx=262144"
Player connection [16472] Host "[IP] 220.66.157.138 [Port] 0 [Flags] 2 [Guid] 3910668667 [EditorId] 3910668667 [Version] 1048832 [Id] WindowsEditor(7,DESKTOP-PHO3N9G) [Debug] 1 [PackageName] WindowsEditor [ProjectName] Editor" joined multi-casting on [225.0.0.222:54997]...

Player connection [16472] Host "[IP] 220.66.157.138 [Port] 0 [Flags] 2 [Guid] 3910668667 [EditorId] 3910668667 [Version] 1048832 [Id] WindowsEditor(7,DESKTOP-PHO3N9G) [Debug] 1 [PackageName] WindowsEditor [ProjectName] Editor" joined alternative multi-casting on [225.0.0.222:34997]...

[Physics::Module] Initialized MultithreadedJobDispatcher with 7 workers.
Refreshing native plugins compatible for Editor in 8.92 ms, found 4 plugins.
Preloading 0 native plugins for Editor in 0.00 ms.
Initialize engine version: 2022.3.8f1 (b5eafc012955)
[Subsystems] Discovering subsystems at path C:/Program Files/Unity/Hub/Editor/2022.3.8f1/Editor/Data/Resources/UnitySubsystems
[Subsystems] Discovering subsystems at path C:/Users/admin/Documents/GitHub/SemiConductor_Simul/SC Simul/Assets
GfxDevice: creating device client; threaded=0; jobified=0
Direct3D:
    Version:  Direct3D 11.0 [level 11.1]
    Renderer: Intel(R) UHD Graphics 630 (ID=0x9bc8)
    Vendor:   Intel
    VRAM:     4011 MB
    Driver:   30.0.101.1994
Initialize mono
Mono path[0] = 'C:/Program Files/Unity/Hub/Editor/2022.3.8f1/Editor/Data/Managed'
Mono path[1] = 'C:/Program Files/Unity/Hub/Editor/2022.3.8f1/Editor/Data/MonoBleedingEdge/lib/mono/unityjit-win32'
Mono config path = 'C:/Program Files/Unity/Hub/Editor/2022.3.8f1/Editor/Data/MonoBleedingEdge/etc'
Using monoOptions --debugger-agent=transport=dt_socket,embedding=1,server=y,suspend=n,address=127.0.0.1:56876
Begin MonoManager ReloadAssembly
Registering precompiled unity dll's ...
Register platform support module: C:/Program Files/Unity/Hub/Editor/2022.3.8f1/Editor/Data/PlaybackEngines/AndroidPlayer/UnityEditor.Android.Extensions.dll
Register platform support module: C:/Program Files/Unity/Hub/Editor/2022.3.8f1/Editor/Data/PlaybackEngines/WindowsStandaloneSupport/UnityEditor.WindowsStandalone.Extensions.dll
Registered in 0.013589 seconds.
- Loaded All Assemblies, in  0.743 seconds
Native extension for WindowsStandalone target not found
Native extension for Android target not found
Android Extension - Scanning For ADB Devices 256 ms
Mono: successfully reloaded assembly
- Finished resetting the current domain, in  0.663 seconds
Domain Reload Profiling: 1404ms
	BeginReloadAssembly (234ms)
		ExecutionOrderSort (0ms)
		DisableScriptedObjects (0ms)
		BackupInstance (0ms)
		ReleaseScriptingObjects (0ms)
		CreateAndSetChildDomain (1ms)
	RebuildCommonClasses (75ms)
	RebuildNativeTypeToScriptingClass (30ms)
	initialDomainReloadingComplete (105ms)
	LoadAllAssembliesAndSetupDomain (297ms)
		LoadAssemblies (232ms)
		RebuildTransferFunctionScriptingTraits (0ms)
		AnalyzeDomain (293ms)
			TypeCache.Refresh (291ms)
				TypeCache.ScanAssembly (267ms)
			ScanForSourceGeneratedMonoScriptInfo (1ms)
			ResolveRequiredComponents (1ms)
	FinalizeReload (663ms)
		ReleaseScriptCaches (0ms)
		RebuildScriptCaches (0ms)
		SetupLoadedEditorAssemblies (575ms)
			LogAssemblyErrors (0ms)
			InitializePlatformSupportModulesInManaged (424ms)
			SetLoadedEditorAssemblies (4ms)
			RefreshPlugins (0ms)
			BeforeProcessingInitializeOnLoad (2ms)
			ProcessInitializeOnLoadAttributes (97ms)
			ProcessInitializeOnLoadMethodAttributes (48ms)
			AfterProcessingInitializeOnLoad (0ms)
			EditorAssembliesLoaded (0ms)
		ExecutionOrderSort2 (0ms)
		AwakeInstancesAfterBackupRestoration (0ms)
========================================================================
Worker process is ready to serve import requests
Begin MonoManager ReloadAssembly
- Loaded All Assemblies, in  0.624 seconds
Refreshing native plugins compatible for Editor in 2.72 ms, found 4 plugins.
Native extension for WindowsStandalone target not found
Native extension for Android target not found
Package Manager log level set to [2]
[Package Manager] Server::EnsureServerProcessIsRunning -- launch failed, reason: Unity was launched with the -noUpm command-line argument
[Package Manager] UpmClient::Send -- Unable to send message (not connected to UPM process).
[Package Manager] Cannot connect to Unity Package Manager local server
Mono: successfully reloaded assembly
- Finished resetting the current domain, in  0.975 seconds
Domain Reload Profiling: 1597ms
	BeginReloadAssembly (139ms)
		ExecutionOrderSort (0ms)
		DisableScriptedObjects (5ms)
		BackupInstance (0ms)
		ReleaseScriptingObjects (0ms)
		CreateAndSetChildDomain (22ms)
	RebuildCommonClasses (33ms)
	RebuildNativeTypeToScriptingClass (11ms)
	initialDomainReloadingComplete (41ms)
	LoadAllAssembliesAndSetupDomain (399ms)
		LoadAssemblies (296ms)
		RebuildTransferFunctionScriptingTraits (0ms)
		AnalyzeDomain (183ms)
			TypeCache.Refresh (164ms)
				TypeCache.ScanAssembly (149ms)
			ScanForSourceGeneratedMonoScriptInfo (14ms)
			ResolveRequiredComponents (4ms)
	FinalizeReload (975ms)
		ReleaseScriptCaches (0ms)
		RebuildScriptCaches (0ms)
		SetupLoadedEditorAssemblies (813ms)
			LogAssemblyErrors (0ms)
			InitializePlatformSupportModulesInManaged (23ms)
			SetLoadedEditorAssemblies (4ms)
			RefreshPlugins (0ms)
			BeforeProcessingInitializeOnLoad (64ms)
			ProcessInitializeOnLoadAttributes (666ms)
			ProcessInitializeOnLoadMethodAttributes (47ms)
			AfterProcessingInitializeOnLoad (8ms)
			EditorAssembliesLoaded (0ms)
		ExecutionOrderSort2 (0ms)
		AwakeInstancesAfterBackupRestoration (9ms)
Launched and connected shader compiler UnityShaderCompiler.exe after 0.26 seconds
Refreshing native plugins compatible for Editor in 3.18 ms, found 4 plugins.
Preloading 0 native plugins for Editor in 0.00 ms.
Unloading 3331 Unused Serialized files (Serialized files now loaded: 0)
Unloading 34 unused Assets / (58.1 KB). Loaded Objects now: 3800.
Memory consumption went from 206.5 MB to 206.5 MB.
Total: 4.295600 ms (FindLiveObjects: 0.412500 ms CreateObjectMapping: 0.390800 ms MarkObjects: 3.253800 ms  DeleteObjects: 0.237100 ms)

AssetImportParameters requested are different than current active one (requested -> active):
  custom:container-demuxer-ogg: 62fdf1f143b41e24485cea50d1cbac27 -> 
  custom:video-decoder-ogg-theora: a1e56fd34408186e4bbccfd4996cb3dc -> 
  custom:framework-win-MediaFoundation: 216162199b28c13a410421893ffa2e32 -> 
  custom:CustomObjectIndexerAttribute: 756ad292c208cfabdd7b50bc23989ffe -> 
  custom:container-demuxer-webm: 4f35f7cbe854078d1ac9338744f61a02 -> 
  custom:container-muxer-webm: aa71ff27fc2769a1b78a27578f13a17b -> 
  custom:video-decoder-webm-vp8: 9c59270c3fd7afecdb556c50c9e8de78 -> 
  custom:SearchIndexIgnoredProperties: e643bd26f0fe6173181afceb89e7c659 -> 
  custom:AudioImporter_EditorPlatform: d09bf68614088b80899f8185d706f6e7 -> 
  custom:video-encoder-webm-vp8: eb34c28f22e8b96e1ab97ce403110664 -> 
  custom:audio-decoder-ogg-vorbis: bf7c407c2cedff20999df2af8eb42d56 -> 
  custom:audio-encoder-webm-vorbis: bf7c407c2cedff20999df2af8eb42d56 -> 
========================================================================
Received Import Request.
  Time since last request: 13834.996398 seconds.
  path: Assets/Assets/Laboratory/Prefabs/Furniture/Desk/Desk01b.prefab
  artifactKey: Guid(bcecd7722ebf05e4c904ab0c4cc49166) Importer(815301076,1909f56bfc062723c751e8b465ee728b)
Start importing Assets/Assets/Laboratory/Prefabs/Furniture/Desk/Desk01b.prefab using Guid(bcecd7722ebf05e4c904ab0c4cc49166) Importer(815301076,1909f56bfc062723c751e8b465ee728b)  -> (artifact id: '0e247d46698d451d9051d204304cd729') in 0.289091 seconds
Number of updated asset objects reloaded before import = 0
Number of asset objects unloaded after import = 13
========================================================================
Received Import Request.
  Time since last request: 4.198660 seconds.
  path: Assets/Assets/Laboratory/Textures/Surfaces/Concrete/Materials/Concrete01.mat
  artifactKey: Guid(34b3a3fa3eda5dc47b04477b5b665d22) Importer(815301076,1909f56bfc062723c751e8b465ee728b)
Start importing Assets/Assets/Laboratory/Textures/Surfaces/Concrete/Materials/Concrete01.mat using Guid(34b3a3fa3eda5dc47b04477b5b665d22) Importer(815301076,1909f56bfc062723c751e8b465ee728b)  -> (artifact id: 'd878d90c1a626726542b11464ca20b08') in 0.393080 seconds
Number of updated asset objects reloaded before import = 0
Number of asset objects unloaded after import = 4
========================================================================
Received Import Request.
  Time since last request: 0.000067 seconds.
  path: Assets/Assets/Laboratory/Textures/Surfaces/Concrete/Concrete01_n.png
  artifactKey: Guid(bedec7aaeeb5bca4f9a5fe87ac96b7ac) Importer(815301076,1909f56bfc062723c751e8b465ee728b)
Start importing Assets/Assets/Laboratory/Textures/Surfaces/Concrete/Concrete01_n.png using Guid(bedec7aaeeb5bca4f9a5fe87ac96b7ac) Importer(815301076,1909f56bfc062723c751e8b465ee728b)  -> (artifact id: '9c5ff0a1425855cd2c88d3daea4f96d1') in 0.076720 seconds
Number of updated asset objects reloaded before import = 0
Number of asset objects unloaded after import = 2
========================================================================
Received Import Request.
  Time since last request: 25.831578 seconds.
  path: Assets/Assets/Laboratory/Scenes/Scene_Laboratory/Scene_Laboratory/Lightmap-4_comp_shadowmask.png
  artifactKey: Guid(9291dedc22202db40a22d9dc0f0c8f5c) Importer(815301076,1909f56bfc062723c751e8b465ee728b)
Start importing Assets/Assets/Laboratory/Scenes/Scene_Laboratory/Scene_Laboratory/Lightmap-4_comp_shadowmask.png using Guid(9291dedc22202db40a22d9dc0f0c8f5c) Importer(815301076,1909f56bfc062723c751e8b465ee728b)  -> (artifact id: '63f1a996532f4f3cbc5cfa4f8ff86fb8') in 0.250103 seconds
Number of updated asset objects reloaded before import = 0
Number of asset objects unloaded after import = 2
========================================================================
Received Import Request.
  Time since last request: 0.140939 seconds.
  path: Assets/Assets/Laboratory/Scenes/Scene_Laboratory/Scene_Laboratory/Lightmap-6_comp_dir.png
  artifactKey: Guid(c5c41f0b1e61014439988d2aec2944ac) Importer(815301076,1909f56bfc062723c751e8b465ee728b)
Start importing Assets/Assets/Laboratory/Scenes/Scene_Laboratory/Scene_Laboratory/Lightmap-6_comp_dir.png using Guid(c5c41f0b1e61014439988d2aec2944ac) Importer(815301076,1909f56bfc062723c751e8b465ee728b)  -> (artifact id: '74b90d336d78ec58ca0d8febdbd52328') in 0.229843 seconds
Number of updated asset objects reloaded before import = 0
Number of asset objects unloaded after import = 2
========================================================================
Received Import Request.
  Time since last request: 0.016540 seconds.
  path: Assets/Assets/Laboratory/Scenes/Scene_Laboratory/Scene_Laboratory/Lightmap-7_comp_light.exr
  artifactKey: Guid(a66582694c2332b4ba60b6a9fb9564aa) Importer(815301076,1909f56bfc062723c751e8b465ee728b)
Start importing Assets/Assets/Laboratory/Scenes/Scene_Laboratory/Scene_Laboratory/Lightmap-7_comp_light.exr using Guid(a66582694c2332b4ba60b6a9fb9564aa) Importer(815301076,1909f56bfc062723c751e8b465ee728b)  -> (artifact id: '7a735fb6f889e3a00f990c1163fa95a8') in 0.321919 seconds
Number of updated asset objects reloaded before import = 0
Number of asset objects unloaded after import = 2
========================================================================
Received Import Request.
  Time since last request: 0.002199 seconds.
  path: Assets/Assets/Laboratory/Scenes/Scene_Laboratory/Scene_Laboratory/Lightmap-8_comp_shadowmask.png
  artifactKey: Guid(9d32bddfaf3017c409184432c3a14616) Importer(815301076,1909f56bfc062723c751e8b465ee728b)
Start importing Assets/Assets/Laboratory/Scenes/Scene_Laboratory/Scene_Laboratory/Lightmap-8_comp_shadowmask.png using Guid(9d32bddfaf3017c409184432c3a14616) Importer(815301076,1909f56bfc062723c751e8b465ee728b)  -> (artifact id: '5a16a34b7e710d2415fcdee1ca7db423') in 0.215196 seconds
Number of updated asset objects reloaded before import = 0
Number of asset objects unloaded after import = 2
========================================================================
Received Import Request.
  Time since last request: 0.003495 seconds.
  path: Assets/Assets/Laboratory/Scenes/Scene_Laboratory/Scene_Laboratory/Lightmap-9_comp_light.exr
  artifactKey: Guid(a04385787c42e6f479c612a0ac9b7b01) Importer(815301076,1909f56bfc062723c751e8b465ee728b)
Start importing Assets/Assets/Laboratory/Scenes/Scene_Laboratory/Scene_Laboratory/Lightmap-9_comp_light.exr using Guid(a04385787c42e6f479c612a0ac9b7b01) Importer(815301076,1909f56bfc062723c751e8b465ee728b)  -> (artifact id: '72d7a0675e9baf9b5d123ca83b8b931f') in 0.219283 seconds
Number of updated asset objects reloaded before import = 0
Number of asset objects unloaded after import = 2
========================================================================
Received Import Request.
  Time since last request: 0.000020 seconds.
  path: Assets/Assets/Laboratory/Scenes/Scene_Laboratory/Scene_Laboratory/Lightmap-10_comp_shadowmask.png
  artifactKey: Guid(1f8ae854d5e852549997b106b5e7db7b) Importer(815301076,1909f56bfc062723c751e8b465ee728b)
Start importing Assets/Assets/Laboratory/Scenes/Scene_Laboratory/Scene_Laboratory/Lightmap-10_comp_shadowmask.png using Guid(1f8ae854d5e852549997b106b5e7db7b) Importer(815301076,1909f56bfc062723c751e8b465ee728b)  -> (artifact id: 'd7d11e614cbe566ec5e29f1940c7ea66') in 0.244385 seconds
Number of updated asset objects reloaded before import = 0
Number of asset objects unloaded after import = 2
========================================================================
Received Import Request.
  Time since last request: 8.360652 seconds.
  path: Assets/Assets/Laboratory/Scenes/Scene_Laboratory/Scene_Laboratory/Lightmap-0_comp_dir.png
  artifactKey: Guid(4d6a9e85f638a8d45a96f6d8220255e1) Importer(815301076,1909f56bfc062723c751e8b465ee728b)
Start importing Assets/Assets/Laboratory/Scenes/Scene_Laboratory/Scene_Laboratory/Lightmap-0_comp_dir.png using Guid(4d6a9e85f638a8d45a96f6d8220255e1) Importer(815301076,1909f56bfc062723c751e8b465ee728b)  -> (artifact id: 'db04ec47c2c9639e941ebb35ca4632b5') in 0.205845 seconds
Number of updated asset objects reloaded before import = 0
Number of asset objects unloaded after import = 2
========================================================================
Received Import Request.
  Time since last request: 0.000018 seconds.
  path: Assets/Assets/Laboratory_Interior/Scene/Laboratory_Room/Lightmap-1_comp_light.exr
  artifactKey: Guid(0f593c81c0a71cb409c8413801b55600) Importer(815301076,1909f56bfc062723c751e8b465ee728b)
Start importing Assets/Assets/Laboratory_Interior/Scene/Laboratory_Room/Lightmap-1_comp_light.exr using Guid(0f593c81c0a71cb409c8413801b55600) Importer(815301076,1909f56bfc062723c751e8b465ee728b)  -> (artifact id: '7f8fa338119eb04c79c489602b238e82') in 0.495104 seconds
Number of updated asset objects reloaded before import = 0
Number of asset objects unloaded after import = 2
========================================================================
Received Import Request.
  Time since last request: 0.000022 seconds.
  path: Assets/Assets/Laboratory/Scenes/Scene_Laboratory/Scene_Laboratory/Lightmap-2_comp_light.exr
  artifactKey: Guid(1bee47555ba3df542b6dd8ce4b0578e9) Importer(815301076,1909f56bfc062723c751e8b465ee728b)
Start importing Assets/Assets/Laboratory/Scenes/Scene_Laboratory/Scene_Laboratory/Lightmap-2_comp_light.exr using Guid(1bee47555ba3df542b6dd8ce4b0578e9) Importer(815301076,1909f56bfc062723c751e8b465ee728b)  -> (artifact id: '96e1c142c4d994d39f39247942f1968a') in 0.448886 seconds
Number of updated asset objects reloaded before import = 0
Number of asset objects unloaded after import = 2
========================================================================
Received Import Request.
  Time since last request: 0.000031 seconds.
  path: Assets/Assets/Laboratory/Scenes/Scene_Laboratory/Scene_Laboratory/Lightmap-2_comp_shadowmask.png
  artifactKey: Guid(1eee246ca791aed4295e49f57523015b) Importer(815301076,1909f56bfc062723c751e8b465ee728b)
Start importing Assets/Assets/Laboratory/Scenes/Scene_Laboratory/Scene_Laboratory/Lightmap-2_comp_shadowmask.png using Guid(1eee246ca791aed4295e49f57523015b) Importer(815301076,1909f56bfc062723c751e8b465ee728b)  -> (artifact id: '375f9b0574ce7c12314fc2ae76a97a37') in 0.452741 seconds
Number of updated asset objects reloaded before import = 0
Number of asset objects unloaded after import = 2
========================================================================
Received Import Request.
  Time since last request: 4.158051 seconds.
  path: Assets/Assets/Laboratory/Models/Props/Hardware/Monitor01/Materials/Monitor01.mat
  artifactKey: Guid(24cc5f9f382fa4e448e26061f2eb65a6) Importer(815301076,1909f56bfc062723c751e8b465ee728b)
Start importing Assets/Assets/Laboratory/Models/Props/Hardware/Monitor01/Materials/Monitor01.mat using Guid(24cc5f9f382fa4e448e26061f2eb65a6) Importer(815301076,1909f56bfc062723c751e8b465ee728b)  -> (artifact id: 'e22bc45443bd48045a2b0fcf388c14a2') in 0.483857 seconds
Number of updated asset objects reloaded before import = 0
Number of asset objects unloaded after import = 5
========================================================================
Received Import Request.
  Time since last request: 41.334855 seconds.
  path: Assets/Assets/Laboratory/Models/Props/Organic/Alien01/Materials/Alien01b_MaskMap.png
  artifactKey: Guid(b688c0238b4fea24d97a19018bce4a0c) Importer(815301076,1909f56bfc062723c751e8b465ee728b)
Start importing Assets/Assets/Laboratory/Models/Props/Organic/Alien01/Materials/Alien01b_MaskMap.png using Guid(b688c0238b4fea24d97a19018bce4a0c) Importer(815301076,1909f56bfc062723c751e8b465ee728b)  -> (artifact id: 'f9df9455b3d681813b27443a869b0d98') in 0.110565 seconds
Number of updated asset objects reloaded before import = 0
Number of asset objects unloaded after import = 2
========================================================================
Received Import Request.
  Time since last request: 0.014576 seconds.
  path: Assets/ChemLabEquipment/Materials/Textures/Beaker_100mL.png
  artifactKey: Guid(9f6625e0f61774343b910d034c9a7927) Importer(815301076,1909f56bfc062723c751e8b465ee728b)
Start importing Assets/ChemLabEquipment/Materials/Textures/Beaker_100mL.png using Guid(9f6625e0f61774343b910d034c9a7927) Importer(815301076,1909f56bfc062723c751e8b465ee728b)  -> (artifact id: '24f818c1ab2011da1cf8abe19f8c78e3') in 0.077259 seconds
Number of updated asset objects reloaded before import = 0
Number of asset objects unloaded after import = 2
========================================================================
Received Import Request.
  Time since last request: 0.333722 seconds.
  path: Assets/Assets/Laboratory/Prefabs/Props/Hardware/Keyboard01.prefab
  artifactKey: Guid(dfbbf9c9c0e2fa44cb2f14e9c6e849bc) Importer(815301076,1909f56bfc062723c751e8b465ee728b)
Start importing Assets/Assets/Laboratory/Prefabs/Props/Hardware/Keyboard01.prefab using Guid(dfbbf9c9c0e2fa44cb2f14e9c6e849bc) Importer(815301076,1909f56bfc062723c751e8b465ee728b)  -> (artifact id: 'd45afea218c8c03093866f34fa64ab45') in 0.133105 seconds
Number of updated asset objects reloaded before import = 0
Number of asset objects unloaded after import = 13
========================================================================
Received Import Request.
  Time since last request: 42.026653 seconds.
  path: Assets/Assets/Laboratory/Prefabs/Props/Hardware/Mouse01.prefab
  artifactKey: Guid(b2b7b5dc93e892a4c8833a0d24947b79) Importer(815301076,1909f56bfc062723c751e8b465ee728b)
Start importing Assets/Assets/Laboratory/Prefabs/Props/Hardware/Mouse01.prefab using Guid(b2b7b5dc93e892a4c8833a0d24947b79) Importer(815301076,1909f56bfc062723c751e8b465ee728b)  -> (artifact id: '0c713f3e29e5194d30f3dce40683cf05') in 0.044583 seconds
Number of updated asset objects reloaded before import = 0
Number of asset objects unloaded after import = 11
Editor requested this worker to shutdown with reason: Scaling down because of idle timeout
TcpMessagingSession - receive error: operation aborted. errorcode: 995, details: 스레드 종료 또는 응용 프로그램 요청 때문에 I/O 작업이 취소되었습니다.
AssetImportWorker is now disconnected from the server
Process exiting
Exiting without the bug reporter. Application will terminate with return code 0