Using pre-set license
Built from '2022.3/staging' branch; Version is '2022.3.8f1 (b5eafc012955) revision 11922172'; Using compiler version '192829333'; Build Type 'Release'
OS: 'Windows 11  (10.0.22621) 64bit Core' Language: 'ko' Physical Memory: 8023 MB
BatchMode: 1, IsHumanControllingUs: 0, StartBugReporterOnCrash: 0, Is64bit: 1, IsPro: 1

COMMAND LINE ARGUMENTS:
C:\Program Files\Unity\Hub\Editor\2022.3.8f1\Editor\Unity.exe
-adb2
-batchMode
-noUpm
-name
AssetImportWorker9
-projectPath
C:/Users/admin/Documents/GitHub/SemiConductor_Simul/SC Simul
-logFile
Logs/AssetImportWorker9.log
-srvPort
61096
Successfully changed project path to: C:/Users/admin/Documents/GitHub/SemiConductor_Simul/SC Simul
C:/Users/admin/Documents/GitHub/SemiConductor_Simul/SC Simul
[UnityMemory] Configuration Parameters - Can be set up in boot.config
    "memorysetup-bucket-allocator-granularity=16"
    "memorysetup-bucket-allocator-bucket-count=8"
    "memorysetup-bucket-allocator-block-size=33554432"
    "memorysetup-bucket-allocator-block-count=8"
    "memorysetup-main-allocator-block-size=16777216"
    "memorysetup-thread-allocator-block-size=16777216"
    "memorysetup-gfx-main-allocator-block-size=16777216"
    "memorysetup-gfx-thread-allocator-block-size=16777216"
    "memorysetup-cache-allocator-block-size=4194304"
    "memorysetup-typetree-allocator-block-size=2097152"
    "memorysetup-profiler-bucket-allocator-granularity=16"
    "memorysetup-profiler-bucket-allocator-bucket-count=8"
    "memorysetup-profiler-bucket-allocator-block-size=33554432"
    "memorysetup-profiler-bucket-allocator-block-count=8"
    "memorysetup-profiler-allocator-block-size=16777216"
    "memorysetup-profiler-editor-allocator-block-size=1048576"
    "memorysetup-temp-allocator-size-main=16777216"
    "memorysetup-job-temp-allocator-block-size=2097152"
    "memorysetup-job-temp-allocator-block-size-background=1048576"
    "memorysetup-job-temp-allocator-reduction-small-platforms=262144"
    "memorysetup-allocator-temp-initial-block-size-main=262144"
    "memorysetup-allocator-temp-initial-block-size-worker=262144"
    "memorysetup-temp-allocator-size-background-worker=32768"
    "memorysetup-temp-allocator-size-job-worker=262144"
    "memorysetup-temp-allocator-size-preload-manager=33554432"
    "memorysetup-temp-allocator-size-nav-mesh-worker=65536"
    "memorysetup-temp-allocator-size-audio-worker=65536"
    "memorysetup-temp-allocator-size-cloud-worker=32768"
    "memorysetup-temp-allocator-size-gi-baking-worker=262144"
    "memorysetup-temp-allocator-size-gfx=262144"
Player connection [17080] Host "[IP] 220.66.157.138 [Port] 0 [Flags] 2 [Guid] 2593596105 [EditorId] 2593596105 [Version] 1048832 [Id] WindowsEditor(7,DESKTOP-PHO3N9G) [Debug] 1 [PackageName] WindowsEditor [ProjectName] Editor" joined multi-casting on [225.0.0.222:54997]...

Player connection [17080] Host "[IP] 220.66.157.138 [Port] 0 [Flags] 2 [Guid] 2593596105 [EditorId] 2593596105 [Version] 1048832 [Id] WindowsEditor(7,DESKTOP-PHO3N9G) [Debug] 1 [PackageName] WindowsEditor [ProjectName] Editor" joined alternative multi-casting on [225.0.0.222:34997]...

[Physics::Module] Initialized MultithreadedJobDispatcher with 7 workers.
Refreshing native plugins compatible for Editor in 21.25 ms, found 4 plugins.
Preloading 0 native plugins for Editor in 0.00 ms.
Initialize engine version: 2022.3.8f1 (b5eafc012955)
[Subsystems] Discovering subsystems at path C:/Program Files/Unity/Hub/Editor/2022.3.8f1/Editor/Data/Resources/UnitySubsystems
[Subsystems] Discovering subsystems at path C:/Users/admin/Documents/GitHub/SemiConductor_Simul/SC Simul/Assets
GfxDevice: creating device client; threaded=0; jobified=0
Direct3D:
    Version:  Direct3D 11.0 [level 11.1]
    Renderer: Intel(R) UHD Graphics 630 (ID=0x9bc8)
    Vendor:   Intel
    VRAM:     4011 MB
    Driver:   30.0.101.1994
Initialize mono
Mono path[0] = 'C:/Program Files/Unity/Hub/Editor/2022.3.8f1/Editor/Data/Managed'
Mono path[1] = 'C:/Program Files/Unity/Hub/Editor/2022.3.8f1/Editor/Data/MonoBleedingEdge/lib/mono/unityjit-win32'
Mono config path = 'C:/Program Files/Unity/Hub/Editor/2022.3.8f1/Editor/Data/MonoBleedingEdge/etc'
Using monoOptions --debugger-agent=transport=dt_socket,embedding=1,server=y,suspend=n,address=127.0.0.1:56188
Begin MonoManager ReloadAssembly
Registering precompiled unity dll's ...
Register platform support module: C:/Program Files/Unity/Hub/Editor/2022.3.8f1/Editor/Data/PlaybackEngines/AndroidPlayer/UnityEditor.Android.Extensions.dll
Register platform support module: C:/Program Files/Unity/Hub/Editor/2022.3.8f1/Editor/Data/PlaybackEngines/WindowsStandaloneSupport/UnityEditor.WindowsStandalone.Extensions.dll
Registered in 0.006164 seconds.
- Loaded All Assemblies, in  0.379 seconds
Native extension for WindowsStandalone target not found
Native extension for Android target not found
Android Extension - Scanning For ADB Devices 226 ms
Mono: successfully reloaded assembly
- Finished resetting the current domain, in  0.539 seconds
Domain Reload Profiling: 917ms
	BeginReloadAssembly (97ms)
		ExecutionOrderSort (0ms)
		DisableScriptedObjects (0ms)
		BackupInstance (0ms)
		ReleaseScriptingObjects (0ms)
		CreateAndSetChildDomain (1ms)
	RebuildCommonClasses (31ms)
	RebuildNativeTypeToScriptingClass (18ms)
	initialDomainReloadingComplete (50ms)
	LoadAllAssembliesAndSetupDomain (181ms)
		LoadAssemblies (96ms)
		RebuildTransferFunctionScriptingTraits (0ms)
		AnalyzeDomain (179ms)
			TypeCache.Refresh (178ms)
				TypeCache.ScanAssembly (158ms)
			ScanForSourceGeneratedMonoScriptInfo (0ms)
			ResolveRequiredComponents (0ms)
	FinalizeReload (539ms)
		ReleaseScriptCaches (0ms)
		RebuildScriptCaches (0ms)
		SetupLoadedEditorAssemblies (470ms)
			LogAssemblyErrors (0ms)
			InitializePlatformSupportModulesInManaged (326ms)
			SetLoadedEditorAssemblies (4ms)
			RefreshPlugins (0ms)
			BeforeProcessingInitializeOnLoad (2ms)
			ProcessInitializeOnLoadAttributes (92ms)
			ProcessInitializeOnLoadMethodAttributes (46ms)
			AfterProcessingInitializeOnLoad (0ms)
			EditorAssembliesLoaded (0ms)
		ExecutionOrderSort2 (0ms)
		AwakeInstancesAfterBackupRestoration (0ms)
========================================================================
Worker process is ready to serve import requests
Begin MonoManager ReloadAssembly
- Loaded All Assemblies, in  0.636 seconds
Refreshing native plugins compatible for Editor in 2.77 ms, found 4 plugins.
Native extension for WindowsStandalone target not found
Native extension for Android target not found
Package Manager log level set to [2]
[Package Manager] Server::EnsureServerProcessIsRunning -- launch failed, reason: Unity was launched with the -noUpm command-line argument
[Package Manager] UpmClient::Send -- Unable to send message (not connected to UPM process).
[Package Manager] Cannot connect to Unity Package Manager local server
Mono: successfully reloaded assembly
- Finished resetting the current domain, in  0.755 seconds
Domain Reload Profiling: 1390ms
	BeginReloadAssembly (181ms)
		ExecutionOrderSort (0ms)
		DisableScriptedObjects (5ms)
		BackupInstance (0ms)
		ReleaseScriptingObjects (0ms)
		CreateAndSetChildDomain (24ms)
	RebuildCommonClasses (30ms)
	RebuildNativeTypeToScriptingClass (11ms)
	initialDomainReloadingComplete (37ms)
	LoadAllAssembliesAndSetupDomain (375ms)
		LoadAssemblies (277ms)
		RebuildTransferFunctionScriptingTraits (0ms)
		AnalyzeDomain (178ms)
			TypeCache.Refresh (157ms)
				TypeCache.ScanAssembly (142ms)
			ScanForSourceGeneratedMonoScriptInfo (16ms)
			ResolveRequiredComponents (4ms)
	FinalizeReload (756ms)
		ReleaseScriptCaches (0ms)
		RebuildScriptCaches (0ms)
		SetupLoadedEditorAssemblies (606ms)
			LogAssemblyErrors (0ms)
			InitializePlatformSupportModulesInManaged (27ms)
			SetLoadedEditorAssemblies (5ms)
			RefreshPlugins (0ms)
			BeforeProcessingInitializeOnLoad (60ms)
			ProcessInitializeOnLoadAttributes (477ms)
			ProcessInitializeOnLoadMethodAttributes (30ms)
			AfterProcessingInitializeOnLoad (9ms)
			EditorAssembliesLoaded (0ms)
		ExecutionOrderSort2 (0ms)
		AwakeInstancesAfterBackupRestoration (8ms)
Launched and connected shader compiler UnityShaderCompiler.exe after 0.12 seconds
Refreshing native plugins compatible for Editor in 2.65 ms, found 4 plugins.
Preloading 0 native plugins for Editor in 0.00 ms.
Unloading 3331 Unused Serialized files (Serialized files now loaded: 0)
Unloading 34 unused Assets / (58.3 KB). Loaded Objects now: 3800.
Memory consumption went from 206.7 MB to 206.7 MB.
Total: 3.887200 ms (FindLiveObjects: 0.348400 ms CreateObjectMapping: 0.314900 ms MarkObjects: 3.053600 ms  DeleteObjects: 0.168600 ms)

AssetImportParameters requested are different than current active one (requested -> active):
  custom:container-demuxer-ogg: 62fdf1f143b41e24485cea50d1cbac27 -> 
  custom:video-decoder-ogg-theora: a1e56fd34408186e4bbccfd4996cb3dc -> 
  custom:framework-win-MediaFoundation: 216162199b28c13a410421893ffa2e32 -> 
  custom:CustomObjectIndexerAttribute: 756ad292c208cfabdd7b50bc23989ffe -> 
  custom:container-demuxer-webm: 4f35f7cbe854078d1ac9338744f61a02 -> 
  custom:container-muxer-webm: aa71ff27fc2769a1b78a27578f13a17b -> 
  custom:video-decoder-webm-vp8: 9c59270c3fd7afecdb556c50c9e8de78 -> 
  custom:SearchIndexIgnoredProperties: e643bd26f0fe6173181afceb89e7c659 -> 
  custom:AudioImporter_EditorPlatform: d09bf68614088b80899f8185d706f6e7 -> 
  custom:video-encoder-webm-vp8: eb34c28f22e8b96e1ab97ce403110664 -> 
  custom:audio-decoder-ogg-vorbis: bf7c407c2cedff20999df2af8eb42d56 -> 
  custom:audio-encoder-webm-vorbis: bf7c407c2cedff20999df2af8eb42d56 -> 
========================================================================
Received Import Request.
  Time since last request: 13807.109094 seconds.
  path: Assets/ChemLabEquipment/Materials/Textures/Balance_HeightMap.png
  artifactKey: Guid(378d5816f3753a0438175e5333223e10) Importer(815301076,1909f56bfc062723c751e8b465ee728b)
Start importing Assets/ChemLabEquipment/Materials/Textures/Balance_HeightMap.png using Guid(378d5816f3753a0438175e5333223e10) Importer(815301076,1909f56bfc062723c751e8b465ee728b)  -> (artifact id: '3ce65369c3be56969dfbc72a60dd7ae9') in 0.144292 seconds
Number of updated asset objects reloaded before import = 0
Number of asset objects unloaded after import = 2
========================================================================
Received Import Request.
  Time since last request: 0.000142 seconds.
  path: Assets/Assets/DIY/gaschiller.fbx
  artifactKey: Guid(0086c76a5f083694586099bf79f2ce88) Importer(815301076,1909f56bfc062723c751e8b465ee728b)
Start importing Assets/Assets/DIY/gaschiller.fbx using Guid(0086c76a5f083694586099bf79f2ce88) Importer(815301076,1909f56bfc062723c751e8b465ee728b)  -> (artifact id: '34a371f8c132472e5b4521dd7a960c40') in 1.566494 seconds
Number of updated asset objects reloaded before import = 0
Number of asset objects unloaded after import = 301
========================================================================
Received Import Request.
  Time since last request: 26.181191 seconds.
  path: Assets/Assets/Laboratory/Prefabs/Furniture/Desk/Desk02.prefab
  artifactKey: Guid(eaa571f78fc669f459f621ff5831d3fd) Importer(815301076,1909f56bfc062723c751e8b465ee728b)
Start importing Assets/Assets/Laboratory/Prefabs/Furniture/Desk/Desk02.prefab using Guid(eaa571f78fc669f459f621ff5831d3fd) Importer(815301076,1909f56bfc062723c751e8b465ee728b)  -> (artifact id: '1c9a80b16756dcb4417d07d0b090c8c9') in 0.228767 seconds
Number of updated asset objects reloaded before import = 0
Number of asset objects unloaded after import = 13
========================================================================
Received Import Request.
  Time since last request: 0.000056 seconds.
  path: Assets/Assets/Laboratory/Prefabs/Furniture/Desk/Desk02c.prefab
  artifactKey: Guid(c386cd3b6373ec94e83e1d671cd3de95) Importer(815301076,1909f56bfc062723c751e8b465ee728b)
Start importing Assets/Assets/Laboratory/Prefabs/Furniture/Desk/Desk02c.prefab using Guid(c386cd3b6373ec94e83e1d671cd3de95) Importer(815301076,1909f56bfc062723c751e8b465ee728b)  -> (artifact id: 'bea6112b7ea6f0b326c251e92bf42658') in 0.067054 seconds
Number of updated asset objects reloaded before import = 0
Number of asset objects unloaded after import = 13
========================================================================
Received Import Request.
  Time since last request: 4.183847 seconds.
  path: Assets/Assets/Laboratory/Textures/Surfaces/Concrete/Materials/Concrete01_MaskMap.png
  artifactKey: Guid(6ae6eddf87189134bb5c7cd100d06ba3) Importer(815301076,1909f56bfc062723c751e8b465ee728b)
Start importing Assets/Assets/Laboratory/Textures/Surfaces/Concrete/Materials/Concrete01_MaskMap.png using Guid(6ae6eddf87189134bb5c7cd100d06ba3) Importer(815301076,1909f56bfc062723c751e8b465ee728b)  -> (artifact id: 'd56c18b97d0c8e33f9ca5e3d903f864f') in 0.289030 seconds
Number of updated asset objects reloaded before import = 0
Number of asset objects unloaded after import = 2
========================================================================
Received Import Request.
  Time since last request: 0.000017 seconds.
  path: Assets/Assets/DIY/AirShower.blend
  artifactKey: Guid(bdf27d2716d4c1a45ab44c92938caed3) Importer(815301076,1909f56bfc062723c751e8b465ee728b)
Start importing Assets/Assets/DIY/AirShower.blend using Guid(bdf27d2716d4c1a45ab44c92938caed3) Importer(815301076,1909f56bfc062723c751e8b465ee728b)  -> (artifact id: 'bd2a138af5456da762ba2248c4e1504a') in 0.105560 seconds
Number of updated asset objects reloaded before import = 0
Number of asset objects unloaded after import = 8
========================================================================
Received Import Request.
  Time since last request: 0.000746 seconds.
  path: Assets/Assets/DIY/crystalgrower.fbx
  artifactKey: Guid(61d98cb5bfc306b45af9b001059f75c4) Importer(815301076,1909f56bfc062723c751e8b465ee728b)
Start importing Assets/Assets/DIY/crystalgrower.fbx using Guid(61d98cb5bfc306b45af9b001059f75c4) Importer(815301076,1909f56bfc062723c751e8b465ee728b)  -> (artifact id: '99e769b7ed3438f9be62aee7dd57e4b6') in 1.153798 seconds
Number of updated asset objects reloaded before import = 0
Number of asset objects unloaded after import = 372
========================================================================
Received Import Request.
  Time since last request: 24.991224 seconds.
  path: Assets/Assets/Laboratory/Scenes/Scene_Laboratory/Scene_Laboratory/Lightmap-5_comp_shadowmask.png
  artifactKey: Guid(49e012cebff543b4d92dcdd7bb461673) Importer(815301076,1909f56bfc062723c751e8b465ee728b)
Start importing Assets/Assets/Laboratory/Scenes/Scene_Laboratory/Scene_Laboratory/Lightmap-5_comp_shadowmask.png using Guid(49e012cebff543b4d92dcdd7bb461673) Importer(815301076,1909f56bfc062723c751e8b465ee728b)  -> (artifact id: 'a31b27dc85adaf19d3257ae40467bccc') in 0.276784 seconds
Number of updated asset objects reloaded before import = 0
Number of asset objects unloaded after import = 2
========================================================================
Received Import Request.
  Time since last request: 0.000023 seconds.
  path: Assets/Assets/Laboratory/Scenes/Scene_Laboratory/Scene_Laboratory/Lightmap-7_comp_dir.png
  artifactKey: Guid(58455c5022c6ae8438c917fc373b741a) Importer(815301076,1909f56bfc062723c751e8b465ee728b)
Start importing Assets/Assets/Laboratory/Scenes/Scene_Laboratory/Scene_Laboratory/Lightmap-7_comp_dir.png using Guid(58455c5022c6ae8438c917fc373b741a) Importer(815301076,1909f56bfc062723c751e8b465ee728b)  -> (artifact id: 'a2954869da23a3b1619504ba3bb602cb') in 0.577032 seconds
Number of updated asset objects reloaded before import = 0
Number of asset objects unloaded after import = 2
========================================================================
Received Import Request.
  Time since last request: 0.082530 seconds.
  path: Assets/Assets/Laboratory/Scenes/Scene_Laboratory/Scene_Laboratory/Lightmap-8_comp_light.exr
  artifactKey: Guid(a8a199cdd24ef90429a4afdfcb239049) Importer(815301076,1909f56bfc062723c751e8b465ee728b)
Start importing Assets/Assets/Laboratory/Scenes/Scene_Laboratory/Scene_Laboratory/Lightmap-8_comp_light.exr using Guid(a8a199cdd24ef90429a4afdfcb239049) Importer(815301076,1909f56bfc062723c751e8b465ee728b)  -> (artifact id: '99ec8ed8339b0a632aaab60a728931c3') in 0.324948 seconds
Number of updated asset objects reloaded before import = 0
Number of asset objects unloaded after import = 2
========================================================================
Received Import Request.
  Time since last request: 0.221584 seconds.
  path: Assets/Assets/Laboratory/Scenes/Scene_Laboratory/Scene_Laboratory/Lightmap-10_comp_light.exr
  artifactKey: Guid(e69d83312026ef145a5df178a1b10e9c) Importer(815301076,1909f56bfc062723c751e8b465ee728b)
Start importing Assets/Assets/Laboratory/Scenes/Scene_Laboratory/Scene_Laboratory/Lightmap-10_comp_light.exr using Guid(e69d83312026ef145a5df178a1b10e9c) Importer(815301076,1909f56bfc062723c751e8b465ee728b)  -> (artifact id: 'e1bfceaa72d8914775e7fb808416f594') in 0.229023 seconds
Number of updated asset objects reloaded before import = 0
Number of asset objects unloaded after import = 2
========================================================================
Received Import Request.
  Time since last request: 8.559703 seconds.
  path: Assets/Assets/Laboratory/Scenes/Scene_Laboratory/Scene_Laboratory/Lightmap-0_comp_light.exr
  artifactKey: Guid(b53d6af5ad46902409f3380b4cbeaa21) Importer(815301076,1909f56bfc062723c751e8b465ee728b)
Start importing Assets/Assets/Laboratory/Scenes/Scene_Laboratory/Scene_Laboratory/Lightmap-0_comp_light.exr using Guid(b53d6af5ad46902409f3380b4cbeaa21) Importer(815301076,1909f56bfc062723c751e8b465ee728b)  -> (artifact id: '9915c0a0a08ad1460270bdcb2b037381') in 0.272706 seconds
Number of updated asset objects reloaded before import = 0
Number of asset objects unloaded after import = 2
========================================================================
Received Import Request.
  Time since last request: 0.000033 seconds.
  path: Assets/Assets/Laboratory/Scenes/Scene_Laboratory/Scene_Laboratory/Lightmap-2_comp_dir.png
  artifactKey: Guid(645331ceab2c2ff4588235f837ed9673) Importer(815301076,1909f56bfc062723c751e8b465ee728b)
Start importing Assets/Assets/Laboratory/Scenes/Scene_Laboratory/Scene_Laboratory/Lightmap-2_comp_dir.png using Guid(645331ceab2c2ff4588235f837ed9673) Importer(815301076,1909f56bfc062723c751e8b465ee728b)  -> (artifact id: '7c1ceda1642017b269940a5f8f7f7768') in 0.411353 seconds
Number of updated asset objects reloaded before import = 0
Number of asset objects unloaded after import = 2
========================================================================
Received Import Request.
  Time since last request: 0.000030 seconds.
  path: Assets/Assets/Laboratory/Scenes/Scene_Laboratory/Scene_Laboratory/Lightmap-3_comp_shadowmask.png
  artifactKey: Guid(69b4960c8220bd24fa76aaafa7c07fd6) Importer(815301076,1909f56bfc062723c751e8b465ee728b)
Start importing Assets/Assets/Laboratory/Scenes/Scene_Laboratory/Scene_Laboratory/Lightmap-3_comp_shadowmask.png using Guid(69b4960c8220bd24fa76aaafa7c07fd6) Importer(815301076,1909f56bfc062723c751e8b465ee728b)  -> (artifact id: 'da14727b05735c3461910ee209b757ec') in 0.552810 seconds
Number of updated asset objects reloaded before import = 0
Number of asset objects unloaded after import = 2
========================================================================
Received Import Request.
  Time since last request: 0.000032 seconds.
  path: Assets/Assets/Laboratory/Scenes/Scene_Laboratory/Scene_Laboratory/Lightmap-1_comp_light.exr
  artifactKey: Guid(1b78018ce590ee14e8ace7e2ab611c7f) Importer(815301076,1909f56bfc062723c751e8b465ee728b)
Start importing Assets/Assets/Laboratory/Scenes/Scene_Laboratory/Scene_Laboratory/Lightmap-1_comp_light.exr using Guid(1b78018ce590ee14e8ace7e2ab611c7f) Importer(815301076,1909f56bfc062723c751e8b465ee728b)  -> (artifact id: '1fda6c33e141ed0b7d1f76a2cd2a6364') in 0.205305 seconds
Number of updated asset objects reloaded before import = 0
Number of asset objects unloaded after import = 2
========================================================================
Received Import Request.
  Time since last request: 4.364829 seconds.
  path: Assets/Assets/Laboratory/Models/Props/Hardware/Monitor01/Materials/Monitor01_MaskMap.png
  artifactKey: Guid(f88f3dcc32a491548b932acec2aa94be) Importer(815301076,1909f56bfc062723c751e8b465ee728b)
Start importing Assets/Assets/Laboratory/Models/Props/Hardware/Monitor01/Materials/Monitor01_MaskMap.png using Guid(f88f3dcc32a491548b932acec2aa94be) Importer(815301076,1909f56bfc062723c751e8b465ee728b)  -> (artifact id: '7ec8dfbb788668d64ac9e0d3225388fe') in 0.222147 seconds
Number of updated asset objects reloaded before import = 0
Number of asset objects unloaded after import = 2
Editor requested this worker to shutdown with reason: Scaling down because of idle timeout
TcpMessagingSession - receive error: operation aborted. errorcode: 995, details: 스레드 종료 또는 응용 프로그램 요청 때문에 I/O 작업이 취소되었습니다.
AssetImportWorker is now disconnected from the server
Process exiting
Exiting without the bug reporter. Application will terminate with return code 0