Using pre-set license
Built from '2022.3/staging' branch; Version is '2022.3.8f1 (b5eafc012955) revision 11922172'; Using compiler version '192829333'; Build Type 'Release'
OS: 'Windows 10  (10.0.19045) 64bit Core' Language: 'ko' Physical Memory: 15724 MB
BatchMode: 1, IsHumanControllingUs: 0, StartBugReporterOnCrash: 0, Is64bit: 1, IsPro: 1

COMMAND LINE ARGUMENTS:
C:\Program Files\Unity\Hub\Editor\2022.3.8f1\Editor\Unity.exe
-adb2
-batchMode
-noUpm
-name
AssetImportWorker2
-projectPath
E:/Work/Result/Programming/Unity/GitHub/SemiConductor_Simul/SC Simul
-logFile
Logs/AssetImportWorker2.log
-srvPort
60038
Successfully changed project path to: E:/Work/Result/Programming/Unity/GitHub/SemiConductor_Simul/SC Simul
E:/Work/Result/Programming/Unity/GitHub/SemiConductor_Simul/SC Simul
[UnityMemory] Configuration Parameters - Can be set up in boot.config
    "memorysetup-bucket-allocator-granularity=16"
    "memorysetup-bucket-allocator-bucket-count=8"
    "memorysetup-bucket-allocator-block-size=33554432"
    "memorysetup-bucket-allocator-block-count=8"
    "memorysetup-main-allocator-block-size=16777216"
    "memorysetup-thread-allocator-block-size=16777216"
    "memorysetup-gfx-main-allocator-block-size=16777216"
    "memorysetup-gfx-thread-allocator-block-size=16777216"
    "memorysetup-cache-allocator-block-size=4194304"
    "memorysetup-typetree-allocator-block-size=2097152"
    "memorysetup-profiler-bucket-allocator-granularity=16"
    "memorysetup-profiler-bucket-allocator-bucket-count=8"
    "memorysetup-profiler-bucket-allocator-block-size=33554432"
    "memorysetup-profiler-bucket-allocator-block-count=8"
    "memorysetup-profiler-allocator-block-size=16777216"
    "memorysetup-profiler-editor-allocator-block-size=1048576"
    "memorysetup-temp-allocator-size-main=16777216"
    "memorysetup-job-temp-allocator-block-size=2097152"
    "memorysetup-job-temp-allocator-block-size-background=1048576"
    "memorysetup-job-temp-allocator-reduction-small-platforms=262144"
    "memorysetup-allocator-temp-initial-block-size-main=262144"
    "memorysetup-allocator-temp-initial-block-size-worker=262144"
    "memorysetup-temp-allocator-size-background-worker=32768"
    "memorysetup-temp-allocator-size-job-worker=262144"
    "memorysetup-temp-allocator-size-preload-manager=33554432"
    "memorysetup-temp-allocator-size-nav-mesh-worker=65536"
    "memorysetup-temp-allocator-size-audio-worker=65536"
    "memorysetup-temp-allocator-size-cloud-worker=32768"
    "memorysetup-temp-allocator-size-gi-baking-worker=262144"
    "memorysetup-temp-allocator-size-gfx=262144"
Player connection [23024] Host "[IP] 192.168.0.8 [Port] 0 [Flags] 2 [Guid] 581969397 [EditorId] 581969397 [Version] 1048832 [Id] WindowsEditor(7,DESKTOP-6P41P01) [Debug] 1 [PackageName] WindowsEditor [ProjectName] Editor" joined multi-casting on [225.0.0.222:54997]...

Player connection [23024] Host "[IP] 192.168.0.8 [Port] 0 [Flags] 2 [Guid] 581969397 [EditorId] 581969397 [Version] 1048832 [Id] WindowsEditor(7,DESKTOP-6P41P01) [Debug] 1 [PackageName] WindowsEditor [ProjectName] Editor" joined alternative multi-casting on [225.0.0.222:34997]...

[Physics::Module] Initialized MultithreadedJobDispatcher with 15 workers.
Refreshing native plugins compatible for Editor in 133.78 ms, found 4 plugins.
Preloading 0 native plugins for Editor in 0.00 ms.
Initialize engine version: 2022.3.8f1 (b5eafc012955)
[Subsystems] Discovering subsystems at path C:/Program Files/Unity/Hub/Editor/2022.3.8f1/Editor/Data/Resources/UnitySubsystems
[Subsystems] Discovering subsystems at path E:/Work/Result/Programming/Unity/GitHub/SemiConductor_Simul/SC Simul/Assets
GfxDevice: creating device client; threaded=0; jobified=0
Direct3D:
    Version:  Direct3D 11.0 [level 11.1]
    Renderer: NVIDIA GeForce RTX 3050 Ti Laptop GPU (ID=0x25a0)
    Vendor:   NVIDIA
    VRAM:     3976 MB
    Driver:   31.0.15.2824
Initialize mono
Mono path[0] = 'C:/Program Files/Unity/Hub/Editor/2022.3.8f1/Editor/Data/Managed'
Mono path[1] = 'C:/Program Files/Unity/Hub/Editor/2022.3.8f1/Editor/Data/MonoBleedingEdge/lib/mono/unityjit-win32'
Mono config path = 'C:/Program Files/Unity/Hub/Editor/2022.3.8f1/Editor/Data/MonoBleedingEdge/etc'
Using monoOptions --debugger-agent=transport=dt_socket,embedding=1,server=y,suspend=n,address=127.0.0.1:56328
Begin MonoManager ReloadAssembly
Registering precompiled unity dll's ...
Register platform support module: C:/Program Files/Unity/Hub/Editor/2022.3.8f1/Editor/Data/PlaybackEngines/AndroidPlayer/UnityEditor.Android.Extensions.dll
Register platform support module: C:/Program Files/Unity/Hub/Editor/2022.3.8f1/Editor/Data/PlaybackEngines/WindowsStandaloneSupport/UnityEditor.WindowsStandalone.Extensions.dll
Registered in 0.010052 seconds.
- Loaded All Assemblies, in  0.933 seconds
Native extension for WindowsStandalone target not found
Native extension for Android target not found
Android Extension - Scanning For ADB Devices 506 ms
Mono: successfully reloaded assembly
- Finished resetting the current domain, in  0.833 seconds
Domain Reload Profiling: 1765ms
	BeginReloadAssembly (109ms)
		ExecutionOrderSort (0ms)
		DisableScriptedObjects (0ms)
		BackupInstance (0ms)
		ReleaseScriptingObjects (0ms)
		CreateAndSetChildDomain (1ms)
	RebuildCommonClasses (209ms)
	RebuildNativeTypeToScriptingClass (9ms)
	initialDomainReloadingComplete (61ms)
	LoadAllAssembliesAndSetupDomain (544ms)
		LoadAssemblies (107ms)
		RebuildTransferFunctionScriptingTraits (0ms)
		AnalyzeDomain (542ms)
			TypeCache.Refresh (540ms)
				TypeCache.ScanAssembly (525ms)
			ScanForSourceGeneratedMonoScriptInfo (1ms)
			ResolveRequiredComponents (0ms)
	FinalizeReload (833ms)
		ReleaseScriptCaches (0ms)
		RebuildScriptCaches (0ms)
		SetupLoadedEditorAssemblies (776ms)
			LogAssemblyErrors (0ms)
			InitializePlatformSupportModulesInManaged (621ms)
			SetLoadedEditorAssemblies (4ms)
			RefreshPlugins (0ms)
			BeforeProcessingInitializeOnLoad (2ms)
			ProcessInitializeOnLoadAttributes (97ms)
			ProcessInitializeOnLoadMethodAttributes (52ms)
			AfterProcessingInitializeOnLoad (0ms)
			EditorAssembliesLoaded (0ms)
		ExecutionOrderSort2 (0ms)
		AwakeInstancesAfterBackupRestoration (0ms)
========================================================================
Worker process is ready to serve import requests
Begin MonoManager ReloadAssembly
- Loaded All Assemblies, in  0.789 seconds
Refreshing native plugins compatible for Editor in 1.95 ms, found 4 plugins.
Native extension for WindowsStandalone target not found
Native extension for Android target not found
Package Manager log level set to [2]
[Package Manager] Server::EnsureServerProcessIsRunning -- launch failed, reason: Unity was launched with the -noUpm command-line argument
[Package Manager] UpmClient::Send -- Unable to send message (not connected to UPM process).
[Package Manager] Cannot connect to Unity Package Manager local server
Mono: successfully reloaded assembly
- Finished resetting the current domain, in  0.585 seconds
Domain Reload Profiling: 1372ms
	BeginReloadAssembly (165ms)
		ExecutionOrderSort (0ms)
		DisableScriptedObjects (7ms)
		BackupInstance (0ms)
		ReleaseScriptingObjects (0ms)
		CreateAndSetChildDomain (26ms)
	RebuildCommonClasses (33ms)
	RebuildNativeTypeToScriptingClass (9ms)
	initialDomainReloadingComplete (43ms)
	LoadAllAssembliesAndSetupDomain (537ms)
		LoadAssemblies (315ms)
		RebuildTransferFunctionScriptingTraits (0ms)
		AnalyzeDomain (318ms)
			TypeCache.Refresh (300ms)
				TypeCache.ScanAssembly (240ms)
			ScanForSourceGeneratedMonoScriptInfo (13ms)
			ResolveRequiredComponents (3ms)
	FinalizeReload (585ms)
		ReleaseScriptCaches (0ms)
		RebuildScriptCaches (0ms)
		SetupLoadedEditorAssemblies (436ms)
			LogAssemblyErrors (0ms)
			InitializePlatformSupportModulesInManaged (28ms)
			SetLoadedEditorAssemblies (5ms)
			RefreshPlugins (0ms)
			BeforeProcessingInitializeOnLoad (65ms)
			ProcessInitializeOnLoadAttributes (308ms)
			ProcessInitializeOnLoadMethodAttributes (22ms)
			AfterProcessingInitializeOnLoad (8ms)
			EditorAssembliesLoaded (0ms)
		ExecutionOrderSort2 (0ms)
		AwakeInstancesAfterBackupRestoration (7ms)
Launched and connected shader compiler UnityShaderCompiler.exe after 0.08 seconds
Refreshing native plugins compatible for Editor in 2.31 ms, found 4 plugins.
Preloading 0 native plugins for Editor in 0.00 ms.
Unloading 3327 Unused Serialized files (Serialized files now loaded: 0)
Unloading 34 unused Assets / (58.0 KB). Loaded Objects now: 3795.
Memory consumption went from 204.2 MB to 204.1 MB.
Total: 4.400100 ms (FindLiveObjects: 0.344800 ms CreateObjectMapping: 0.357800 ms MarkObjects: 3.385900 ms  DeleteObjects: 0.309800 ms)

AssetImportParameters requested are different than current active one (requested -> active):
  custom:container-demuxer-ogg: 62fdf1f143b41e24485cea50d1cbac27 -> 
  custom:video-decoder-ogg-theora: a1e56fd34408186e4bbccfd4996cb3dc -> 
  custom:framework-win-MediaFoundation: 216162199b28c13a410421893ffa2e32 -> 
  custom:CustomObjectIndexerAttribute: 756ad292c208cfabdd7b50bc23989ffe -> 
  custom:container-demuxer-webm: 4f35f7cbe854078d1ac9338744f61a02 -> 
  custom:container-muxer-webm: aa71ff27fc2769a1b78a27578f13a17b -> 
  custom:video-decoder-webm-vp8: 9c59270c3fd7afecdb556c50c9e8de78 -> 
  custom:SearchIndexIgnoredProperties: e643bd26f0fe6173181afceb89e7c659 -> 
  custom:AudioImporter_EditorPlatform: d09bf68614088b80899f8185d706f6e7 -> 
  custom:video-encoder-webm-vp8: eb34c28f22e8b96e1ab97ce403110664 -> 
  custom:audio-decoder-ogg-vorbis: bf7c407c2cedff20999df2af8eb42d56 -> 
  custom:audio-encoder-webm-vorbis: bf7c407c2cedff20999df2af8eb42d56 -> 
========================================================================
Received Import Request.
  Time since last request: 178079.844119 seconds.
  path: Assets/Animations/Motion/gu_motion/button/gu_button.green.controller
  artifactKey: Guid(efb0ba0a630b451409dba0a91b39f5ca) Importer(815301076,1909f56bfc062723c751e8b465ee728b)
Start importing Assets/Animations/Motion/gu_motion/button/gu_button.green.controller using Guid(efb0ba0a630b451409dba0a91b39f5ca) Importer(815301076,1909f56bfc062723c751e8b465ee728b)  -> (artifact id: 'da6ec1a5cfd7658c8ebe90ea425623f1') in 0.010526 seconds
Number of updated asset objects reloaded before import = 0
Number of asset objects unloaded after import = 4
========================================================================
Received Import Request.
  Time since last request: 0.562854 seconds.
  path: Assets/Animations/Motion/gu_motion/button/gu_button.green.anim
  artifactKey: Guid(62a5dc7b1d3b3c047ac1ea460cd6648c) Importer(815301076,1909f56bfc062723c751e8b465ee728b)
Start importing Assets/Animations/Motion/gu_motion/button/gu_button.green.anim using Guid(62a5dc7b1d3b3c047ac1ea460cd6648c) Importer(815301076,1909f56bfc062723c751e8b465ee728b)  -> (artifact id: '87ede3501f6854eed7d5a18da2cba57e') in 0.001531 seconds
Number of updated asset objects reloaded before import = 0
Number of asset objects unloaded after import = 1
========================================================================
Received Import Request.
  Time since last request: 2.005429 seconds.
  path: Assets/Animations/Motion/gu_motion/button/Cube_002.controller
  artifactKey: Guid(2ecb406d6eaec4d438112fb3e12cf033) Importer(815301076,1909f56bfc062723c751e8b465ee728b)
Start importing Assets/Animations/Motion/gu_motion/button/Cube_002.controller using Guid(2ecb406d6eaec4d438112fb3e12cf033) Importer(815301076,1909f56bfc062723c751e8b465ee728b)  -> (artifact id: '21b5d24baae8386624a9d98e4996803d') in 0.001255 seconds
Number of updated asset objects reloaded before import = 0
Number of asset objects unloaded after import = 4
========================================================================
Received Import Request.
  Time since last request: 0.547524 seconds.
  path: Assets/Animations/Motion/gu_motion/button/changemask.controller
  artifactKey: Guid(78f606f711d6eac4f984d2a019024489) Importer(815301076,1909f56bfc062723c751e8b465ee728b)
Start importing Assets/Animations/Motion/gu_motion/button/changemask.controller using Guid(78f606f711d6eac4f984d2a019024489) Importer(815301076,1909f56bfc062723c751e8b465ee728b)  -> (artifact id: '7dbbef4809f255042a2a0be32d4ea3e6') in 0.001244 seconds
Number of updated asset objects reloaded before import = 0
Number of asset objects unloaded after import = 4
========================================================================
Received Import Request.
  Time since last request: 327.245522 seconds.
  path: Assets/Animations/Motion/gu_motion/spin
  artifactKey: Guid(f7de41d7697603442be91e50dfc2923e) Importer(815301076,1909f56bfc062723c751e8b465ee728b)
Start importing Assets/Animations/Motion/gu_motion/spin using Guid(f7de41d7697603442be91e50dfc2923e) Importer(815301076,1909f56bfc062723c751e8b465ee728b)  -> (artifact id: '2d25d33bebd6182855c0caa44455e1b2') in 0.000604 seconds
Number of updated asset objects reloaded before import = 0
Number of asset objects unloaded after import = 0
========================================================================
Received Import Request.
  Time since last request: 4.930308 seconds.
  path: Assets/Animations/Motion/gu_motion/sputter/sputte_door.controller
  artifactKey: Guid(c6c406435eb51284c8e1b5e1c5c3a9a5) Importer(815301076,1909f56bfc062723c751e8b465ee728b)
Start importing Assets/Animations/Motion/gu_motion/sputter/sputte_door.controller using Guid(c6c406435eb51284c8e1b5e1c5c3a9a5) Importer(815301076,1909f56bfc062723c751e8b465ee728b)  -> (artifact id: '9517970b3301764a328f9654963c7000') in 0.001402 seconds
Number of updated asset objects reloaded before import = 0
Number of asset objects unloaded after import = 4
========================================================================
Received Import Request.
  Time since last request: 2.852233 seconds.
  path: Assets/Animations/Motion/gu_motion/sputter/sputter_regulator_l1 1.controller
  artifactKey: Guid(2ac1552fb6b17134d865a32682ab3d6e) Importer(815301076,1909f56bfc062723c751e8b465ee728b)
Start importing Assets/Animations/Motion/gu_motion/sputter/sputter_regulator_l1 1.controller using Guid(2ac1552fb6b17134d865a32682ab3d6e) Importer(815301076,1909f56bfc062723c751e8b465ee728b)  -> (artifact id: 'c7d99bdfaf9a6979ab6191f181f3c525') in 0.001358 seconds
Number of updated asset objects reloaded before import = 0
Number of asset objects unloaded after import = 4
========================================================================
Received Import Request.
  Time since last request: 0.635858 seconds.
  path: Assets/Animations/Motion/gu_motion/sputter/sputter_regulator.controller
  artifactKey: Guid(ba44330ab32acc9429823531cae6c9cd) Importer(815301076,1909f56bfc062723c751e8b465ee728b)
Start importing Assets/Animations/Motion/gu_motion/sputter/sputter_regulator.controller using Guid(ba44330ab32acc9429823531cae6c9cd) Importer(815301076,1909f56bfc062723c751e8b465ee728b)  -> (artifact id: 'daa316630be0c47baa96c95598760865') in 0.001234 seconds
Number of updated asset objects reloaded before import = 0
Number of asset objects unloaded after import = 4
========================================================================
Received Import Request.
  Time since last request: 0.654166 seconds.
  path: Assets/Animations/Motion/gu_motion/sputter/sputter_regulator_l2.controller
  artifactKey: Guid(6904d19d1add0fe4b9b09957e1b253a9) Importer(815301076,1909f56bfc062723c751e8b465ee728b)
Start importing Assets/Animations/Motion/gu_motion/sputter/sputter_regulator_l2.controller using Guid(6904d19d1add0fe4b9b09957e1b253a9) Importer(815301076,1909f56bfc062723c751e8b465ee728b)  -> (artifact id: '6e543f7e791e22ec7b53a37b7e28a4c1') in 0.001086 seconds
Number of updated asset objects reloaded before import = 0
Number of asset objects unloaded after import = 2
========================================================================
Received Import Request.
  Time since last request: 14585.594138 seconds.
  path: Assets/Assets/DIY/Crystal.blend
  artifactKey: Guid(10b5f8e3aa9b1534c98508f9b5f8156b) Importer(815301076,1909f56bfc062723c751e8b465ee728b)
Start importing Assets/Assets/DIY/Crystal.blend using Guid(10b5f8e3aa9b1534c98508f9b5f8156b) Importer(815301076,1909f56bfc062723c751e8b465ee728b)  -> (artifact id: 'c86ee74a608d05c3f8afec63762690d3') in 0.313735 seconds
Number of updated asset objects reloaded before import = 0
Number of asset objects unloaded after import = 20
========================================================================
Received Import Request.
  Time since last request: 0.644468 seconds.
  path: Assets/Assets/DIY/Wafer.blend
  artifactKey: Guid(f8796bfc855cdb4488893f5b75e573db) Importer(815301076,1909f56bfc062723c751e8b465ee728b)
Start importing Assets/Assets/DIY/Wafer.blend using Guid(f8796bfc855cdb4488893f5b75e573db) Importer(815301076,1909f56bfc062723c751e8b465ee728b)  -> (artifact id: '50d34852f89d0f0cc3443a8be23619e6') in 0.021216 seconds
Number of updated asset objects reloaded before import = 0
Number of asset objects unloaded after import = 8
========================================================================
Received Import Request.
  Time since last request: 15.059668 seconds.
  path: Assets/Assets/DIY/TestPrefab.prefab
  artifactKey: Guid(cbea55932df7e9347bf5fedce681edf7) Importer(815301076,1909f56bfc062723c751e8b465ee728b)
Start importing Assets/Assets/DIY/TestPrefab.prefab using Guid(cbea55932df7e9347bf5fedce681edf7) Importer(815301076,1909f56bfc062723c751e8b465ee728b)  -> (artifact id: 'd6b0953da1cffbb1e4f3f6cadc53a47b') in 0.019634 seconds
Number of updated asset objects reloaded before import = 0
Number of asset objects unloaded after import = 7
========================================================================
Received Import Request.
  Time since last request: 62.913113 seconds.
  path: Assets/Assets/DIY/TestPrefab.prefab
  artifactKey: Guid(cbea55932df7e9347bf5fedce681edf7) Importer(815301076,1909f56bfc062723c751e8b465ee728b)
Start importing Assets/Assets/DIY/TestPrefab.prefab using Guid(cbea55932df7e9347bf5fedce681edf7) Importer(815301076,1909f56bfc062723c751e8b465ee728b)  -> (artifact id: '61ae56e3c322ba029ee76673a19d30b8') in 0.014724 seconds
Number of updated asset objects reloaded before import = 0
Number of asset objects unloaded after import = 7
========================================================================
Received Import Request.
  Time since last request: 1.767296 seconds.
  path: Assets/Assets/DIY/TestPrefab.prefab
  artifactKey: Guid(cbea55932df7e9347bf5fedce681edf7) Importer(815301076,1909f56bfc062723c751e8b465ee728b)
Start importing Assets/Assets/DIY/TestPrefab.prefab using Guid(cbea55932df7e9347bf5fedce681edf7) Importer(815301076,1909f56bfc062723c751e8b465ee728b)  -> (artifact id: '2279457372d7e197dc2f74ab10896c83') in 0.021581 seconds
Number of updated asset objects reloaded before import = 0
Number of asset objects unloaded after import = 7
========================================================================
Received Import Request.
  Time since last request: 63.686456 seconds.
  path: Assets/Assets/Laboratory/Prefabs/Furniture/Bench/Bench03b.prefab
  artifactKey: Guid(ff8475d7e30a8dc48bedae47265a60a7) Importer(815301076,1909f56bfc062723c751e8b465ee728b)
Start importing Assets/Assets/Laboratory/Prefabs/Furniture/Bench/Bench03b.prefab using Guid(ff8475d7e30a8dc48bedae47265a60a7) Importer(815301076,1909f56bfc062723c751e8b465ee728b)  -> (artifact id: '03d8568acc8da2f1dc5b639eb332d7d4') in 0.110729 seconds
Number of updated asset objects reloaded before import = 0
Number of asset objects unloaded after import = 66
========================================================================
Received Import Request.
  Time since last request: 0.000027 seconds.
  path: Assets/Assets/Laboratory/Models/Furniture/Cabinet/Cabinet01.fbx
  artifactKey: Guid(db97eb7f206853a409f639510008c317) Importer(815301076,1909f56bfc062723c751e8b465ee728b)
Start importing Assets/Assets/Laboratory/Models/Furniture/Cabinet/Cabinet01.fbx using Guid(db97eb7f206853a409f639510008c317) Importer(815301076,1909f56bfc062723c751e8b465ee728b)  -> (artifact id: '4552dc8fb854dead4e77740f9d5eb31f') in 0.057300 seconds
Number of updated asset objects reloaded before import = 0
Number of asset objects unloaded after import = 24
========================================================================
Received Import Request.
  Time since last request: 0.007775 seconds.
  path: Assets/Assets/Laboratory/Models/Furniture/Cabinet/Cabinet02b.fbx
  artifactKey: Guid(22f067c4586bb284a80511e0abc0ed94) Importer(815301076,1909f56bfc062723c751e8b465ee728b)
Start importing Assets/Assets/Laboratory/Models/Furniture/Cabinet/Cabinet02b.fbx using Guid(22f067c4586bb284a80511e0abc0ed94) Importer(815301076,1909f56bfc062723c751e8b465ee728b)  -> (artifact id: 'a5f5873dce9ddb27a97d6640d4ea58ae') in 0.056202 seconds
Number of updated asset objects reloaded before import = 0
Number of asset objects unloaded after import = 19
========================================================================
Received Import Request.
  Time since last request: 0.000254 seconds.
  path: Assets/Assets/Laboratory/Models/Architecture/CeilingGrid/CeilingGridPannelCenter.fbx
  artifactKey: Guid(187d022bc84473847912dc34c639583d) Importer(815301076,1909f56bfc062723c751e8b465ee728b)
Start importing Assets/Assets/Laboratory/Models/Architecture/CeilingGrid/CeilingGridPannelCenter.fbx using Guid(187d022bc84473847912dc34c639583d) Importer(815301076,1909f56bfc062723c751e8b465ee728b)  -> (artifact id: 'cc385a0cb256594ce0a0c9f4f706def8') in 0.042537 seconds
Number of updated asset objects reloaded before import = 0
Number of asset objects unloaded after import = 7
========================================================================
Received Import Request.
  Time since last request: 0.000029 seconds.
  path: Assets/Assets/Laboratory/Models/Furniture/Cabinet/Cabinet02.fbx
  artifactKey: Guid(aa955b6171a55f746b79655a9d376232) Importer(815301076,1909f56bfc062723c751e8b465ee728b)
Start importing Assets/Assets/Laboratory/Models/Furniture/Cabinet/Cabinet02.fbx using Guid(aa955b6171a55f746b79655a9d376232) Importer(815301076,1909f56bfc062723c751e8b465ee728b)  -> (artifact id: '69b9672c04e4178179c3a7871017160d') in 0.107776 seconds
Number of updated asset objects reloaded before import = 0
Number of asset objects unloaded after import = 14
========================================================================
Received Prepare
Begin MonoManager ReloadAssembly
- Loaded All Assemblies, in  1.982 seconds
Refreshing native plugins compatible for Editor in 2.31 ms, found 4 plugins.
Native extension for WindowsStandalone target not found
Native extension for Android target not found
[Package Manager] Server::EnsureServerProcessIsRunning -- launch failed, reason: Unity was launched with the -noUpm command-line argument
[Package Manager] UpmClient::Send -- Unable to send message (not connected to UPM process).
[Package Manager] Cannot connect to Unity Package Manager local server
Mono: successfully reloaded assembly
- Finished resetting the current domain, in  5.001 seconds
Domain Reload Profiling: 6981ms
	BeginReloadAssembly (220ms)
		ExecutionOrderSort (0ms)
		DisableScriptedObjects (4ms)
		BackupInstance (0ms)
		ReleaseScriptingObjects (0ms)
		CreateAndSetChildDomain (71ms)
	RebuildCommonClasses (37ms)
	RebuildNativeTypeToScriptingClass (12ms)
	initialDomainReloadingComplete (43ms)
	LoadAllAssembliesAndSetupDomain (1667ms)
		LoadAssemblies (1762ms)
		RebuildTransferFunctionScriptingTraits (0ms)
		AnalyzeDomain (16ms)
			TypeCache.Refresh (9ms)
				TypeCache.ScanAssembly (0ms)
			ScanForSourceGeneratedMonoScriptInfo (0ms)
			ResolveRequiredComponents (5ms)
	FinalizeReload (5002ms)
		ReleaseScriptCaches (0ms)
		RebuildScriptCaches (0ms)
		SetupLoadedEditorAssemblies (352ms)
			LogAssemblyErrors (0ms)
			InitializePlatformSupportModulesInManaged (24ms)
			SetLoadedEditorAssemblies (4ms)
			RefreshPlugins (0ms)
			BeforeProcessingInitializeOnLoad (59ms)
			ProcessInitializeOnLoadAttributes (236ms)
			ProcessInitializeOnLoadMethodAttributes (20ms)
			AfterProcessingInitializeOnLoad (7ms)
			EditorAssembliesLoaded (0ms)
		ExecutionOrderSort2 (0ms)
		AwakeInstancesAfterBackupRestoration (6ms)
Refreshing native plugins compatible for Editor in 2.15 ms, found 4 plugins.
Preloading 0 native plugins for Editor in 0.00 ms.
Unloading 3305 Unused Serialized files (Serialized files now loaded: 0)
Unloading 24 unused Assets / (31.3 KB). Loaded Objects now: 3843.
Memory consumption went from 198.9 MB to 198.9 MB.
Total: 3.629800 ms (FindLiveObjects: 0.291600 ms CreateObjectMapping: 0.084900 ms MarkObjects: 3.199800 ms  DeleteObjects: 0.052000 ms)

Prepare: number of updated asset objects reloaded= 0
AssetImportParameters requested are different than current active one (requested -> active):
  custom:container-demuxer-ogg: 62fdf1f143b41e24485cea50d1cbac27 -> 
  custom:video-decoder-ogg-theora: a1e56fd34408186e4bbccfd4996cb3dc -> 
  custom:framework-win-MediaFoundation: 216162199b28c13a410421893ffa2e32 -> 
  custom:CustomObjectIndexerAttribute: 756ad292c208cfabdd7b50bc23989ffe -> 
  custom:container-demuxer-webm: 4f35f7cbe854078d1ac9338744f61a02 -> 
  custom:container-muxer-webm: aa71ff27fc2769a1b78a27578f13a17b -> 
  custom:video-decoder-webm-vp8: 9c59270c3fd7afecdb556c50c9e8de78 -> 
  custom:SearchIndexIgnoredProperties: e643bd26f0fe6173181afceb89e7c659 -> 
  custom:AudioImporter_EditorPlatform: d09bf68614088b80899f8185d706f6e7 -> 
  custom:video-encoder-webm-vp8: eb34c28f22e8b96e1ab97ce403110664 -> 
  custom:audio-decoder-ogg-vorbis: bf7c407c2cedff20999df2af8eb42d56 -> 
  custom:audio-encoder-webm-vorbis: bf7c407c2cedff20999df2af8eb42d56 -> 
Editor requested this worker to shutdown with reason: Scaling down because of idle timeout
TcpMessagingSession - receive error: operation aborted. errorcode: 995, details: 스레드 종료 또는 응용 프로그램 요청 때문에 I/O 작업이 취소되었습니다.
AssetImportWorker is now disconnected from the server
Process exiting
Exiting without the bug reporter. Application will terminate with return code 0