Using pre-set license
Built from '2022.3/staging' branch; Version is '2022.3.8f1 (b5eafc012955) revision 11922172'; Using compiler version '192829333'; Build Type 'Release'
OS: 'Windows 10  (10.0.19045) 64bit Core' Language: 'ko' Physical Memory: 15724 MB
BatchMode: 1, IsHumanControllingUs: 0, StartBugReporterOnCrash: 0, Is64bit: 1, IsPro: 1

COMMAND LINE ARGUMENTS:
C:\Program Files\Unity\Hub\Editor\2022.3.8f1\Editor\Unity.exe
-adb2
-batchMode
-noUpm
-name
AssetImportWorker2
-projectPath
E:/Work/Result/Programming/Unity/GitHub/SemiConductor_Simul/SC Simul
-logFile
Logs/AssetImportWorker2.log
-srvPort
51717
Successfully changed project path to: E:/Work/Result/Programming/Unity/GitHub/SemiConductor_Simul/SC Simul
E:/Work/Result/Programming/Unity/GitHub/SemiConductor_Simul/SC Simul
[UnityMemory] Configuration Parameters - Can be set up in boot.config
    "memorysetup-bucket-allocator-granularity=16"
    "memorysetup-bucket-allocator-bucket-count=8"
    "memorysetup-bucket-allocator-block-size=33554432"
    "memorysetup-bucket-allocator-block-count=8"
    "memorysetup-main-allocator-block-size=16777216"
    "memorysetup-thread-allocator-block-size=16777216"
    "memorysetup-gfx-main-allocator-block-size=16777216"
    "memorysetup-gfx-thread-allocator-block-size=16777216"
    "memorysetup-cache-allocator-block-size=4194304"
    "memorysetup-typetree-allocator-block-size=2097152"
    "memorysetup-profiler-bucket-allocator-granularity=16"
    "memorysetup-profiler-bucket-allocator-bucket-count=8"
    "memorysetup-profiler-bucket-allocator-block-size=33554432"
    "memorysetup-profiler-bucket-allocator-block-count=8"
    "memorysetup-profiler-allocator-block-size=16777216"
    "memorysetup-profiler-editor-allocator-block-size=1048576"
    "memorysetup-temp-allocator-size-main=16777216"
    "memorysetup-job-temp-allocator-block-size=2097152"
    "memorysetup-job-temp-allocator-block-size-background=1048576"
    "memorysetup-job-temp-allocator-reduction-small-platforms=262144"
    "memorysetup-allocator-temp-initial-block-size-main=262144"
    "memorysetup-allocator-temp-initial-block-size-worker=262144"
    "memorysetup-temp-allocator-size-background-worker=32768"
    "memorysetup-temp-allocator-size-job-worker=262144"
    "memorysetup-temp-allocator-size-preload-manager=33554432"
    "memorysetup-temp-allocator-size-nav-mesh-worker=65536"
    "memorysetup-temp-allocator-size-audio-worker=65536"
    "memorysetup-temp-allocator-size-cloud-worker=32768"
    "memorysetup-temp-allocator-size-gi-baking-worker=262144"
    "memorysetup-temp-allocator-size-gfx=262144"
Player connection [10876] Host "[IP] 192.168.0.8 [Port] 0 [Flags] 2 [Guid] 3488343430 [EditorId] 3488343430 [Version] 1048832 [Id] WindowsEditor(7,DESKTOP-6P41P01) [Debug] 1 [PackageName] WindowsEditor [ProjectName] Editor" joined multi-casting on [225.0.0.222:54997]...

Player connection [10876] Host "[IP] 192.168.0.8 [Port] 0 [Flags] 2 [Guid] 3488343430 [EditorId] 3488343430 [Version] 1048832 [Id] WindowsEditor(7,DESKTOP-6P41P01) [Debug] 1 [PackageName] WindowsEditor [ProjectName] Editor" joined alternative multi-casting on [225.0.0.222:34997]...

[Physics::Module] Initialized MultithreadedJobDispatcher with 15 workers.
Refreshing native plugins compatible for Editor in 5.28 ms, found 4 plugins.
Preloading 0 native plugins for Editor in 0.00 ms.
Initialize engine version: 2022.3.8f1 (b5eafc012955)
[Subsystems] Discovering subsystems at path C:/Program Files/Unity/Hub/Editor/2022.3.8f1/Editor/Data/Resources/UnitySubsystems
[Subsystems] Discovering subsystems at path E:/Work/Result/Programming/Unity/GitHub/SemiConductor_Simul/SC Simul/Assets
GfxDevice: creating device client; threaded=0; jobified=0
Direct3D:
    Version:  Direct3D 11.0 [level 11.1]
    Renderer: NVIDIA GeForce RTX 3050 Ti Laptop GPU (ID=0x25a0)
    Vendor:   NVIDIA
    VRAM:     3976 MB
    Driver:   31.0.15.2824
Initialize mono
Mono path[0] = 'C:/Program Files/Unity/Hub/Editor/2022.3.8f1/Editor/Data/Managed'
Mono path[1] = 'C:/Program Files/Unity/Hub/Editor/2022.3.8f1/Editor/Data/MonoBleedingEdge/lib/mono/unityjit-win32'
Mono config path = 'C:/Program Files/Unity/Hub/Editor/2022.3.8f1/Editor/Data/MonoBleedingEdge/etc'
Using monoOptions --debugger-agent=transport=dt_socket,embedding=1,server=y,suspend=n,address=127.0.0.1:56736
Begin MonoManager ReloadAssembly
Registering precompiled unity dll's ...
Register platform support module: C:/Program Files/Unity/Hub/Editor/2022.3.8f1/Editor/Data/PlaybackEngines/AndroidPlayer/UnityEditor.Android.Extensions.dll
Register platform support module: C:/Program Files/Unity/Hub/Editor/2022.3.8f1/Editor/Data/PlaybackEngines/WindowsStandaloneSupport/UnityEditor.WindowsStandalone.Extensions.dll
Registered in 0.009778 seconds.
- Loaded All Assemblies, in  0.298 seconds
Native extension for WindowsStandalone target not found
Native extension for Android target not found
Android Extension - Scanning For ADB Devices 410 ms
Mono: successfully reloaded assembly
- Finished resetting the current domain, in  0.681 seconds
Domain Reload Profiling: 977ms
	BeginReloadAssembly (92ms)
		ExecutionOrderSort (0ms)
		DisableScriptedObjects (0ms)
		BackupInstance (0ms)
		ReleaseScriptingObjects (0ms)
		CreateAndSetChildDomain (1ms)
	RebuildCommonClasses (27ms)
	RebuildNativeTypeToScriptingClass (8ms)
	initialDomainReloadingComplete (52ms)
	LoadAllAssembliesAndSetupDomain (116ms)
		LoadAssemblies (91ms)
		RebuildTransferFunctionScriptingTraits (0ms)
		AnalyzeDomain (114ms)
			TypeCache.Refresh (112ms)
				TypeCache.ScanAssembly (101ms)
			ScanForSourceGeneratedMonoScriptInfo (0ms)
			ResolveRequiredComponents (0ms)
	FinalizeReload (681ms)
		ReleaseScriptCaches (0ms)
		RebuildScriptCaches (0ms)
		SetupLoadedEditorAssemblies (634ms)
			LogAssemblyErrors (0ms)
			InitializePlatformSupportModulesInManaged (503ms)
			SetLoadedEditorAssemblies (3ms)
			RefreshPlugins (0ms)
			BeforeProcessingInitializeOnLoad (2ms)
			ProcessInitializeOnLoadAttributes (78ms)
			ProcessInitializeOnLoadMethodAttributes (48ms)
			AfterProcessingInitializeOnLoad (0ms)
			EditorAssembliesLoaded (0ms)
		ExecutionOrderSort2 (0ms)
		AwakeInstancesAfterBackupRestoration (0ms)
========================================================================
Worker process is ready to serve import requests
Begin MonoManager ReloadAssembly
- Loaded All Assemblies, in  0.532 seconds
Refreshing native plugins compatible for Editor in 1.78 ms, found 4 plugins.
Native extension for WindowsStandalone target not found
Native extension for Android target not found
Package Manager log level set to [2]
[Package Manager] Server::EnsureServerProcessIsRunning -- launch failed, reason: Unity was launched with the -noUpm command-line argument
[Package Manager] UpmClient::Send -- Unable to send message (not connected to UPM process).
[Package Manager] Cannot connect to Unity Package Manager local server
Mono: successfully reloaded assembly
- Finished resetting the current domain, in  0.476 seconds
Domain Reload Profiling: 1007ms
	BeginReloadAssembly (134ms)
		ExecutionOrderSort (0ms)
		DisableScriptedObjects (4ms)
		BackupInstance (0ms)
		ReleaseScriptingObjects (0ms)
		CreateAndSetChildDomain (23ms)
	RebuildCommonClasses (26ms)
	RebuildNativeTypeToScriptingClass (9ms)
	initialDomainReloadingComplete (34ms)
	LoadAllAssembliesAndSetupDomain (327ms)
		LoadAssemblies (262ms)
		RebuildTransferFunctionScriptingTraits (0ms)
		AnalyzeDomain (142ms)
			TypeCache.Refresh (126ms)
				TypeCache.ScanAssembly (112ms)
			ScanForSourceGeneratedMonoScriptInfo (12ms)
			ResolveRequiredComponents (3ms)
	FinalizeReload (476ms)
		ReleaseScriptCaches (0ms)
		RebuildScriptCaches (0ms)
		SetupLoadedEditorAssemblies (354ms)
			LogAssemblyErrors (0ms)
			InitializePlatformSupportModulesInManaged (22ms)
			SetLoadedEditorAssemblies (4ms)
			RefreshPlugins (0ms)
			BeforeProcessingInitializeOnLoad (54ms)
			ProcessInitializeOnLoadAttributes (250ms)
			ProcessInitializeOnLoadMethodAttributes (17ms)
			AfterProcessingInitializeOnLoad (7ms)
			EditorAssembliesLoaded (0ms)
		ExecutionOrderSort2 (0ms)
		AwakeInstancesAfterBackupRestoration (5ms)
Launched and connected shader compiler UnityShaderCompiler.exe after 0.07 seconds
Refreshing native plugins compatible for Editor in 2.00 ms, found 4 plugins.
Preloading 0 native plugins for Editor in 0.00 ms.
Unloading 3322 Unused Serialized files (Serialized files now loaded: 0)
Unloading 34 unused Assets / (58.4 KB). Loaded Objects now: 3790.
Memory consumption went from 204.1 MB to 204.1 MB.
Total: 2.818700 ms (FindLiveObjects: 0.274700 ms CreateObjectMapping: 0.080200 ms MarkObjects: 2.363200 ms  DeleteObjects: 0.099600 ms)

AssetImportParameters requested are different than current active one (requested -> active):
  custom:container-demuxer-ogg: 62fdf1f143b41e24485cea50d1cbac27 -> 
  custom:video-decoder-ogg-theora: a1e56fd34408186e4bbccfd4996cb3dc -> 
  custom:framework-win-MediaFoundation: 216162199b28c13a410421893ffa2e32 -> 
  custom:CustomObjectIndexerAttribute: 756ad292c208cfabdd7b50bc23989ffe -> 
  custom:container-demuxer-webm: 4f35f7cbe854078d1ac9338744f61a02 -> 
  custom:container-muxer-webm: aa71ff27fc2769a1b78a27578f13a17b -> 
  custom:video-decoder-webm-vp8: 9c59270c3fd7afecdb556c50c9e8de78 -> 
  custom:SearchIndexIgnoredProperties: e643bd26f0fe6173181afceb89e7c659 -> 
  custom:AudioImporter_EditorPlatform: d09bf68614088b80899f8185d706f6e7 -> 
  custom:video-encoder-webm-vp8: eb34c28f22e8b96e1ab97ce403110664 -> 
  custom:audio-decoder-ogg-vorbis: bf7c407c2cedff20999df2af8eb42d56 -> 
  custom:audio-encoder-webm-vorbis: bf7c407c2cedff20999df2af8eb42d56 -> 
========================================================================
Received Import Request.
  Time since last request: 1762201.138676 seconds.
  path: Assets/Assets/audionfx.com_Air_Pressure_EVA/audionfx.com_Air_Pressure_Dry_15.wav
  artifactKey: Guid(db58fb279f28a44bcb08ebb9c95085b6) Importer(815301076,1909f56bfc062723c751e8b465ee728b)
Start importing Assets/Assets/audionfx.com_Air_Pressure_EVA/audionfx.com_Air_Pressure_Dry_15.wav using Guid(db58fb279f28a44bcb08ebb9c95085b6) Importer(815301076,1909f56bfc062723c751e8b465ee728b)  -> (artifact id: 'd537d63b2889a491e648b4a304c18456') in 0.078176 seconds
Number of updated asset objects reloaded before import = 0
Number of asset objects unloaded after import = 2
========================================================================
Received Import Request.
  Time since last request: 41.406193 seconds.
  path: Assets/Assets/audionfx.com_Air_Pressure_EVA/audionfx.com_Air_Pressure_Dry_18.wav
  artifactKey: Guid(ef9288241911e413c933cb2a15ec5d5f) Importer(815301076,1909f56bfc062723c751e8b465ee728b)
Start importing Assets/Assets/audionfx.com_Air_Pressure_EVA/audionfx.com_Air_Pressure_Dry_18.wav using Guid(ef9288241911e413c933cb2a15ec5d5f) Importer(815301076,1909f56bfc062723c751e8b465ee728b)  -> (artifact id: '5f008f2f8be692ea13148efef4756c4e') in 0.013746 seconds
Number of updated asset objects reloaded before import = 0
Number of asset objects unloaded after import = 2
========================================================================
Received Import Request.
  Time since last request: 40.534418 seconds.
  path: Assets/Assets/audionfx.com_Air_Pressure_EVA/audionfx.com_Air_Pressure_Wet_12.wav
  artifactKey: Guid(fb701e6d7e7d6454c8870351aecad1e2) Importer(815301076,1909f56bfc062723c751e8b465ee728b)
Start importing Assets/Assets/audionfx.com_Air_Pressure_EVA/audionfx.com_Air_Pressure_Wet_12.wav using Guid(fb701e6d7e7d6454c8870351aecad1e2) Importer(815301076,1909f56bfc062723c751e8b465ee728b)  -> (artifact id: 'e10537ad49d85c34fb4e926c45c29d4d') in 0.012464 seconds
Number of updated asset objects reloaded before import = 0
Number of asset objects unloaded after import = 2
========================================================================
Received Import Request.
  Time since last request: 0.011475 seconds.
  path: Assets/Assets/Organic_Liquid_and_Gas/Spray Paint 12.wav
  artifactKey: Guid(de0f4f7db0ede42099ee9534a6648fb9) Importer(815301076,1909f56bfc062723c751e8b465ee728b)
Start importing Assets/Assets/Organic_Liquid_and_Gas/Spray Paint 12.wav using Guid(de0f4f7db0ede42099ee9534a6648fb9) Importer(815301076,1909f56bfc062723c751e8b465ee728b)  -> (artifact id: '6d48dc62d4c22274a81b1cdcd097f568') in 0.015369 seconds
Number of updated asset objects reloaded before import = 0
Number of asset objects unloaded after import = 2
========================================================================
Received Import Request.
  Time since last request: 0.000017 seconds.
  path: Assets/Assets/Organic_Liquid_and_Gas/Vat of Liquid Hit 12 Tonal.wav
  artifactKey: Guid(c52496bab61004076b3f033a1ad840c5) Importer(815301076,1909f56bfc062723c751e8b465ee728b)
Start importing Assets/Assets/Organic_Liquid_and_Gas/Vat of Liquid Hit 12 Tonal.wav using Guid(c52496bab61004076b3f033a1ad840c5) Importer(815301076,1909f56bfc062723c751e8b465ee728b)  -> (artifact id: 'f98843fefaeff567fca8c6166cbe7fbc') in 0.014342 seconds
Number of updated asset objects reloaded before import = 0
Number of asset objects unloaded after import = 2
========================================================================
Received Import Request.
  Time since last request: 0.000023 seconds.
  path: Assets/Assets/Sci_Fi_Machinery/Sounds/SFM_012.wav
  artifactKey: Guid(1b77b782c43f9b34bbbefb84af6b825e) Importer(815301076,1909f56bfc062723c751e8b465ee728b)
Start importing Assets/Assets/Sci_Fi_Machinery/Sounds/SFM_012.wav using Guid(1b77b782c43f9b34bbbefb84af6b825e) Importer(815301076,1909f56bfc062723c751e8b465ee728b)  -> (artifact id: 'd14dd91f39cbd9aa7ebc74788b39665b') in 0.014625 seconds
Number of updated asset objects reloaded before import = 0
Number of asset objects unloaded after import = 2
========================================================================
Received Import Request.
  Time since last request: 7.273279 seconds.
  path: Assets/Assets/Organic_Liquid_and_Gas/Laundry Detergent Wet Hit 13.wav
  artifactKey: Guid(0b1c1c61209364acfa77b55e246fcd29) Importer(815301076,1909f56bfc062723c751e8b465ee728b)
Start importing Assets/Assets/Organic_Liquid_and_Gas/Laundry Detergent Wet Hit 13.wav using Guid(0b1c1c61209364acfa77b55e246fcd29) Importer(815301076,1909f56bfc062723c751e8b465ee728b)  -> (artifact id: '827eab03486d4463386e92f793629c3a') in 0.013033 seconds
Number of updated asset objects reloaded before import = 0
Number of asset objects unloaded after import = 2
========================================================================
Received Import Request.
  Time since last request: 0.000018 seconds.
  path: Assets/Assets/Organic_Liquid_and_Gas/Vat of Liquid Hit 13 Tonal.wav
  artifactKey: Guid(b987ced15f60e4da5adc6170fcb7094b) Importer(815301076,1909f56bfc062723c751e8b465ee728b)
Start importing Assets/Assets/Organic_Liquid_and_Gas/Vat of Liquid Hit 13 Tonal.wav using Guid(b987ced15f60e4da5adc6170fcb7094b) Importer(815301076,1909f56bfc062723c751e8b465ee728b)  -> (artifact id: '68d0c9bb2b72237f1531e433aeda0abb') in 0.013219 seconds
Number of updated asset objects reloaded before import = 0
Number of asset objects unloaded after import = 2
========================================================================
Received Import Request.
  Time since last request: 0.000018 seconds.
  path: Assets/Assets/Sci_Fi_Machinery/Loops/SFM_Loop_013.wav
  artifactKey: Guid(ed34f3dffb25294408fe7b7f34678d01) Importer(815301076,1909f56bfc062723c751e8b465ee728b)
Start importing Assets/Assets/Sci_Fi_Machinery/Loops/SFM_Loop_013.wav using Guid(ed34f3dffb25294408fe7b7f34678d01) Importer(815301076,1909f56bfc062723c751e8b465ee728b)  -> (artifact id: '03aa1d8e1637d4068e9e177adfa2a596') in 0.013546 seconds
Number of updated asset objects reloaded before import = 0
Number of asset objects unloaded after import = 2
========================================================================
Received Import Request.
  Time since last request: 24.923417 seconds.
  path: Assets/Assets/Sci_Fi_Machinery/Sounds/SFM_002.wav
  artifactKey: Guid(738eb9049f5f61f4f8e1d2ff32f2f2f7) Importer(815301076,1909f56bfc062723c751e8b465ee728b)
Start importing Assets/Assets/Sci_Fi_Machinery/Sounds/SFM_002.wav using Guid(738eb9049f5f61f4f8e1d2ff32f2f2f7) Importer(815301076,1909f56bfc062723c751e8b465ee728b)  -> (artifact id: 'a2c91ff7d99ba1f877a10395332f87b1') in 0.012481 seconds
Number of updated asset objects reloaded before import = 0
Number of asset objects unloaded after import = 2
========================================================================
Received Import Request.
  Time since last request: 0.011017 seconds.
  path: Assets/Assets/Sci_Fi_Machinery/Sounds/SFM_023.wav
  artifactKey: Guid(18eed44785c113c42ad6462a650ccacd) Importer(815301076,1909f56bfc062723c751e8b465ee728b)
Start importing Assets/Assets/Sci_Fi_Machinery/Sounds/SFM_023.wav using Guid(18eed44785c113c42ad6462a650ccacd) Importer(815301076,1909f56bfc062723c751e8b465ee728b)  -> (artifact id: 'c2c32c6857dcad05b260099fafc45890') in 0.014176 seconds
Number of updated asset objects reloaded before import = 0
Number of asset objects unloaded after import = 2
========================================================================
Received Import Request.
  Time since last request: 0.000023 seconds.
  path: Assets/Assets/Sci_Fi_Machinery/Sounds/SFM_029.wav
  artifactKey: Guid(575b47c420772c04c9eb75b6bd1bc111) Importer(815301076,1909f56bfc062723c751e8b465ee728b)
Start importing Assets/Assets/Sci_Fi_Machinery/Sounds/SFM_029.wav using Guid(575b47c420772c04c9eb75b6bd1bc111) Importer(815301076,1909f56bfc062723c751e8b465ee728b)  -> (artifact id: '2905093e954af4e62eb7d21abe2b2815') in 0.017631 seconds
Number of updated asset objects reloaded before import = 0
Number of asset objects unloaded after import = 2
========================================================================
Received Import Request.
  Time since last request: 0.000036 seconds.
  path: Assets/Assets/Sci_Fi_Machinery/Sounds/SFM_026.wav
  artifactKey: Guid(a20aed5d5d99eb6438fb8f34496deac5) Importer(815301076,1909f56bfc062723c751e8b465ee728b)
Start importing Assets/Assets/Sci_Fi_Machinery/Sounds/SFM_026.wav using Guid(a20aed5d5d99eb6438fb8f34496deac5) Importer(815301076,1909f56bfc062723c751e8b465ee728b)  -> (artifact id: '5b3f5d408bd130ac9107ae2017707df5') in 0.013713 seconds
Number of updated asset objects reloaded before import = 0
Number of asset objects unloaded after import = 2
========================================================================
Received Import Request.
  Time since last request: 0.000020 seconds.
  path: Assets/Assets/Sci_Fi_Machinery/Loops/SFM_Loop_020.wav
  artifactKey: Guid(0c18baeba2cb817418a78d0048fc366a) Importer(815301076,1909f56bfc062723c751e8b465ee728b)
Start importing Assets/Assets/Sci_Fi_Machinery/Loops/SFM_Loop_020.wav using Guid(0c18baeba2cb817418a78d0048fc366a) Importer(815301076,1909f56bfc062723c751e8b465ee728b)  -> (artifact id: 'e395be758f143e045186b6991b54c296') in 0.017275 seconds
Number of updated asset objects reloaded before import = 0
Number of asset objects unloaded after import = 2
Editor requested this worker to shutdown with reason: Scaling down because of idle timeout
TcpMessagingSession - receive error: operation aborted. errorcode: 995, details: 스레드 종료 또는 응용 프로그램 요청 때문에 I/O 작업이 취소되었습니다.
AssetImportWorker is now disconnected from the server
Process exiting
Exiting without the bug reporter. Application will terminate with return code 0